*cost: 0
para:  AD1 7e-13 ||  C1 6.029e-11 ||  LM1 5.69e-06 ||  WM1 5.3329e-05 || 
meas:  tphl= 0 || 
*cost: 6.94655e-310
para:  AD1 7e-13 ||  C1 8.527e-11 ||  LM1 5.69e-06 ||  WM1 5.3329e-05 || 
meas:  tphl= 6.94655e-310 || 
*cost: 6.94655e-310
para:  AD1 7e-13 ||  C1 6.029e-11 ||  LM1 8.18e-06 ||  WM1 5.3329e-05 || 
meas:  tphl= 6.94655e-310 || 
*cost: 6.94655e-310
para:  AD1 7e-13 ||  C1 6.029e-11 ||  LM1 5.69e-06 ||  WM1 7.8304e-05 || 
meas:  tphl= 6.94655e-310 || 
*cost: 6.94655e-310
para:  AD1 7e-13 ||  C1 3.532e-11 ||  LM1 5.69e-06 ||  WM1 5.3329e-05 || 
meas:  tphl= 6.94655e-310 || 
*cost: 6.94655e-310
para:  AD1 7e-13 ||  C1 6.029e-11 ||  LM1 3.19e-06 ||  WM1 5.3329e-05 || 
meas:  tphl= 6.94655e-310 || 
*cost: 6.94655e-310
para:  AD1 7e-13 ||  C1 6.029e-11 ||  LM1 5.69e-06 ||  WM1 2.8354e-05 || 
meas:  tphl= 6.94655e-310 || 
*cost: 6.94655e-310
para:  AD1 7e-13 ||  C1 6.054e-11 ||  LM1 5.69e-06 ||  WM1 5.3329e-05 || 
meas:  tphl= 6.94655e-310 || 
*cost: 6.94655e-310
para:  AD1 7e-13 ||  C1 6.029e-11 ||  LM1 5.71e-06 ||  WM1 5.3329e-05 || 
meas:  tphl= 6.94655e-310 || 
*cost: 6.94655e-310
para:  AD1 7e-13 ||  C1 6.029e-11 ||  LM1 5.69e-06 ||  WM1 5.3578e-05 || 
meas:  tphl= 6.94655e-310 || 
*cost: 6.94655e-310
para:  AD1 7e-13 ||  C1 6.027e-11 ||  LM1 5.69e-06 ||  WM1 5.3329e-05 || 
meas:  tphl= 6.94655e-310 || 
*cost: 6.94655e-310
para:  AD1 7e-13 ||  C1 6.029e-11 ||  LM1 5.68e-06 ||  WM1 5.3329e-05 || 
meas:  tphl= 6.94655e-310 || 
*cost: 6.94655e-310
para:  AD1 7e-13 ||  C1 6.029e-11 ||  LM1 5.69e-06 ||  WM1 5.3304e-05 || 
meas:  tphl= 6.94655e-310 || 
*cost: 0
para:  AD1 7e-13 ||  C1 6.03e-11 ||  LM1 5.69e-06 ||  WM1 5.3329e-05 || 
meas:  tphl= 0 || 
*cost: 0
para:  AD1 7e-13 ||  C1 6.029e-11 ||  LM1 5.69e-06 ||  WM1 5.3329e-05 || 
meas:  tphl= 0 || 
*cost: 0
para:  AD1 7e-13 ||  C1 6.029e-11 ||  LM1 5.69e-06 ||  WM1 5.3331e-05 || 
meas:  tphl= 0 || 
*cost: 0
para:  AD1 7e-13 ||  C1 6.029e-11 ||  LM1 5.69e-06 ||  WM1 5.3329e-05 || 
meas:  tphl= 0 || 
*cost: 0
para:  AD1 7e-13 ||  C1 6.029e-11 ||  LM1 5.69e-06 ||  WM1 5.3329e-05 || 
meas:  tphl= 0 || 
*cost: 0
para:  AD1 7e-13 ||  C1 6.029e-11 ||  LM1 5.69e-06 ||  WM1 5.3328e-05 || 
meas:  tphl= 0 || 
*cost: 0
para:  AD1 7e-13 ||  C1 6.029e-11 ||  LM1 5.69e-06 ||  WM1 5.3329e-05 || 
meas:  tphl= 0 || 
*cost: 0
para:  AD1 7e-13 ||  C1 6.029e-11 ||  LM1 5.69e-06 ||  WM1 5.3329e-05 || 
meas:  tphl= 0 || 
*cost: 0
para:  AD1 7e-13 ||  C1 6.029e-11 ||  LM1 5.69e-06 ||  WM1 5.3329e-05 || 
meas:  tphl= 0 || 
*cost: 0
para:  AD1 7e-13 ||  C1 6.029e-11 ||  LM1 5.69e-06 ||  WM1 5.3329e-05 || 
meas:  tphl= 0 || 
*cost: 0
para:  AD1 7e-13 ||  C1 6.029e-11 ||  LM1 5.69e-06 ||  WM1 5.3329e-05 || 
meas:  tphl= 0 || 
*cost: 0
para:  AD1 7e-13 ||  C1 6.029e-11 ||  LM1 5.69e-06 ||  WM1 5.3329e-05 || 
meas:  tphl= 0 || 
*cost: 0
para:  AD1 7e-13 ||  C1 6.029e-11 ||  LM1 5.69e-06 ||  WM1 5.3329e-05 || 
meas:  tphl= 0 || 
*cost: 6.94655e-310
para:  AD1 7e-13 ||  C1 6.211e-11 ||  LM1 3.56e-06 ||  WM1 6.3588e-05 || 
meas:  tphl= 6.94655e-310 || 
*cost: 6.94655e-310
para:  AD1 7e-13 ||  C1 8.708e-11 ||  LM1 3.56e-06 ||  WM1 6.3588e-05 || 
meas:  tphl= 6.94655e-310 || 
*cost: 6.94655e-310
para:  AD1 7e-13 ||  C1 6.211e-11 ||  LM1 6.06e-06 ||  WM1 6.3588e-05 || 
meas:  tphl= 6.94655e-310 || 
*cost: 6.94655e-310
para:  AD1 7e-13 ||  C1 6.211e-11 ||  LM1 3.56e-06 ||  WM1 8.8563e-05 || 
meas:  tphl= 6.94655e-310 || 
*cost: 6.94655e-310
para:  AD1 7e-13 ||  C1 3.713e-11 ||  LM1 3.56e-06 ||  WM1 6.3588e-05 || 
meas:  tphl= 6.94655e-310 || 
*cost: 6.94655e-310
para:  AD1 7e-13 ||  C1 6.211e-11 ||  LM1 1.06e-06 ||  WM1 6.3588e-05 || 
meas:  tphl= 6.94655e-310 || 
*cost: 6.94655e-310
para:  AD1 7e-13 ||  C1 6.211e-11 ||  LM1 3.56e-06 ||  WM1 3.8613e-05 || 
meas:  tphl= 6.94655e-310 || 
*cost: 6.94655e-310
para:  AD1 7e-13 ||  C1 6.236e-11 ||  LM1 3.56e-06 ||  WM1 6.3588e-05 || 
meas:  tphl= 6.94655e-310 || 
*cost: 6.94655e-310
para:  AD1 7e-13 ||  C1 6.211e-11 ||  LM1 3.59e-06 ||  WM1 6.3588e-05 || 
meas:  tphl= 6.94655e-310 || 
*cost: 6.94655e-310
para:  AD1 7e-13 ||  C1 6.211e-11 ||  LM1 3.56e-06 ||  WM1 6.3838e-05 || 
meas:  tphl= 6.94655e-310 || 
*cost: 6.94655e-310
para:  AD1 7e-13 ||  C1 6.208e-11 ||  LM1 3.56e-06 ||  WM1 6.3588e-05 || 
meas:  tphl= 6.94655e-310 || 
*cost: 6.94655e-310
para:  AD1 7e-13 ||  C1 6.211e-11 ||  LM1 3.56e-06 ||  WM1 6.3588e-05 || 
meas:  tphl= 6.94655e-310 || 
*cost: 6.94655e-310
para:  AD1 7e-13 ||  C1 6.211e-11 ||  LM1 3.56e-06 ||  WM1 6.3564e-05 || 
meas:  tphl= 6.94655e-310 || 
*cost: 6.94655e-310
para:  AD1 7e-13 ||  C1 6.211e-11 ||  LM1 3.56e-06 ||  WM1 6.3588e-05 || 
meas:  tphl= 6.94655e-310 || 
*cost: 6.94655e-310
para:  AD1 7e-13 ||  C1 6.211e-11 ||  LM1 3.56e-06 ||  WM1 6.3588e-05 || 
meas:  tphl= 6.94655e-310 || 
*cost: 6.94655e-310
para:  AD1 7e-13 ||  C1 6.211e-11 ||  LM1 3.56e-06 ||  WM1 6.3591e-05 || 
meas:  tphl= 6.94655e-310 || 
*cost: 6.94655e-310
para:  AD1 7e-13 ||  C1 6.211e-11 ||  LM1 3.56e-06 ||  WM1 6.3588e-05 || 
meas:  tphl= 6.94655e-310 || 
*cost: 0
para:  AD1 7e-13 ||  C1 6.211e-11 ||  LM1 3.56e-06 ||  WM1 6.3588e-05 || 
meas:  tphl= 0 || 
*cost: 0
para:  AD1 7e-13 ||  C1 6.211e-11 ||  LM1 3.56e-06 ||  WM1 6.3588e-05 || 
meas:  tphl= 0 || 
*cost: 0
para:  AD1 7e-13 ||  C1 6.211e-11 ||  LM1 3.56e-06 ||  WM1 6.3588e-05 || 
meas:  tphl= 0 || 
*cost: 0
para:  AD1 7e-13 ||  C1 6.211e-11 ||  LM1 3.56e-06 ||  WM1 6.3588e-05 || 
meas:  tphl= 0 || 
*cost: 0
para:  AD1 7e-13 ||  C1 6.211e-11 ||  LM1 3.56e-06 ||  WM1 6.3588e-05 || 
meas:  tphl= 0 || 
*cost: 0
para:  AD1 7e-13 ||  C1 6.211e-11 ||  LM1 3.56e-06 ||  WM1 6.3588e-05 || 
meas:  tphl= 0 || 
*cost: 0
para:  AD1 7e-13 ||  C1 6.211e-11 ||  LM1 3.56e-06 ||  WM1 6.3588e-05 || 
meas:  tphl= 0 || 
*cost: 0
para:  AD1 7e-13 ||  C1 6.211e-11 ||  LM1 3.56e-06 ||  WM1 6.3588e-05 || 
meas:  tphl= 0 || 
*cost: 0
para:  AD1 7e-13 ||  C1 6.211e-11 ||  LM1 3.56e-06 ||  WM1 6.3588e-05 || 
meas:  tphl= 0 || 
*cost: 0
para:  AD1 7e-13 ||  C1 6.97e-11 ||  LM1 4.37e-06 ||  WM1 4.8992e-05 || 
meas:  tphl= 0 || 
*cost: 0
para:  AD1 7e-13 ||  C1 9.468e-11 ||  LM1 4.37e-06 ||  WM1 4.8992e-05 || 
meas:  tphl= 0 || 
*cost: 0
para:  AD1 7e-13 ||  C1 6.97e-11 ||  LM1 6.87e-06 ||  WM1 4.8992e-05 || 
meas:  tphl= 0 || 
*cost: 0
para:  AD1 7e-13 ||  C1 6.97e-11 ||  LM1 4.37e-06 ||  WM1 7.3967e-05 || 
meas:  tphl= 0 || 
*cost: 0
para:  AD1 7e-13 ||  C1 4.473e-11 ||  LM1 4.37e-06 ||  WM1 4.8992e-05 || 
meas:  tphl= 0 || 
*cost: 0
para:  AD1 7e-13 ||  C1 6.97e-11 ||  LM1 1.87e-06 ||  WM1 4.8992e-05 || 
meas:  tphl= 0 || 
*cost: 0
para:  AD1 7e-13 ||  C1 6.97e-11 ||  LM1 4.37e-06 ||  WM1 2.4017e-05 || 
meas:  tphl= 0 || 
*cost: 0
para:  AD1 7e-13 ||  C1 6.995e-11 ||  LM1 4.37e-06 ||  WM1 4.8992e-05 || 
meas:  tphl= 0 || 
*cost: 0
para:  AD1 7e-13 ||  C1 6.97e-11 ||  LM1 4.4e-06 ||  WM1 4.8992e-05 || 
meas:  tphl= 0 || 
