-cost:1.658242E+05:    -vo_average:3.277792E+00: -peak_to_peak:1.584934E-01: peak_to_peak:1.584934E-01:     WA_P1:7.963063E-06:WA_P2:3.449063E-06:WA_P3:1.917289E-06:LA_P1:4.497452E-07:LA_P2:2.078738E-07:LA_P3:3.609076E-07:WA_N1:1.964187E-06:WA_N2:1.758522E-06:LA_N1:3.083236E-07:LA_N2:6.694631E-07:
-cost:1.658242E+05:    -vo_average:3.277792E+00: -peak_to_peak:1.584934E-01: peak_to_peak:1.584934E-01:     WA_P1:7.963063E-06:WA_P2:3.449063E-06:WA_P3:1.917289E-06:LA_P1:4.497452E-07:LA_P2:2.078738E-07:LA_P3:3.609076E-07:WA_N1:1.964187E-06:WA_N2:1.758522E-06:LA_N1:3.083236E-07:LA_N2:6.694631E-07:
-cost:4.731917E+04:    -vo_average:1.219488E+00: -peak_to_peak:5.715105E-02: peak_to_peak:5.715105E-02:     WA_P1:8.736864E-06:WA_P2:4.310950E-06:WA_P3:7.009339E-06:LA_P1:1.682820E-07:LA_P2:5.334474E-07:LA_P3:3.350590E-07:WA_N1:3.143406E-06:WA_N2:3.789913E-06:LA_N1:1.417604E-07:LA_N2:6.512068E-07:
-cost:4.731917E+04:    -vo_average:1.219488E+00: -peak_to_peak:5.715105E-02: peak_to_peak:5.715105E-02:     WA_P1:8.736864E-06:WA_P2:4.310950E-06:WA_P3:7.009339E-06:LA_P1:1.682820E-07:LA_P2:5.334474E-07:LA_P3:3.350590E-07:WA_N1:3.143406E-06:WA_N2:3.789913E-06:LA_N1:1.417604E-07:LA_N2:6.512068E-07:
-cost:8.403265E+04:    -vo_average:1.215404E+00: -peak_to_peak:9.389489E-02: peak_to_peak:9.389489E-02:     WA_P1:8.911541E-06:WA_P2:2.162504E-06:WA_P3:4.280882E-06:LA_P1:1.323377E-07:LA_P2:2.322100E-07:LA_P3:8.455616E-07:WA_N1:3.132093E-06:WA_N2:3.588894E-06:LA_N1:1.901079E-07:LA_N2:9.921618E-07:
-cost:8.403265E+04:    -vo_average:1.215404E+00: -peak_to_peak:9.389489E-02: peak_to_peak:9.389489E-02:     WA_P1:8.911541E-06:WA_P2:2.162504E-06:WA_P3:4.280882E-06:LA_P1:1.323377E-07:LA_P2:2.322100E-07:LA_P3:8.455616E-07:WA_N1:3.132093E-06:WA_N2:3.588894E-06:LA_N1:1.901079E-07:LA_N2:9.921618E-07:
-cost:1.750528E+04:    -vo_average:3.300633E+00: +peak_to_peak:5.414859E-07: peak_to_peak:5.414859E-07:     WA_P1:5.885166E-06:WA_P2:2.556343E-06:WA_P3:9.930620E-06:LA_P1:5.484990E-07:LA_P2:9.088661E-07:LA_P3:4.848244E-07:WA_N1:3.378243E-06:WA_N2:9.508251E-07:LA_N1:7.430253E-07:LA_N2:7.539386E-07:
-cost:1.750528E+04:    -vo_average:3.300633E+00: +peak_to_peak:5.414859E-07: peak_to_peak:5.414859E-07:     WA_P1:5.885166E-06:WA_P2:2.556343E-06:WA_P3:9.930620E-06:LA_P1:5.484990E-07:LA_P2:9.088661E-07:LA_P3:4.848244E-07:WA_N1:3.378243E-06:WA_N2:9.508251E-07:LA_N1:7.430253E-07:LA_N2:7.539386E-07:
-cost:2.297391E+04:    -vo_average:1.238135E+00: -peak_to_peak:3.265285E-02: peak_to_peak:3.265285E-02:     WA_P1:7.285706E-06:WA_P2:2.707106E-06:WA_P3:2.286168E-06:LA_P1:9.476110E-07:LA_P2:6.272814E-07:LA_P3:9.736338E-07:WA_N1:1.655792E-06:WA_N2:4.678444E-06:LA_N1:2.687822E-07:LA_N2:1.685978E-07:
-cost:2.297391E+04:    -vo_average:1.238135E+00: -peak_to_peak:3.265285E-02: peak_to_peak:3.265285E-02:     WA_P1:7.285706E-06:WA_P2:2.707106E-06:WA_P3:2.286168E-06:LA_P1:9.476110E-07:LA_P2:6.272814E-07:LA_P3:9.736338E-07:WA_N1:1.655792E-06:WA_N2:4.678444E-06:LA_N1:2.687822E-07:LA_N2:1.685978E-07:
-cost:1.750523E+04:    -vo_average:3.300627E+00: +peak_to_peak:3.934458E-07: peak_to_peak:3.934458E-07:     WA_P1:4.064279E-06:WA_P2:2.718603E-06:WA_P3:4.172120E-06:LA_P1:9.469055E-07:LA_P2:2.060243E-07:LA_P3:6.508486E-07:WA_N1:1.107999E-06:WA_N2:1.207649E-06:LA_N1:4.420759E-07:LA_N2:8.035530E-07:
-cost:1.750523E+04:    -vo_average:3.300627E+00: +peak_to_peak:3.934458E-07: peak_to_peak:3.934458E-07:     WA_P1:4.064279E-06:WA_P2:2.718603E-06:WA_P3:4.172120E-06:LA_P1:9.469055E-07:LA_P2:2.060243E-07:LA_P3:6.508486E-07:WA_N1:1.107999E-06:WA_N2:1.207649E-06:LA_N1:4.420759E-07:LA_N2:8.035530E-07:
-cost:1.750522E+04:    -vo_average:3.300626E+00: +peak_to_peak:3.952167E-07: peak_to_peak:3.952167E-07:     WA_P1:7.344645E-06:WA_P2:1.388772E-06:WA_P3:4.323607E-06:LA_P1:8.885132E-07:LA_P2:2.198743E-07:LA_P3:6.329248E-07:WA_N1:1.745603E-06:WA_N2:1.788419E-06:LA_N1:6.382898E-07:LA_N2:7.011973E-07:
-cost:1.750522E+04:    -vo_average:3.300626E+00: +peak_to_peak:3.952167E-07: peak_to_peak:3.952167E-07:     WA_P1:7.344645E-06:WA_P2:1.388772E-06:WA_P3:4.323607E-06:LA_P1:8.885132E-07:LA_P2:2.198743E-07:LA_P3:6.329248E-07:WA_N1:1.745603E-06:WA_N2:1.788419E-06:LA_N1:6.382898E-07:LA_N2:7.011973E-07:
-cost:9.518767E+05:    -vo_average:3.085005E+00: -peak_to_peak:9.460737E-01: peak_to_peak:9.460737E-01:     WA_P1:3.513112E-06:WA_P2:4.227393E-06:WA_P3:9.624029E-06:LA_P1:5.182032E-07:LA_P2:4.698972E-07:LA_P3:8.393318E-07:WA_N1:2.916445E-06:WA_N2:3.559049E-06:LA_N1:7.063237E-07:LA_N2:2.698255E-07:
-cost:9.518767E+05:    -vo_average:3.085005E+00: -peak_to_peak:9.460737E-01: peak_to_peak:9.460737E-01:     WA_P1:3.513112E-06:WA_P2:4.227393E-06:WA_P3:9.624029E-06:LA_P1:5.182032E-07:LA_P2:4.698972E-07:LA_P3:8.393318E-07:WA_N1:2.916445E-06:WA_N2:3.559049E-06:LA_N1:7.063237E-07:LA_N2:2.698255E-07:
-cost:1.750528E+04:    -vo_average:3.300633E+00: +peak_to_peak:4.001068E-07: peak_to_peak:4.001068E-07:     WA_P1:1.473011E-06:WA_P2:3.989145E-06:WA_P3:8.737301E-06:LA_P1:3.152804E-07:LA_P2:6.056815E-07:LA_P3:8.643097E-07:WA_N1:1.185626E-06:WA_N2:9.399012E-07:LA_N1:4.811765E-07:LA_N2:3.675335E-07:
-cost:1.750528E+04:    -vo_average:3.300633E+00: +peak_to_peak:4.001068E-07: peak_to_peak:4.001068E-07:     WA_P1:1.473011E-06:WA_P2:3.989145E-06:WA_P3:8.737301E-06:LA_P1:3.152804E-07:LA_P2:6.056815E-07:LA_P3:8.643097E-07:WA_N1:1.185626E-06:WA_N2:9.399012E-07:LA_N1:4.811765E-07:LA_N2:3.675335E-07:
-cost:1.750518E+04:    -vo_average:3.300622E+00: +peak_to_peak:4.228791E-07: peak_to_peak:4.228791E-07:     WA_P1:9.977194E-06:WA_P2:7.425323E-07:WA_P3:9.141919E-06:LA_P1:8.364280E-07:LA_P2:8.385451E-07:LA_P3:6.580850E-07:WA_N1:2.583513E-06:WA_N2:2.199718E-06:LA_N1:4.230998E-07:LA_N2:2.321221E-07:
-cost:1.750518E+04:    -vo_average:3.300622E+00: +peak_to_peak:4.228791E-07: peak_to_peak:4.228791E-07:     WA_P1:9.977194E-06:WA_P2:7.425323E-07:WA_P3:9.141919E-06:LA_P1:8.364280E-07:LA_P2:8.385451E-07:LA_P3:6.580850E-07:WA_N1:2.583513E-06:WA_N2:2.199718E-06:LA_N1:4.230998E-07:LA_N2:2.321221E-07:
-cost:2.155051E+06:    -vo_average:2.513476E+00: -peak_to_peak:2.153890E+00: peak_to_peak:2.153890E+00:     WA_P1:2.924403E-06:WA_P2:3.393227E-06:WA_P3:2.425297E-06:LA_P1:5.386881E-07:LA_P2:9.112213E-07:LA_P3:1.198146E-07:WA_N1:3.163067E-06:WA_N2:3.956173E-06:LA_N1:6.224018E-07:LA_N2:4.551540E-07:
-cost:2.155051E+06:    -vo_average:2.513476E+00: -peak_to_peak:2.153890E+00: peak_to_peak:2.153890E+00:     WA_P1:2.924403E-06:WA_P2:3.393227E-06:WA_P3:2.425297E-06:LA_P1:5.386881E-07:LA_P2:9.112213E-07:LA_P3:1.198146E-07:WA_N1:3.163067E-06:WA_N2:3.956173E-06:LA_N1:6.224018E-07:LA_N2:4.551540E-07:
-cost:1.305222E+06:    -vo_average:2.974645E+00: -peak_to_peak:1.300303E+00: peak_to_peak:1.300303E+00:     WA_P1:2.215751E-06:WA_P2:3.505658E-06:WA_P3:9.510991E-06:LA_P1:2.346003E-07:LA_P2:3.508446E-07:LA_P3:3.618734E-07:WA_N1:4.249760E-06:WA_N2:2.758919E-06:LA_N1:2.182277E-07:LA_N2:7.161267E-07:
-cost:1.305222E+06:    -vo_average:2.974645E+00: -peak_to_peak:1.300303E+00: peak_to_peak:1.300303E+00:     WA_P1:2.215751E-06:WA_P2:3.505658E-06:WA_P3:9.510991E-06:LA_P1:2.346003E-07:LA_P2:3.508446E-07:LA_P3:3.618734E-07:WA_N1:4.249760E-06:WA_N2:2.758919E-06:LA_N1:2.182277E-07:LA_N2:7.161267E-07:
-cost:1.750528E+04:    -vo_average:3.300633E+00: +peak_to_peak:3.968054E-07: peak_to_peak:3.968054E-07:     WA_P1:7.068811E-06:WA_P2:3.531374E-06:WA_P3:5.155775E-06:LA_P1:4.698226E-07:LA_P2:2.814224E-07:LA_P3:7.376522E-07:WA_N1:4.497100E-06:WA_N2:3.429155E-06:LA_N1:6.647227E-07:LA_N2:2.855769E-07:
-cost:1.750528E+04:    -vo_average:3.300633E+00: +peak_to_peak:3.968054E-07: peak_to_peak:3.968054E-07:     WA_P1:7.068811E-06:WA_P2:3.531374E-06:WA_P3:5.155775E-06:LA_P1:4.698226E-07:LA_P2:2.814224E-07:LA_P3:7.376522E-07:WA_N1:4.497100E-06:WA_N2:3.429155E-06:LA_N1:6.647227E-07:LA_N2:2.855769E-07:
-cost:1.976471E+06:    -vo_average:5.222456E-01: -peak_to_peak:1.980625E+00: peak_to_peak:1.980625E+00:     WA_P1:2.711123E-06:WA_P2:4.005142E-06:WA_P3:1.886978E-06:LA_P1:1.202763E-07:LA_P2:2.214764E-07:LA_P3:9.319496E-07:WA_N1:4.914058E-06:WA_N2:2.871044E-06:LA_N1:2.506698E-07:LA_N2:7.614337E-07:
-cost:1.976471E+06:    -vo_average:5.222456E-01: -peak_to_peak:1.980625E+00: peak_to_peak:1.980625E+00:     WA_P1:2.711123E-06:WA_P2:4.005142E-06:WA_P3:1.886978E-06:LA_P1:1.202763E-07:LA_P2:2.214764E-07:LA_P3:9.319496E-07:WA_N1:4.914058E-06:WA_N2:2.871044E-06:LA_N1:2.506698E-07:LA_N2:7.614337E-07:
-cost:1.750526E+04:    -vo_average:3.300631E+00: +peak_to_peak:5.289973E-07: peak_to_peak:5.289973E-07:     WA_P1:7.648361E-06:WA_P2:3.831946E-06:WA_P3:7.614307E-06:LA_P1:3.417399E-07:LA_P2:3.380707E-07:LA_P3:9.996161E-07:WA_N1:3.966819E-06:WA_N2:8.649111E-07:LA_N1:3.543467E-07:LA_N2:1.157683E-07:
-cost:1.750526E+04:    -vo_average:3.300631E+00: +peak_to_peak:5.289973E-07: peak_to_peak:5.289973E-07:     WA_P1:7.648361E-06:WA_P2:3.831946E-06:WA_P3:7.614307E-06:LA_P1:3.417399E-07:LA_P2:3.380707E-07:LA_P3:9.996161E-07:WA_N1:3.966819E-06:WA_N2:8.649111E-07:LA_N1:3.543467E-07:LA_N2:1.157683E-07:
-cost:4.219054E+05:    -vo_average:4.193380E-02: -peak_to_peak:4.222126E-01: peak_to_peak:4.222126E-01:     WA_P1:9.945869E-06:WA_P2:2.046152E-06:WA_P3:4.372955E-06:LA_P1:6.268416E-07:LA_P2:6.153616E-07:LA_P3:9.054168E-07:WA_N1:3.088321E-06:WA_N2:2.553285E-06:LA_N1:6.677582E-07:LA_N2:1.216623E-07:
-cost:4.219054E+05:    -vo_average:4.193380E-02: -peak_to_peak:4.222126E-01: peak_to_peak:4.222126E-01:     WA_P1:9.945869E-06:WA_P2:2.046152E-06:WA_P3:4.372955E-06:LA_P1:6.268416E-07:LA_P2:6.153616E-07:LA_P3:9.054168E-07:WA_N1:3.088321E-06:WA_N2:2.553285E-06:LA_N1:6.677582E-07:LA_N2:1.216623E-07:
-cost:2.037299E+06:    -vo_average:2.596712E+00: -peak_to_peak:2.035456E+00: peak_to_peak:2.035456E+00:     WA_P1:5.940341E-06:WA_P2:4.077881E-06:WA_P3:1.355427E-06:LA_P1:6.035045E-07:LA_P2:1.741927E-07:LA_P3:8.351690E-07:WA_N1:3.609034E-06:WA_N2:4.906667E-06:LA_N1:6.766050E-07:LA_N2:3.292047E-07:
-cost:2.037299E+06:    -vo_average:2.596712E+00: -peak_to_peak:2.035456E+00: peak_to_peak:2.035456E+00:     WA_P1:5.940341E-06:WA_P2:4.077881E-06:WA_P3:1.355427E-06:LA_P1:6.035045E-07:LA_P2:1.741927E-07:LA_P3:8.351690E-07:WA_N1:3.609034E-06:WA_N2:4.906667E-06:LA_N1:6.766050E-07:LA_N2:3.292047E-07:
-cost:2.214378E+06:    -vo_average:7.351136E-01: -peak_to_peak:2.220282E+00: peak_to_peak:2.220282E+00:     WA_P1:3.113605E-06:WA_P2:2.310110E-06:WA_P3:4.383994E-06:LA_P1:3.072789E-07:LA_P2:6.206910E-07:LA_P3:9.342058E-07:WA_N1:4.673594E-06:WA_N2:3.401382E-06:LA_N1:1.403773E-07:LA_N2:2.379378E-07:
-cost:2.214378E+06:    -vo_average:7.351136E-01: -peak_to_peak:2.220282E+00: peak_to_peak:2.220282E+00:     WA_P1:3.113605E-06:WA_P2:2.310110E-06:WA_P3:4.383994E-06:LA_P1:3.072789E-07:LA_P2:6.206910E-07:LA_P3:9.342058E-07:WA_N1:4.673594E-06:WA_N2:3.401382E-06:LA_N1:1.403773E-07:LA_N2:2.379378E-07:
-cost:1.750528E+04:    -vo_average:3.300633E+00: +peak_to_peak:4.116901E-07: peak_to_peak:4.116901E-07:     WA_P1:5.506084E-06:WA_P2:1.790138E-06:WA_P3:1.649230E-06:LA_P1:8.087103E-07:LA_P2:2.933517E-07:LA_P3:9.489636E-07:WA_N1:1.269627E-06:WA_N2:9.462936E-07:LA_N1:7.207176E-07:LA_N2:2.523985E-07:
-cost:1.750528E+04:    -vo_average:3.300633E+00: +peak_to_peak:4.116901E-07: peak_to_peak:4.116901E-07:     WA_P1:5.506084E-06:WA_P2:1.790138E-06:WA_P3:1.649230E-06:LA_P1:8.087103E-07:LA_P2:2.933517E-07:LA_P3:9.489636E-07:WA_N1:1.269627E-06:WA_N2:9.462936E-07:LA_N1:7.207176E-07:LA_N2:2.523985E-07:
-cost:1.393879E+06:    -vo_average:2.778044E-01: -peak_to_peak:1.396054E+00: peak_to_peak:1.396054E+00:     WA_P1:8.971797E-06:WA_P2:3.574787E-06:WA_P3:8.148526E-06:LA_P1:2.131422E-07:LA_P2:4.670463E-07:LA_P3:5.478822E-07:WA_N1:3.344001E-06:WA_N2:4.374161E-06:LA_N1:9.835681E-07:LA_N2:6.666774E-07:
-cost:1.393879E+06:    -vo_average:2.778044E-01: -peak_to_peak:1.396054E+00: peak_to_peak:1.396054E+00:     WA_P1:8.971797E-06:WA_P2:3.574787E-06:WA_P3:8.148526E-06:LA_P1:2.131422E-07:LA_P2:4.670463E-07:LA_P3:5.478822E-07:WA_N1:3.344001E-06:WA_N2:4.374161E-06:LA_N1:9.835681E-07:LA_N2:6.666774E-07:
-cost:1.750520E+04:    -vo_average:3.300624E+00: +peak_to_peak:3.996511E-07: peak_to_peak:3.996511E-07:     WA_P1:1.989100E-06:WA_P2:4.640492E-06:WA_P3:5.147154E-06:LA_P1:7.446236E-07:LA_P2:7.841703E-07:LA_P3:9.514598E-07:WA_N1:3.543349E-06:WA_N2:3.441295E-06:LA_N1:7.586921E-07:LA_N2:5.399571E-07:
-cost:1.750520E+04:    -vo_average:3.300624E+00: +peak_to_peak:3.996511E-07: peak_to_peak:3.996511E-07:     WA_P1:1.989100E-06:WA_P2:4.640492E-06:WA_P3:5.147154E-06:LA_P1:7.446236E-07:LA_P2:7.841703E-07:LA_P3:9.514598E-07:WA_N1:3.543349E-06:WA_N2:3.441295E-06:LA_N1:7.586921E-07:LA_N2:5.399571E-07:
-cost:1.750528E+04:    -vo_average:3.300633E+00: +peak_to_peak:5.391900E-07: peak_to_peak:5.391900E-07:     WA_P1:4.854240E-06:WA_P2:4.282081E-06:WA_P3:4.458261E-06:LA_P1:9.449666E-07:LA_P2:2.256142E-07:LA_P3:1.905833E-07:WA_N1:3.887335E-06:WA_N2:1.068469E-06:LA_N1:4.092132E-07:LA_N2:9.587969E-07:
-cost:1.750528E+04:    -vo_average:3.300633E+00: +peak_to_peak:5.391900E-07: peak_to_peak:5.391900E-07:     WA_P1:4.854240E-06:WA_P2:4.282081E-06:WA_P3:4.458261E-06:LA_P1:9.449666E-07:LA_P2:2.256142E-07:LA_P3:1.905833E-07:WA_N1:3.887335E-06:WA_N2:1.068469E-06:LA_N1:4.092132E-07:LA_N2:9.587969E-07:
-cost:3.812356E+04:    -vo_average:1.220921E+00: -peak_to_peak:4.794442E-02: peak_to_peak:4.794442E-02:     WA_P1:7.820417E-06:WA_P2:2.819979E-06:WA_P3:6.123288E-06:LA_P1:4.481063E-07:LA_P2:8.525859E-07:LA_P3:9.916955E-07:WA_N1:1.016537E-06:WA_N2:3.457780E-06:LA_N1:9.918867E-07:LA_N2:6.171356E-07:
-cost:3.812356E+04:    -vo_average:1.220921E+00: -peak_to_peak:4.794442E-02: peak_to_peak:4.794442E-02:     WA_P1:7.820417E-06:WA_P2:2.819979E-06:WA_P3:6.123288E-06:LA_P1:4.481063E-07:LA_P2:8.525859E-07:LA_P3:9.916955E-07:WA_N1:1.016537E-06:WA_N2:3.457780E-06:LA_N1:9.918867E-07:LA_N2:6.171356E-07:
-cost:1.750024E+04:    -vo_average:3.299917E+00: +peak_to_peak:9.358644E-03: peak_to_peak:9.358644E-03:     WA_P1:6.729192E-06:WA_P2:3.906787E-06:WA_P3:2.830228E-06:LA_P1:5.411247E-07:LA_P2:6.021973E-07:LA_P3:6.629087E-07:WA_N1:1.124109E-06:WA_N2:6.553375E-07:LA_N1:1.449338E-07:LA_N2:2.897287E-07:
-cost:1.750024E+04:    -vo_average:3.299917E+00: +peak_to_peak:9.358644E-03: peak_to_peak:9.358644E-03:     WA_P1:6.729192E-06:WA_P2:3.906787E-06:WA_P3:2.830228E-06:LA_P1:5.411247E-07:LA_P2:6.021973E-07:LA_P3:6.629087E-07:WA_N1:1.124109E-06:WA_N2:6.553375E-07:LA_N1:1.449338E-07:LA_N2:2.897287E-07:
-cost:1.750528E+04:    -vo_average:3.300633E+00: +peak_to_peak:4.372137E-07: peak_to_peak:4.372137E-07:     WA_P1:4.272895E-06:WA_P2:2.892419E-06:WA_P3:5.062161E-06:LA_P1:4.591163E-07:LA_P2:4.043302E-07:LA_P3:2.064176E-07:WA_N1:3.770102E-06:WA_N2:1.823232E-06:LA_N1:7.663184E-07:LA_N2:6.356094E-07:
-cost:1.750528E+04:    -vo_average:3.300633E+00: +peak_to_peak:4.372137E-07: peak_to_peak:4.372137E-07:     WA_P1:4.272895E-06:WA_P2:2.892419E-06:WA_P3:5.062161E-06:LA_P1:4.591163E-07:LA_P2:4.043302E-07:LA_P3:2.064176E-07:WA_N1:3.770102E-06:WA_N2:1.823232E-06:LA_N1:7.663184E-07:LA_N2:6.356094E-07:
-cost:2.498585E+06:    -vo_average:1.001241E+00: -peak_to_peak:2.506678E+00: peak_to_peak:2.506678E+00:     WA_P1:8.243369E-06:WA_P2:7.413824E-07:WA_P3:5.466518E-06:LA_P1:5.587769E-07:LA_P2:8.409924E-07:LA_P3:7.201016E-07:WA_N1:3.415890E-06:WA_N2:3.834758E-06:LA_N1:3.054665E-07:LA_N2:2.164340E-07:
-cost:2.498585E+06:    -vo_average:1.001241E+00: -peak_to_peak:2.506678E+00: peak_to_peak:2.506678E+00:     WA_P1:8.243369E-06:WA_P2:7.413824E-07:WA_P3:5.466518E-06:LA_P1:5.587769E-07:LA_P2:8.409924E-07:LA_P3:7.201016E-07:WA_N1:3.415890E-06:WA_N2:3.834758E-06:LA_N1:3.054665E-07:LA_N2:2.164340E-07:
-cost:9.251626E+04:    -vo_average:3.289667E+00: -peak_to_peak:8.509386E-02: peak_to_peak:8.509386E-02:     WA_P1:5.586828E-06:WA_P2:3.069948E-06:WA_P3:8.624461E-06:LA_P1:2.668053E-07:LA_P2:8.357524E-07:LA_P3:1.837197E-07:WA_N1:2.234198E-06:WA_N2:1.963498E-06:LA_N1:4.420455E-07:LA_N2:5.050978E-07:
-cost:9.251626E+04:    -vo_average:3.289667E+00: -peak_to_peak:8.509386E-02: peak_to_peak:8.509386E-02:     WA_P1:5.586828E-06:WA_P2:3.069948E-06:WA_P3:8.624461E-06:LA_P1:2.668053E-07:LA_P2:8.357524E-07:LA_P3:1.837197E-07:WA_N1:2.234198E-06:WA_N2:1.963498E-06:LA_N1:4.420455E-07:LA_N2:5.050978E-07:
-cost:1.503926E+06:    -vo_average:3.035751E-01: -peak_to_peak:1.506305E+00: peak_to_peak:1.506305E+00:     WA_P1:8.873748E-06:WA_P2:3.303915E-06:WA_P3:8.069984E-06:LA_P1:5.645440E-07:LA_P2:7.515674E-07:LA_P3:6.592506E-07:WA_N1:2.103330E-06:WA_N2:4.360636E-06:LA_N1:6.414461E-07:LA_N2:7.571609E-07:
-cost:1.503926E+06:    -vo_average:3.035751E-01: -peak_to_peak:1.506305E+00: peak_to_peak:1.506305E+00:     WA_P1:8.873748E-06:WA_P2:3.303915E-06:WA_P3:8.069984E-06:LA_P1:5.645440E-07:LA_P2:7.515674E-07:LA_P3:6.592506E-07:WA_N1:2.103330E-06:WA_N2:4.360636E-06:LA_N1:6.414461E-07:LA_N2:7.571609E-07:
-cost:1.750516E+04:    -vo_average:3.300619E+00: +peak_to_peak:3.892294E-07: peak_to_peak:3.892294E-07:     WA_P1:7.681401E-06:WA_P2:4.415092E-06:WA_P3:9.829141E-06:LA_P1:1.950621E-07:LA_P2:4.439302E-07:LA_P3:8.959624E-07:WA_N1:2.975859E-06:WA_N2:2.231455E-06:LA_N1:4.494587E-07:LA_N2:9.202084E-07:
-cost:1.750516E+04:    -vo_average:3.300619E+00: +peak_to_peak:3.892294E-07: peak_to_peak:3.892294E-07:     WA_P1:7.681401E-06:WA_P2:4.415092E-06:WA_P3:9.829141E-06:LA_P1:1.950621E-07:LA_P2:4.439302E-07:LA_P3:8.959624E-07:WA_N1:2.975859E-06:WA_N2:2.231455E-06:LA_N1:4.494587E-07:LA_N2:9.202084E-07:
-cost:1.750528E+04:    -vo_average:3.300633E+00: +peak_to_peak:3.884874E-07: peak_to_peak:3.884874E-07:     WA_P1:7.481780E-06:WA_P2:7.996227E-07:WA_P3:7.308413E-06:LA_P1:5.084267E-07:LA_P2:1.210944E-07:LA_P3:5.885857E-07:WA_N1:3.126278E-06:WA_N2:1.775736E-06:LA_N1:2.920609E-07:LA_N2:9.670064E-07:
-cost:1.750528E+04:    -vo_average:3.300633E+00: +peak_to_peak:3.884874E-07: peak_to_peak:3.884874E-07:     WA_P1:7.481780E-06:WA_P2:7.996227E-07:WA_P3:7.308413E-06:LA_P1:5.084267E-07:LA_P2:1.210944E-07:LA_P3:5.885857E-07:WA_N1:3.126278E-06:WA_N2:1.775736E-06:LA_N1:2.920609E-07:LA_N2:9.670064E-07:
-cost:2.545685E+04:    -vo_average:1.245076E+00: -peak_to_peak:3.507771E-02: peak_to_peak:3.507771E-02:     WA_P1:7.483972E-06:WA_P2:5.234285E-07:WA_P3:5.824131E-06:LA_P1:3.371805E-07:LA_P2:5.474511E-07:LA_P3:8.563380E-07:WA_N1:1.133050E-06:WA_N2:2.096670E-06:LA_N1:1.102265E-07:LA_N2:1.862694E-07:
-cost:2.545685E+04:    -vo_average:1.245076E+00: -peak_to_peak:3.507771E-02: peak_to_peak:3.507771E-02:     WA_P1:7.483972E-06:WA_P2:5.234285E-07:WA_P3:5.824131E-06:LA_P1:3.371805E-07:LA_P2:5.474511E-07:LA_P3:8.563380E-07:WA_N1:1.133050E-06:WA_N2:2.096670E-06:LA_N1:1.102265E-07:LA_N2:1.862694E-07:
-cost:2.437503E+06:    -vo_average:8.074500E-01: -peak_to_peak:2.443987E+00: peak_to_peak:2.443987E+00:     WA_P1:2.953849E-06:WA_P2:1.404724E-06:WA_P3:4.268159E-06:LA_P1:9.742918E-07:LA_P2:6.273661E-07:LA_P3:8.933376E-07:WA_N1:3.527744E-06:WA_N2:4.156010E-06:LA_N1:2.625000E-07:LA_N2:7.668949E-07:
-cost:2.437503E+06:    -vo_average:8.074500E-01: -peak_to_peak:2.443987E+00: peak_to_peak:2.443987E+00:     WA_P1:2.953849E-06:WA_P2:1.404724E-06:WA_P3:4.268159E-06:LA_P1:9.742918E-07:LA_P2:6.273661E-07:LA_P3:8.933376E-07:WA_N1:3.527744E-06:WA_N2:4.156010E-06:LA_N1:2.625000E-07:LA_N2:7.668949E-07:
-cost:1.750528E+04:    -vo_average:3.300633E+00: +peak_to_peak:5.221262E-07: peak_to_peak:5.221262E-07:     WA_P1:3.200873E-06:WA_P2:4.678876E-06:WA_P3:4.908417E-06:LA_P1:8.812140E-07:LA_P2:2.818650E-07:LA_P3:9.003933E-07:WA_N1:3.653620E-06:WA_N2:7.996222E-07:LA_N1:3.420123E-07:LA_N2:1.141126E-07:
-cost:1.750528E+04:    -vo_average:3.300633E+00: +peak_to_peak:5.221262E-07: peak_to_peak:5.221262E-07:     WA_P1:3.200873E-06:WA_P2:4.678876E-06:WA_P3:4.908417E-06:LA_P1:8.812140E-07:LA_P2:2.818650E-07:LA_P3:9.003933E-07:WA_N1:3.653620E-06:WA_N2:7.996222E-07:LA_N1:3.420123E-07:LA_N2:1.141126E-07:
-cost:1.750528E+04:    -vo_average:3.300633E+00: +peak_to_peak:3.860780E-07: peak_to_peak:3.860780E-07:     WA_P1:4.503269E-06:WA_P2:6.273516E-07:WA_P3:2.737928E-06:LA_P1:7.404615E-07:LA_P2:5.402744E-07:LA_P3:4.598802E-07:WA_N1:9.992513E-07:WA_N2:1.045424E-06:LA_N1:7.868071E-07:LA_N2:8.402523E-07:
-cost:1.750528E+04:    -vo_average:3.300633E+00: +peak_to_peak:3.860780E-07: peak_to_peak:3.860780E-07:     WA_P1:4.503269E-06:WA_P2:6.273516E-07:WA_P3:2.737928E-06:LA_P1:7.404615E-07:LA_P2:5.402744E-07:LA_P3:4.598802E-07:WA_N1:9.992513E-07:WA_N2:1.045424E-06:LA_N1:7.868071E-07:LA_N2:8.402523E-07:
-cost:2.199520E+06:    -vo_average:7.316794E-01: -peak_to_peak:2.205397E+00: peak_to_peak:2.205397E+00:     WA_P1:6.926792E-06:WA_P2:2.850277E-06:WA_P3:9.418011E-06:LA_P1:9.749343E-07:LA_P2:5.573416E-07:LA_P3:2.874747E-07:WA_N1:2.970553E-06:WA_N2:3.222726E-06:LA_N1:2.598781E-07:LA_N2:2.609168E-07:
-cost:2.199520E+06:    -vo_average:7.316794E-01: -peak_to_peak:2.205397E+00: peak_to_peak:2.205397E+00:     WA_P1:6.926792E-06:WA_P2:2.850277E-06:WA_P3:9.418011E-06:LA_P1:9.749343E-07:LA_P2:5.573416E-07:LA_P3:2.874747E-07:WA_N1:2.970553E-06:WA_N2:3.222726E-06:LA_N1:2.598781E-07:LA_N2:2.609168E-07:
-cost:1.157271E+06:    +vo_average:1.207792E+00: -peak_to_peak:1.167154E+00: peak_to_peak:1.167154E+00:     WA_P1:7.753006E-06:WA_P2:4.105462E-06:WA_P3:7.576967E-06:LA_P1:3.734601E-07:LA_P2:6.493922E-07:LA_P3:9.764340E-07:WA_N1:2.854296E-06:WA_N2:2.853831E-06:LA_N1:8.964409E-07:LA_N2:1.270468E-07:
-cost:1.157271E+06:    +vo_average:1.207792E+00: -peak_to_peak:1.167154E+00: peak_to_peak:1.167154E+00:     WA_P1:7.753006E-06:WA_P2:4.105462E-06:WA_P3:7.576967E-06:LA_P1:3.734601E-07:LA_P2:6.493922E-07:LA_P3:9.764340E-07:WA_N1:2.854296E-06:WA_N2:2.853831E-06:LA_N1:8.964409E-07:LA_N2:1.270468E-07:
-cost:1.251286E+06:    -vo_average:2.990003E+00: -peak_to_peak:1.246245E+00: peak_to_peak:1.246245E+00:     WA_P1:7.160310E-06:WA_P2:1.330367E-06:WA_P3:2.794570E-06:LA_P1:5.533412E-07:LA_P2:6.219292E-07:LA_P3:1.503220E-07:WA_N1:4.982587E-06:WA_N2:3.381128E-06:LA_N1:2.170906E-07:LA_N2:6.579284E-07:
-cost:1.251286E+06:    -vo_average:2.990003E+00: -peak_to_peak:1.246245E+00: peak_to_peak:1.246245E+00:     WA_P1:7.160310E-06:WA_P2:1.330367E-06:WA_P3:2.794570E-06:LA_P1:5.533412E-07:LA_P2:6.219292E-07:LA_P3:1.503220E-07:WA_N1:4.982587E-06:WA_N2:3.381128E-06:LA_N1:2.170906E-07:LA_N2:6.579284E-07:
-cost:2.334672E+04:    -vo_average:1.215512E+00: -peak_to_peak:3.321413E-02: peak_to_peak:3.321413E-02:     WA_P1:3.350450E-06:WA_P2:3.840346E-06:WA_P3:4.542971E-06:LA_P1:2.439712E-07:LA_P2:5.136138E-07:LA_P3:3.622665E-07:WA_N1:1.051549E-06:WA_N2:3.886595E-06:LA_N1:1.124248E-07:LA_N2:9.883050E-07:
-cost:2.334672E+04:    -vo_average:1.215512E+00: -peak_to_peak:3.321413E-02: peak_to_peak:3.321413E-02:     WA_P1:3.350450E-06:WA_P2:3.840346E-06:WA_P3:4.542971E-06:LA_P1:2.439712E-07:LA_P2:5.136138E-07:LA_P3:3.622665E-07:WA_N1:1.051549E-06:WA_N2:3.886595E-06:LA_N1:1.124248E-07:LA_N2:9.883050E-07:
-cost:2.994423E+04:    -vo_average:1.236751E+00: -peak_to_peak:3.963401E-02: peak_to_peak:3.963401E-02:     WA_P1:3.921453E-06:WA_P2:1.930036E-06:WA_P3:3.986817E-06:LA_P1:8.214709E-07:LA_P2:9.793032E-07:LA_P3:2.172616E-07:WA_N1:1.353283E-06:WA_N2:4.946634E-06:LA_N1:5.689538E-07:LA_N2:1.895448E-07:
-cost:2.994423E+04:    -vo_average:1.236751E+00: -peak_to_peak:3.963401E-02: peak_to_peak:3.963401E-02:     WA_P1:3.921453E-06:WA_P2:1.930036E-06:WA_P3:3.986817E-06:LA_P1:8.214709E-07:LA_P2:9.793032E-07:LA_P3:2.172616E-07:WA_N1:1.353283E-06:WA_N2:4.946634E-06:LA_N1:5.689538E-07:LA_N2:1.895448E-07:
-cost:3.649124E+04:    -vo_average:1.216655E+00: -peak_to_peak:4.634781E-02: peak_to_peak:4.634781E-02:     WA_P1:3.889194E-06:WA_P2:2.625903E-06:WA_P3:3.254532E-06:LA_P1:1.549137E-07:LA_P2:6.450177E-07:LA_P3:6.422558E-07:WA_N1:1.047442E-06:WA_N2:4.649523E-06:LA_N1:5.972840E-07:LA_N2:7.547471E-07:
-cost:3.649124E+04:    -vo_average:1.216655E+00: -peak_to_peak:4.634781E-02: peak_to_peak:4.634781E-02:     WA_P1:3.889194E-06:WA_P2:2.625903E-06:WA_P3:3.254532E-06:LA_P1:1.549137E-07:LA_P2:6.450177E-07:LA_P3:6.422558E-07:WA_N1:1.047442E-06:WA_N2:4.649523E-06:LA_N1:5.972840E-07:LA_N2:7.547471E-07:
-cost:1.947527E+06:    -vo_average:6.681221E-01: -peak_to_peak:1.952899E+00: peak_to_peak:1.952899E+00:     WA_P1:7.765905E-06:WA_P2:4.581602E-06:WA_P3:8.502168E-06:LA_P1:8.727512E-07:LA_P2:4.121545E-07:LA_P3:5.166606E-07:WA_N1:2.629561E-06:WA_N2:4.978639E-06:LA_N1:3.572414E-07:LA_N2:7.690639E-07:
-cost:1.947527E+06:    -vo_average:6.681221E-01: -peak_to_peak:1.952899E+00: peak_to_peak:1.952899E+00:     WA_P1:7.765905E-06:WA_P2:4.581602E-06:WA_P3:8.502168E-06:LA_P1:8.727512E-07:LA_P2:4.121545E-07:LA_P3:5.166606E-07:WA_N1:2.629561E-06:WA_N2:4.978639E-06:LA_N1:3.572414E-07:LA_N2:7.690639E-07:
-cost:1.194016E+06:    -vo_average:3.016770E+00: -peak_to_peak:1.188757E+00: peak_to_peak:1.188757E+00:     WA_P1:7.644525E-06:WA_P2:4.153406E-06:WA_P3:6.552161E-06:LA_P1:9.914733E-07:LA_P2:3.375408E-07:LA_P3:8.974532E-07:WA_N1:1.440742E-06:WA_N2:1.963945E-06:LA_N1:6.690212E-07:LA_N2:7.094009E-07:
-cost:1.194016E+06:    -vo_average:3.016770E+00: -peak_to_peak:1.188757E+00: peak_to_peak:1.188757E+00:     WA_P1:7.644525E-06:WA_P2:4.153406E-06:WA_P3:6.552161E-06:LA_P1:9.914733E-07:LA_P2:3.375408E-07:LA_P3:8.974532E-07:WA_N1:1.440742E-06:WA_N2:1.963945E-06:LA_N1:6.690212E-07:LA_N2:7.094009E-07:
-cost:1.890516E+06:    -vo_average:6.646566E-01: -peak_to_peak:1.895865E+00: peak_to_peak:1.895865E+00:     WA_P1:3.331160E-06:WA_P2:8.397216E-07:WA_P3:1.989971E-06:LA_P1:2.135850E-07:LA_P2:6.843558E-07:LA_P3:8.184528E-07:WA_N1:4.402400E-06:WA_N2:4.624412E-06:LA_N1:1.888100E-07:LA_N2:7.670290E-07:
-cost:1.890516E+06:    -vo_average:6.646566E-01: -peak_to_peak:1.895865E+00: peak_to_peak:1.895865E+00:     WA_P1:3.331160E-06:WA_P2:8.397216E-07:WA_P3:1.989971E-06:LA_P1:2.135850E-07:LA_P2:6.843558E-07:LA_P3:8.184528E-07:WA_N1:4.402400E-06:WA_N2:4.624412E-06:LA_N1:1.888100E-07:LA_N2:7.670290E-07:
-cost:2.179368E+05:    -vo_average:3.271677E+00: -peak_to_peak:2.106518E-01: peak_to_peak:2.106518E-01:     WA_P1:9.003002E-06:WA_P2:1.236096E-06:WA_P3:4.465817E-06:LA_P1:5.041390E-07:LA_P2:6.886120E-07:LA_P3:7.889454E-07:WA_N1:4.638338E-06:WA_N2:4.993527E-06:LA_N1:9.873944E-07:LA_N2:7.059627E-07:
-cost:2.179368E+05:    -vo_average:3.271677E+00: -peak_to_peak:2.106518E-01: peak_to_peak:2.106518E-01:     WA_P1:9.003002E-06:WA_P2:1.236096E-06:WA_P3:4.465817E-06:LA_P1:5.041390E-07:LA_P2:6.886120E-07:LA_P3:7.889454E-07:WA_N1:4.638338E-06:WA_N2:4.993527E-06:LA_N1:9.873944E-07:LA_N2:7.059627E-07:
-cost:9.046173E+05:    -vo_average:3.106569E+00: -peak_to_peak:8.986394E-01: peak_to_peak:8.986394E-01:     WA_P1:5.546437E-06:WA_P2:4.097605E-06:WA_P3:1.472440E-06:LA_P1:2.546400E-07:LA_P2:4.276884E-07:LA_P3:2.509445E-07:WA_N1:3.890411E-06:WA_N2:4.075967E-06:LA_N1:6.894163E-07:LA_N2:6.610626E-07:
-cost:9.046173E+05:    -vo_average:3.106569E+00: -peak_to_peak:8.986394E-01: peak_to_peak:8.986394E-01:     WA_P1:5.546437E-06:WA_P2:4.097605E-06:WA_P3:1.472440E-06:LA_P1:2.546400E-07:LA_P2:4.276884E-07:LA_P3:2.509445E-07:WA_N1:3.890411E-06:WA_N2:4.075967E-06:LA_N1:6.894163E-07:LA_N2:6.610626E-07:
-cost:3.660629E+04:    -vo_average:1.216726E+00: -peak_to_peak:4.646226E-02: peak_to_peak:4.646226E-02:     WA_P1:1.622181E-06:WA_P2:1.387126E-06:WA_P3:9.887183E-06:LA_P1:5.059646E-07:LA_P2:5.548780E-07:LA_P3:8.007609E-07:WA_N1:9.131198E-07:WA_N2:4.759812E-06:LA_N1:7.264155E-07:LA_N2:9.352936E-07:
-cost:3.660629E+04:    -vo_average:1.216726E+00: -peak_to_peak:4.646226E-02: peak_to_peak:4.646226E-02:     WA_P1:1.622181E-06:WA_P2:1.387126E-06:WA_P3:9.887183E-06:LA_P1:5.059646E-07:LA_P2:5.548780E-07:LA_P3:8.007609E-07:WA_N1:9.131198E-07:WA_N2:4.759812E-06:LA_N1:7.264155E-07:LA_N2:9.352936E-07:
-cost:1.750528E+04:    -vo_average:3.300633E+00: +peak_to_peak:4.932581E-07: peak_to_peak:4.932581E-07:     WA_P1:5.417493E-06:WA_P2:2.888416E-06:WA_P3:5.664720E-06:LA_P1:3.508444E-07:LA_P2:2.143940E-07:LA_P3:2.184065E-07:WA_N1:4.012235E-06:WA_N2:6.654680E-07:LA_N1:1.030822E-07:LA_N2:3.314595E-07:
-cost:1.750528E+04:    -vo_average:3.300633E+00: +peak_to_peak:4.932581E-07: peak_to_peak:4.932581E-07:     WA_P1:5.417493E-06:WA_P2:2.888416E-06:WA_P3:5.664720E-06:LA_P1:3.508444E-07:LA_P2:2.143940E-07:LA_P3:2.184065E-07:WA_N1:4.012235E-06:WA_N2:6.654680E-07:LA_N1:1.030822E-07:LA_N2:3.314595E-07:
-cost:1.750528E+04:    -vo_average:3.300633E+00: +peak_to_peak:4.035213E-07: peak_to_peak:4.035213E-07:     WA_P1:9.741927E-06:WA_P2:3.547104E-06:WA_P3:4.480651E-06:LA_P1:6.781280E-07:LA_P2:7.479433E-07:LA_P3:7.069957E-07:WA_N1:3.787226E-06:WA_N2:2.527000E-06:LA_N1:8.172296E-07:LA_N2:7.414073E-07:
-cost:1.750528E+04:    -vo_average:3.300633E+00: +peak_to_peak:4.035213E-07: peak_to_peak:4.035213E-07:     WA_P1:9.741927E-06:WA_P2:3.547104E-06:WA_P3:4.480651E-06:LA_P1:6.781280E-07:LA_P2:7.479433E-07:LA_P3:7.069957E-07:WA_N1:3.787226E-06:WA_N2:2.527000E-06:LA_N1:8.172296E-07:LA_N2:7.414073E-07:
-cost:2.249992E+04:    -vo_average:1.223587E+00: -peak_to_peak:3.230013E-02: peak_to_peak:3.230013E-02:     WA_P1:3.255492E-06:WA_P2:1.480819E-06:WA_P3:8.989490E-06:LA_P1:9.404428E-07:LA_P2:6.113184E-07:LA_P3:7.683998E-07:WA_N1:1.063616E-06:WA_N2:3.417555E-06:LA_N1:1.624502E-07:LA_N2:5.269794E-07:
-cost:2.249992E+04:    -vo_average:1.223587E+00: -peak_to_peak:3.230013E-02: peak_to_peak:3.230013E-02:     WA_P1:3.255492E-06:WA_P2:1.480819E-06:WA_P3:8.989490E-06:LA_P1:9.404428E-07:LA_P2:6.113184E-07:LA_P3:7.683998E-07:WA_N1:1.063616E-06:WA_N2:3.417555E-06:LA_N1:1.624502E-07:LA_N2:5.269794E-07:
-cost:1.750528E+04:    -vo_average:3.300633E+00: +peak_to_peak:4.654581E-07: peak_to_peak:4.654581E-07:     WA_P1:4.204520E-06:WA_P2:3.965737E-06:WA_P3:5.306721E-06:LA_P1:4.846855E-07:LA_P2:5.364048E-07:LA_P3:3.268937E-07:WA_N1:4.726233E-06:WA_N2:1.981218E-06:LA_N1:6.445581E-07:LA_N2:3.590471E-07:
-cost:1.750528E+04:    -vo_average:3.300633E+00: +peak_to_peak:4.654581E-07: peak_to_peak:4.654581E-07:     WA_P1:4.204520E-06:WA_P2:3.965737E-06:WA_P3:5.306721E-06:LA_P1:4.846855E-07:LA_P2:5.364048E-07:LA_P3:3.268937E-07:WA_N1:4.726233E-06:WA_N2:1.981218E-06:LA_N1:6.445581E-07:LA_N2:3.590471E-07:
-cost:8.338357E+05:    -vo_average:1.464435E+00: -peak_to_peak:8.415479E-01: peak_to_peak:8.415479E-01:     WA_P1:7.649800E-06:WA_P2:4.475822E-06:WA_P3:4.831649E-06:LA_P1:9.388654E-07:LA_P2:7.892348E-07:LA_P3:9.739375E-07:WA_N1:2.183299E-06:WA_N2:1.686465E-06:LA_N1:9.350159E-07:LA_N2:1.114461E-07:
-cost:8.338357E+05:    -vo_average:1.464435E+00: -peak_to_peak:8.415479E-01: peak_to_peak:8.415479E-01:     WA_P1:7.649800E-06:WA_P2:4.475822E-06:WA_P3:4.831649E-06:LA_P1:9.388654E-07:LA_P2:7.892348E-07:LA_P3:9.739375E-07:WA_N1:2.183299E-06:WA_N2:1.686465E-06:LA_N1:9.350159E-07:LA_N2:1.114461E-07:
-cost:2.051859E+06:    -vo_average:5.689774E-01: -peak_to_peak:2.056395E+00: peak_to_peak:2.056395E+00:     WA_P1:8.469339E-06:WA_P2:9.416076E-07:WA_P3:2.096632E-06:LA_P1:3.009298E-07:LA_P2:9.266579E-07:LA_P3:7.541534E-07:WA_N1:2.075963E-06:WA_N2:3.197980E-06:LA_N1:5.330405E-07:LA_N2:6.478376E-07:
-cost:2.051859E+06:    -vo_average:5.689774E-01: -peak_to_peak:2.056395E+00: peak_to_peak:2.056395E+00:     WA_P1:8.469339E-06:WA_P2:9.416076E-07:WA_P3:2.096632E-06:LA_P1:3.009298E-07:LA_P2:9.266579E-07:LA_P3:7.541534E-07:WA_N1:2.075963E-06:WA_N2:3.197980E-06:LA_N1:5.330405E-07:LA_N2:6.478376E-07:
-cost:1.750528E+04:    -vo_average:3.300633E+00: +peak_to_peak:5.314758E-07: peak_to_peak:5.314758E-07:     WA_P1:8.769716E-06:WA_P2:5.016691E-07:WA_P3:4.109587E-06:LA_P1:4.722000E-07:LA_P2:1.041374E-07:LA_P3:2.593494E-07:WA_N1:2.291339E-06:WA_N2:6.202748E-07:LA_N1:4.432937E-07:LA_N2:7.396967E-07:
-cost:1.750528E+04:    -vo_average:3.300633E+00: +peak_to_peak:5.314758E-07: peak_to_peak:5.314758E-07:     WA_P1:8.769716E-06:WA_P2:5.016691E-07:WA_P3:4.109587E-06:LA_P1:4.722000E-07:LA_P2:1.041374E-07:LA_P3:2.593494E-07:WA_N1:2.291339E-06:WA_N2:6.202748E-07:LA_N1:4.432937E-07:LA_N2:7.396967E-07:
-cost:1.894823E+06:    -vo_average:2.711465E+00: -peak_to_peak:1.892038E+00: peak_to_peak:1.892038E+00:     WA_P1:7.114629E-06:WA_P2:2.068153E-06:WA_P3:5.110437E-06:LA_P1:7.966681E-07:LA_P2:2.796640E-07:LA_P3:1.243454E-07:WA_N1:8.483977E-07:WA_N2:1.309983E-06:LA_N1:7.607716E-07:LA_N2:7.765251E-07:
-cost:1.894823E+06:    -vo_average:2.711465E+00: -peak_to_peak:1.892038E+00: peak_to_peak:1.892038E+00:     WA_P1:7.114629E-06:WA_P2:2.068153E-06:WA_P3:5.110437E-06:LA_P1:7.966681E-07:LA_P2:2.796640E-07:LA_P3:1.243454E-07:WA_N1:8.483977E-07:WA_N2:1.309983E-06:LA_N1:7.607716E-07:LA_N2:7.765251E-07:
-cost:1.750528E+04:    -vo_average:3.300633E+00: +peak_to_peak:5.648827E-07: peak_to_peak:5.648827E-07:     WA_P1:2.367867E-06:WA_P2:1.936401E-06:WA_P3:6.111600E-06:LA_P1:7.261818E-07:LA_P2:3.829081E-07:LA_P3:7.785912E-07:WA_N1:4.901274E-06:WA_N2:1.969567E-06:LA_N1:7.516549E-07:LA_N2:8.735208E-07:
-cost:1.750528E+04:    -vo_average:3.300633E+00: +peak_to_peak:5.648827E-07: peak_to_peak:5.648827E-07:     WA_P1:2.367867E-06:WA_P2:1.936401E-06:WA_P3:6.111600E-06:LA_P1:7.261818E-07:LA_P2:3.829081E-07:LA_P3:7.785912E-07:WA_N1:4.901274E-06:WA_N2:1.969567E-06:LA_N1:7.516549E-07:LA_N2:8.735208E-07:
-cost:1.750528E+04:    -vo_average:3.300633E+00: +peak_to_peak:5.981858E-07: peak_to_peak:5.981858E-07:     WA_P1:7.628717E-06:WA_P2:2.990662E-06:WA_P3:4.762304E-06:LA_P1:7.010657E-07:LA_P2:6.306423E-07:LA_P3:7.214333E-07:WA_N1:2.453794E-06:WA_N2:6.388901E-07:LA_N1:3.892154E-07:LA_N2:8.571100E-07:
-cost:1.750528E+04:    -vo_average:3.300633E+00: +peak_to_peak:5.981858E-07: peak_to_peak:5.981858E-07:     WA_P1:7.628717E-06:WA_P2:2.990662E-06:WA_P3:4.762304E-06:LA_P1:7.010657E-07:LA_P2:6.306423E-07:LA_P3:7.214333E-07:WA_N1:2.453794E-06:WA_N2:6.388901E-07:LA_N1:3.892154E-07:LA_N2:8.571100E-07:
-cost:1.750528E+04:    -vo_average:3.300633E+00: +peak_to_peak:5.931697E-07: peak_to_peak:5.931697E-07:     WA_P1:6.131466E-06:WA_P2:3.604457E-06:WA_P3:1.415319E-06:LA_P1:7.182586E-07:LA_P2:3.589017E-07:LA_P3:1.130983E-07:WA_N1:3.461005E-06:WA_N2:8.529571E-07:LA_N1:6.905435E-07:LA_N2:8.622732E-07:
-cost:1.750528E+04:    -vo_average:3.300633E+00: +peak_to_peak:5.931697E-07: peak_to_peak:5.931697E-07:     WA_P1:6.131466E-06:WA_P2:3.604457E-06:WA_P3:1.415319E-06:LA_P1:7.182586E-07:LA_P2:3.589017E-07:LA_P3:1.130983E-07:WA_N1:3.461005E-06:WA_N2:8.529571E-07:LA_N1:6.905435E-07:LA_N2:8.622732E-07:
-cost:1.750528E+04:    -vo_average:3.300633E+00: +peak_to_peak:5.947580E-07: peak_to_peak:5.947580E-07:     WA_P1:9.467190E-06:WA_P2:2.711604E-06:WA_P3:4.789427E-06:LA_P1:6.846308E-07:LA_P2:6.257981E-07:LA_P3:8.318085E-07:WA_N1:3.689853E-06:WA_N2:1.228848E-06:LA_N1:3.931974E-07:LA_N2:9.910087E-07:
-cost:1.750528E+04:    -vo_average:3.300633E+00: +peak_to_peak:5.947580E-07: peak_to_peak:5.947580E-07:     WA_P1:9.467190E-06:WA_P2:2.711604E-06:WA_P3:4.789427E-06:LA_P1:6.846308E-07:LA_P2:6.257981E-07:LA_P3:8.318085E-07:WA_N1:3.689853E-06:WA_N2:1.228848E-06:LA_N1:3.931974E-07:LA_N2:9.910087E-07:
-cost:1.129184E+05:    -vo_average:1.217040E+00: -peak_to_peak:1.227641E-01: peak_to_peak:1.227641E-01:     WA_P1:1.357356E-06:WA_P2:3.686043E-06:WA_P3:2.297369E-06:LA_P1:6.721111E-07:LA_P2:7.697385E-07:LA_P3:4.448633E-07:WA_N1:8.481373E-07:WA_N2:2.712813E-06:LA_N1:9.866868E-07:LA_N2:3.868926E-07:
-cost:1.129184E+05:    -vo_average:1.217040E+00: -peak_to_peak:1.227641E-01: peak_to_peak:1.227641E-01:     WA_P1:1.357356E-06:WA_P2:3.686043E-06:WA_P3:2.297369E-06:LA_P1:6.721111E-07:LA_P2:7.697385E-07:LA_P3:4.448633E-07:WA_N1:8.481373E-07:WA_N2:2.712813E-06:LA_N1:9.866868E-07:LA_N2:3.868926E-07:
-cost:1.750528E+04:    -vo_average:3.300633E+00: +peak_to_peak:4.495425E-07: peak_to_peak:4.495425E-07:     WA_P1:5.784225E-06:WA_P2:3.574639E-06:WA_P3:5.290271E-06:LA_P1:7.803659E-07:LA_P2:8.899439E-07:LA_P3:8.397386E-07:WA_N1:4.258708E-06:WA_N2:1.986020E-06:LA_N1:4.131213E-07:LA_N2:6.217603E-07:
-cost:1.750528E+04:    -vo_average:3.300633E+00: +peak_to_peak:4.495425E-07: peak_to_peak:4.495425E-07:     WA_P1:5.784225E-06:WA_P2:3.574639E-06:WA_P3:5.290271E-06:LA_P1:7.803659E-07:LA_P2:8.899439E-07:LA_P3:8.397386E-07:WA_N1:4.258708E-06:WA_N2:1.986020E-06:LA_N1:4.131213E-07:LA_N2:6.217603E-07:
-cost:1.836335E+06:    -vo_average:5.625721E-01: -peak_to_peak:1.840839E+00: peak_to_peak:1.840839E+00:     WA_P1:3.234406E-06:WA_P2:4.854853E-06:WA_P3:6.761226E-06:LA_P1:8.176041E-07:LA_P2:2.724843E-07:LA_P3:7.399472E-07:WA_N1:2.598325E-06:WA_N2:2.468945E-06:LA_N1:4.745379E-07:LA_N2:1.412312E-07:
-cost:1.836335E+06:    -vo_average:5.625721E-01: -peak_to_peak:1.840839E+00: peak_to_peak:1.840839E+00:     WA_P1:3.234406E-06:WA_P2:4.854853E-06:WA_P3:6.761226E-06:LA_P1:8.176041E-07:LA_P2:2.724843E-07:LA_P3:7.399472E-07:WA_N1:2.598325E-06:WA_N2:2.468945E-06:LA_N1:4.745379E-07:LA_N2:1.412312E-07:
-cost:1.628945E+06:    -vo_average:2.827127E+00: -peak_to_peak:1.625223E+00: peak_to_peak:1.625223E+00:     WA_P1:7.973084E-06:WA_P2:4.326964E-06:WA_P3:4.896979E-06:LA_P1:8.597975E-07:LA_P2:8.694872E-07:LA_P3:6.435572E-07:WA_N1:3.826097E-06:WA_N2:4.676097E-06:LA_N1:9.851439E-07:LA_N2:6.425835E-07:
-cost:1.628945E+06:    -vo_average:2.827127E+00: -peak_to_peak:1.625223E+00: peak_to_peak:1.625223E+00:     WA_P1:7.973084E-06:WA_P2:4.326964E-06:WA_P3:4.896979E-06:LA_P1:8.597975E-07:LA_P2:8.694872E-07:LA_P3:6.435572E-07:WA_N1:3.826097E-06:WA_N2:4.676097E-06:LA_N1:9.851439E-07:LA_N2:6.425835E-07:
-cost:1.751543E+06:    +vo_average:1.189370E+00: -peak_to_peak:1.761367E+00: peak_to_peak:1.761367E+00:     WA_P1:3.316674E-06:WA_P2:3.065253E-06:WA_P3:4.093035E-06:LA_P1:5.326087E-07:LA_P2:5.476943E-07:LA_P3:8.694040E-07:WA_N1:2.050111E-06:WA_N2:4.640047E-06:LA_N1:4.280702E-07:LA_N2:7.076451E-07:
-cost:1.751543E+06:    +vo_average:1.189370E+00: -peak_to_peak:1.761367E+00: peak_to_peak:1.761367E+00:     WA_P1:3.316674E-06:WA_P2:3.065253E-06:WA_P3:4.093035E-06:LA_P1:5.326087E-07:LA_P2:5.476943E-07:LA_P3:8.694040E-07:WA_N1:2.050111E-06:WA_N2:4.640047E-06:LA_N1:4.280702E-07:LA_N2:7.076451E-07:
-cost:1.750449E+04:    -vo_average:3.300536E+00: +peak_to_peak:2.008627E-04: peak_to_peak:2.008627E-04:     WA_P1:2.932121E-06:WA_P2:4.306701E-06:WA_P3:5.283823E-06:LA_P1:4.551113E-07:LA_P2:8.168977E-07:LA_P3:6.791066E-07:WA_N1:7.319669E-07:WA_N2:9.131145E-07:LA_N1:7.231382E-07:LA_N2:7.861536E-07:
-cost:1.750449E+04:    -vo_average:3.300536E+00: +peak_to_peak:2.008627E-04: peak_to_peak:2.008627E-04:     WA_P1:2.932121E-06:WA_P2:4.306701E-06:WA_P3:5.283823E-06:LA_P1:4.551113E-07:LA_P2:8.168977E-07:LA_P3:6.791066E-07:WA_N1:7.319669E-07:WA_N2:9.131145E-07:LA_N1:7.231382E-07:LA_N2:7.861536E-07:
-cost:2.999114E+06:    -vo_average:1.401259E+00: -peak_to_peak:3.007136E+00: peak_to_peak:3.007136E+00:     WA_P1:8.042587E-06:WA_P2:2.410477E-06:WA_P3:9.181107E-06:LA_P1:4.624093E-07:LA_P2:7.174226E-07:LA_P3:9.994735E-07:WA_N1:7.690613E-07:WA_N2:1.240944E-06:LA_N1:4.823285E-07:LA_N2:6.677466E-07:
-cost:2.999114E+06:    -vo_average:1.401259E+00: -peak_to_peak:3.007136E+00: peak_to_peak:3.007136E+00:     WA_P1:8.042587E-06:WA_P2:2.410477E-06:WA_P3:9.181107E-06:LA_P1:4.624093E-07:LA_P2:7.174226E-07:LA_P3:9.994735E-07:WA_N1:7.690613E-07:WA_N2:1.240944E-06:LA_N1:4.823285E-07:LA_N2:6.677466E-07:
-cost:5.230115E+04:    -vo_average:3.295927E+00: -peak_to_peak:4.483061E-02: peak_to_peak:4.483061E-02:     WA_P1:9.733186E-06:WA_P2:4.374117E-06:WA_P3:8.934937E-06:LA_P1:9.379780E-07:LA_P2:4.804561E-07:LA_P3:7.225416E-07:WA_N1:2.781495E-06:WA_N2:2.361327E-06:LA_N1:3.292685E-07:LA_N2:3.184644E-07:
-cost:5.230115E+04:    -vo_average:3.295927E+00: -peak_to_peak:4.483061E-02: peak_to_peak:4.483061E-02:     WA_P1:9.733186E-06:WA_P2:4.374117E-06:WA_P3:8.934937E-06:LA_P1:9.379780E-07:LA_P2:4.804561E-07:LA_P3:7.225416E-07:WA_N1:2.781495E-06:WA_N2:2.361327E-06:LA_N1:3.292685E-07:LA_N2:3.184644E-07:
-cost:1.750528E+04:    -vo_average:3.300633E+00: +peak_to_peak:3.941793E-07: peak_to_peak:3.941793E-07:     WA_P1:9.571751E-06:WA_P2:2.124109E-06:WA_P3:1.119327E-06:LA_P1:4.856613E-07:LA_P2:2.204859E-07:LA_P3:1.737766E-07:WA_N1:3.292156E-06:WA_N2:2.146317E-06:LA_N1:5.760184E-07:LA_N2:5.675458E-07:
-cost:1.750528E+04:    -vo_average:3.300633E+00: +peak_to_peak:3.941793E-07: peak_to_peak:3.941793E-07:     WA_P1:9.571751E-06:WA_P2:2.124109E-06:WA_P3:1.119327E-06:LA_P1:4.856613E-07:LA_P2:2.204859E-07:LA_P3:1.737766E-07:WA_N1:3.292156E-06:WA_N2:2.146317E-06:LA_N1:5.760184E-07:LA_N2:5.675458E-07:
-cost:5.276392E+05:    -vo_average:3.207437E+00: -peak_to_peak:5.208585E-01: peak_to_peak:5.208585E-01:     WA_P1:1.080905E-06:WA_P2:4.567837E-06:WA_P3:2.716405E-06:LA_P1:7.135574E-07:LA_P2:1.928133E-07:LA_P3:5.350443E-07:WA_N1:2.281638E-06:WA_N2:3.305166E-06:LA_N1:5.726114E-07:LA_N2:9.991998E-07:
-cost:5.276392E+05:    -vo_average:3.207437E+00: -peak_to_peak:5.208585E-01: peak_to_peak:5.208585E-01:     WA_P1:1.080905E-06:WA_P2:4.567837E-06:WA_P3:2.716405E-06:LA_P1:7.135574E-07:LA_P2:1.928133E-07:LA_P3:5.350443E-07:WA_N1:2.281638E-06:WA_N2:3.305166E-06:LA_N1:5.726114E-07:LA_N2:9.991998E-07:
-cost:1.750450E+04:    -vo_average:3.300537E+00: +peak_to_peak:2.096767E-04: peak_to_peak:2.096767E-04:     WA_P1:8.128945E-06:WA_P2:4.539038E-06:WA_P3:5.998565E-06:LA_P1:7.212322E-07:LA_P2:9.860417E-07:LA_P3:6.141318E-07:WA_N1:3.620092E-06:WA_N2:3.822283E-06:LA_N1:8.220737E-07:LA_N2:8.530146E-07:
-cost:1.750450E+04:    -vo_average:3.300537E+00: +peak_to_peak:2.096767E-04: peak_to_peak:2.096767E-04:     WA_P1:8.128945E-06:WA_P2:4.539038E-06:WA_P3:5.998565E-06:LA_P1:7.212322E-07:LA_P2:9.860417E-07:LA_P3:6.141318E-07:WA_N1:3.620092E-06:WA_N2:3.822283E-06:LA_N1:8.220737E-07:LA_N2:8.530146E-07:
-cost:3.072890E+06:    -vo_average:1.523392E+00: -peak_to_peak:3.079887E+00: peak_to_peak:3.079887E+00:     WA_P1:1.621101E-06:WA_P2:1.913168E-06:WA_P3:2.314524E-06:LA_P1:6.176338E-07:LA_P2:4.081990E-07:LA_P3:5.980140E-07:WA_N1:1.935016E-06:WA_N2:3.283127E-06:LA_N1:6.614405E-07:LA_N2:7.938729E-07:
-cost:3.072890E+06:    -vo_average:1.523392E+00: -peak_to_peak:3.079887E+00: peak_to_peak:3.079887E+00:     WA_P1:1.621101E-06:WA_P2:1.913168E-06:WA_P3:2.314524E-06:LA_P1:6.176338E-07:LA_P2:4.081990E-07:LA_P3:5.980140E-07:WA_N1:1.935016E-06:WA_N2:3.283127E-06:LA_N1:6.614405E-07:LA_N2:7.938729E-07:
-cost:1.846235E+06:    -vo_average:5.453395E-01: -peak_to_peak:1.850594E+00: peak_to_peak:1.850594E+00:     WA_P1:4.060344E-06:WA_P2:4.211312E-06:WA_P3:4.213845E-06:LA_P1:3.257329E-07:LA_P2:9.326866E-07:LA_P3:6.743773E-07:WA_N1:2.044493E-06:WA_N2:4.153241E-06:LA_N1:4.495658E-07:LA_N2:8.214909E-07:
-cost:1.846235E+06:    -vo_average:5.453395E-01: -peak_to_peak:1.850594E+00: peak_to_peak:1.850594E+00:     WA_P1:4.060344E-06:WA_P2:4.211312E-06:WA_P3:4.213845E-06:LA_P1:3.257329E-07:LA_P2:9.326866E-07:LA_P3:6.743773E-07:WA_N1:2.044493E-06:WA_N2:4.153241E-06:LA_N1:4.495658E-07:LA_N2:8.214909E-07:
-cost:1.379342E+05:    -vo_average:3.283954E+00: -peak_to_peak:1.305549E-01: peak_to_peak:1.305549E-01:     WA_P1:8.474908E-06:WA_P2:1.080887E-06:WA_P3:3.549206E-06:LA_P1:8.157870E-07:LA_P2:6.646847E-07:LA_P3:9.514487E-07:WA_N1:1.386026E-06:WA_N2:1.916229E-06:LA_N1:5.189800E-07:LA_N2:9.689367E-07:
-cost:1.379342E+05:    -vo_average:3.283954E+00: -peak_to_peak:1.305549E-01: peak_to_peak:1.305549E-01:     WA_P1:8.474908E-06:WA_P2:1.080887E-06:WA_P3:3.549206E-06:LA_P1:8.157870E-07:LA_P2:6.646847E-07:LA_P3:9.514487E-07:WA_N1:1.386026E-06:WA_N2:1.916229E-06:LA_N1:5.189800E-07:LA_N2:9.689367E-07:
-cost:1.750528E+04:    -vo_average:3.300633E+00: +peak_to_peak:6.313811E-07: peak_to_peak:6.313811E-07:     WA_P1:8.115163E-06:WA_P2:1.755147E-06:WA_P3:2.570528E-06:LA_P1:3.503209E-07:LA_P2:3.853512E-07:LA_P3:4.400178E-07:WA_N1:4.674968E-06:WA_N2:1.213604E-06:LA_N1:6.323871E-07:LA_N2:7.030551E-07:
-cost:1.750528E+04:    -vo_average:3.300633E+00: +peak_to_peak:6.313811E-07: peak_to_peak:6.313811E-07:     WA_P1:8.115163E-06:WA_P2:1.755147E-06:WA_P3:2.570528E-06:LA_P1:3.503209E-07:LA_P2:3.853512E-07:LA_P3:4.400178E-07:WA_N1:4.674968E-06:WA_N2:1.213604E-06:LA_N1:6.323871E-07:LA_N2:7.030551E-07:
-cost:1.750528E+04:    -vo_average:3.300633E+00: +peak_to_peak:4.560213E-07: peak_to_peak:4.560213E-07:     WA_P1:9.403878E-06:WA_P2:3.871207E-06:WA_P3:8.854436E-06:LA_P1:9.446366E-07:LA_P2:8.630857E-07:LA_P3:2.941743E-07:WA_N1:4.262573E-06:WA_N2:1.785969E-06:LA_N1:5.102591E-07:LA_N2:6.709327E-07:
-cost:1.750528E+04:    -vo_average:3.300633E+00: +peak_to_peak:4.560213E-07: peak_to_peak:4.560213E-07:     WA_P1:9.403878E-06:WA_P2:3.871207E-06:WA_P3:8.854436E-06:LA_P1:9.446366E-07:LA_P2:8.630857E-07:LA_P3:2.941743E-07:WA_N1:4.262573E-06:WA_N2:1.785969E-06:LA_N1:5.102591E-07:LA_N2:6.709327E-07:
-cost:1.195384E+06:    -vo_average:3.016279E+00: -peak_to_peak:1.190129E+00: peak_to_peak:1.190129E+00:     WA_P1:9.908815E-06:WA_P2:3.739958E-06:WA_P3:7.814784E-06:LA_P1:9.483485E-07:LA_P2:9.803057E-07:LA_P3:9.444139E-07:WA_N1:1.171101E-06:WA_N2:1.192774E-06:LA_N1:3.117426E-07:LA_N2:5.264388E-07:
-cost:1.195384E+06:    -vo_average:3.016279E+00: -peak_to_peak:1.190129E+00: peak_to_peak:1.190129E+00:     WA_P1:9.908815E-06:WA_P2:3.739958E-06:WA_P3:7.814784E-06:LA_P1:9.483485E-07:LA_P2:9.803057E-07:LA_P3:9.444139E-07:WA_N1:1.171101E-06:WA_N2:1.192774E-06:LA_N1:3.117426E-07:LA_N2:5.264388E-07:
-cost:1.750526E+04:    -vo_average:3.300631E+00: +peak_to_peak:4.187623E-07: peak_to_peak:4.187623E-07:     WA_P1:7.632750E-06:WA_P2:3.824317E-06:WA_P3:6.974283E-06:LA_P1:6.203196E-07:LA_P2:5.722439E-07:LA_P3:7.977040E-07:WA_N1:3.453923E-06:WA_N2:3.049412E-06:LA_N1:7.893665E-07:LA_N2:2.196314E-07:
-cost:1.750526E+04:    -vo_average:3.300631E+00: +peak_to_peak:4.187623E-07: peak_to_peak:4.187623E-07:     WA_P1:7.632750E-06:WA_P2:3.824317E-06:WA_P3:6.974283E-06:LA_P1:6.203196E-07:LA_P2:5.722439E-07:LA_P3:7.977040E-07:WA_N1:3.453923E-06:WA_N2:3.049412E-06:LA_N1:7.893665E-07:LA_N2:2.196314E-07:
-cost:1.509658E+06:    -vo_average:3.518366E-01: -peak_to_peak:1.512439E+00: peak_to_peak:1.512439E+00:     WA_P1:3.932823E-06:WA_P2:3.446308E-06:WA_P3:6.581333E-06:LA_P1:3.204871E-07:LA_P2:1.884573E-07:LA_P3:2.346453E-07:WA_N1:4.691839E-06:WA_N2:3.660724E-06:LA_N1:1.745162E-07:LA_N2:2.239924E-07:
-cost:1.509658E+06:    -vo_average:3.518366E-01: -peak_to_peak:1.512439E+00: peak_to_peak:1.512439E+00:     WA_P1:3.932823E-06:WA_P2:3.446308E-06:WA_P3:6.581333E-06:LA_P1:3.204871E-07:LA_P2:1.884573E-07:LA_P3:2.346453E-07:WA_N1:4.691839E-06:WA_N2:3.660724E-06:LA_N1:1.745162E-07:LA_N2:2.239924E-07:
-cost:3.897851E+04:    +vo_average:1.210896E+00: -peak_to_peak:4.897361E-02: peak_to_peak:4.897361E-02:     WA_P1:9.533722E-06:WA_P2:9.171391E-07:WA_P3:2.255447E-06:LA_P1:3.301398E-07:LA_P2:3.044100E-07:LA_P3:2.617490E-07:WA_N1:6.193686E-07:WA_N2:4.891165E-06:LA_N1:7.592531E-07:LA_N2:8.385588E-07:
-cost:3.897851E+04:    +vo_average:1.210896E+00: -peak_to_peak:4.897361E-02: peak_to_peak:4.897361E-02:     WA_P1:9.533722E-06:WA_P2:9.171391E-07:WA_P3:2.255447E-06:LA_P1:3.301398E-07:LA_P2:3.044100E-07:LA_P3:2.617490E-07:WA_N1:6.193686E-07:WA_N2:4.891165E-06:LA_N1:7.592531E-07:LA_N2:8.385588E-07:
-cost:1.221701E+06:    -vo_average:2.299073E-01: -peak_to_peak:1.223495E+00: peak_to_peak:1.223495E+00:     WA_P1:7.427485E-06:WA_P2:2.490529E-06:WA_P3:2.020548E-06:LA_P1:2.313825E-07:LA_P2:9.911483E-07:LA_P3:4.533677E-07:WA_N1:1.511678E-06:WA_N2:2.261347E-06:LA_N1:5.628243E-07:LA_N2:2.697492E-07:
-cost:1.221701E+06:    -vo_average:2.299073E-01: -peak_to_peak:1.223495E+00: peak_to_peak:1.223495E+00:     WA_P1:7.427485E-06:WA_P2:2.490529E-06:WA_P3:2.020548E-06:LA_P1:2.313825E-07:LA_P2:9.911483E-07:LA_P3:4.533677E-07:WA_N1:1.511678E-06:WA_N2:2.261347E-06:LA_N1:5.628243E-07:LA_N2:2.697492E-07:
-cost:8.117830E+05:    -vo_average:1.366052E-01: -peak_to_peak:8.128401E-01: peak_to_peak:8.128401E-01:     WA_P1:5.591232E-06:WA_P2:2.275512E-06:WA_P3:5.257988E-06:LA_P1:2.345658E-07:LA_P2:7.510891E-07:LA_P3:6.983541E-07:WA_N1:2.643381E-06:WA_N2:2.658828E-06:LA_N1:9.577528E-07:LA_N2:1.475850E-07:
-cost:8.117830E+05:    -vo_average:1.366052E-01: -peak_to_peak:8.128401E-01: peak_to_peak:8.128401E-01:     WA_P1:5.591232E-06:WA_P2:2.275512E-06:WA_P3:5.257988E-06:LA_P1:2.345658E-07:LA_P2:7.510891E-07:LA_P3:6.983541E-07:WA_N1:2.643381E-06:WA_N2:2.658828E-06:LA_N1:9.577528E-07:LA_N2:1.475850E-07:
-cost:1.750528E+04:    -vo_average:3.300634E+00: +peak_to_peak:7.232467E-07: peak_to_peak:7.232467E-07:     WA_P1:7.182567E-06:WA_P2:4.503936E-06:WA_P3:1.553027E-06:LA_P1:7.694380E-07:LA_P2:3.960568E-07:LA_P3:4.984767E-07:WA_N1:3.467891E-06:WA_N2:8.126605E-07:LA_N1:7.570201E-07:LA_N2:6.701569E-07:
-cost:1.750528E+04:    -vo_average:3.300634E+00: +peak_to_peak:7.232467E-07: peak_to_peak:7.232467E-07:     WA_P1:7.182567E-06:WA_P2:4.503936E-06:WA_P3:1.553027E-06:LA_P1:7.694380E-07:LA_P2:3.960568E-07:LA_P3:4.984767E-07:WA_N1:3.467891E-06:WA_N2:8.126605E-07:LA_N1:7.570201E-07:LA_N2:6.701569E-07:
-cost:1.750528E+04:    -vo_average:3.300633E+00: +peak_to_peak:3.959304E-07: peak_to_peak:3.959304E-07:     WA_P1:8.849790E-06:WA_P2:2.444613E-06:WA_P3:5.184833E-06:LA_P1:5.166562E-07:LA_P2:9.574483E-07:LA_P3:8.264768E-07:WA_N1:1.153810E-06:WA_N2:7.196477E-07:LA_N1:3.542426E-07:LA_N2:3.207604E-07:
-cost:1.750528E+04:    -vo_average:3.300633E+00: +peak_to_peak:3.959304E-07: peak_to_peak:3.959304E-07:     WA_P1:8.849790E-06:WA_P2:2.444613E-06:WA_P3:5.184833E-06:LA_P1:5.166562E-07:LA_P2:9.574483E-07:LA_P3:8.264768E-07:WA_N1:1.153810E-06:WA_N2:7.196477E-07:LA_N1:3.542426E-07:LA_N2:3.207604E-07:
-cost:1.750528E+04:    -vo_average:3.300633E+00: +peak_to_peak:5.543025E-07: peak_to_peak:5.543025E-07:     WA_P1:2.936678E-06:WA_P2:2.286413E-06:WA_P3:5.325041E-06:LA_P1:7.848391E-07:LA_P2:3.544423E-07:LA_P3:6.703242E-07:WA_N1:3.151881E-06:WA_N2:1.131223E-06:LA_N1:8.632096E-07:LA_N2:5.415640E-07:
-cost:1.750528E+04:    -vo_average:3.300633E+00: +peak_to_peak:5.543025E-07: peak_to_peak:5.543025E-07:     WA_P1:2.936678E-06:WA_P2:2.286413E-06:WA_P3:5.325041E-06:LA_P1:7.848391E-07:LA_P2:3.544423E-07:LA_P3:6.703242E-07:WA_N1:3.151881E-06:WA_N2:1.131223E-06:LA_N1:8.632096E-07:LA_N2:5.415640E-07:
-cost:5.031849E+05:    -vo_average:3.840897E-02: -peak_to_peak:5.034546E-01: peak_to_peak:5.034546E-01:     WA_P1:5.741589E-06:WA_P2:3.153453E-06:WA_P3:7.962038E-06:LA_P1:9.910874E-07:LA_P2:4.004431E-07:LA_P3:4.431128E-07:WA_N1:2.411030E-06:WA_N2:4.500508E-06:LA_N1:3.691820E-07:LA_N2:9.978315E-07:
-cost:5.031849E+05:    -vo_average:3.840897E-02: -peak_to_peak:5.034546E-01: peak_to_peak:5.034546E-01:     WA_P1:5.741589E-06:WA_P2:3.153453E-06:WA_P3:7.962038E-06:LA_P1:9.910874E-07:LA_P2:4.004431E-07:LA_P3:4.431128E-07:WA_N1:2.411030E-06:WA_N2:4.500508E-06:LA_N1:3.691820E-07:LA_N2:9.978315E-07:
-cost:1.750528E+04:    -vo_average:3.300633E+00: +peak_to_peak:3.934640E-07: peak_to_peak:3.934640E-07:     WA_P1:2.888740E-06:WA_P2:4.277166E-06:WA_P3:6.896695E-06:LA_P1:9.097166E-07:LA_P2:3.448050E-07:LA_P3:2.211956E-07:WA_N1:2.000132E-06:WA_N2:1.437299E-06:LA_N1:3.886008E-07:LA_N2:3.540387E-07:
-cost:1.750528E+04:    -vo_average:3.300633E+00: +peak_to_peak:3.934640E-07: peak_to_peak:3.934640E-07:     WA_P1:2.888740E-06:WA_P2:4.277166E-06:WA_P3:6.896695E-06:LA_P1:9.097166E-07:LA_P2:3.448050E-07:LA_P3:2.211956E-07:WA_N1:2.000132E-06:WA_N2:1.437299E-06:LA_N1:3.886008E-07:LA_N2:3.540387E-07:
-cost:2.317206E+06:    -vo_average:2.114150E+00: -peak_to_peak:2.319356E+00: peak_to_peak:2.319356E+00:     WA_P1:6.121060E-06:WA_P2:3.058436E-06:WA_P3:6.028497E-06:LA_P1:8.789186E-07:LA_P2:4.155327E-07:LA_P3:7.218047E-07:WA_N1:4.946369E-06:WA_N2:2.148303E-06:LA_N1:4.410832E-07:LA_N2:1.154515E-07:
-cost:2.317206E+06:    -vo_average:2.114150E+00: -peak_to_peak:2.319356E+00: peak_to_peak:2.319356E+00:     WA_P1:6.121060E-06:WA_P2:3.058436E-06:WA_P3:6.028497E-06:LA_P1:8.789186E-07:LA_P2:4.155327E-07:LA_P3:7.218047E-07:WA_N1:4.946369E-06:WA_N2:2.148303E-06:LA_N1:4.410832E-07:LA_N2:1.154515E-07:
-cost:2.782992E+06:    -vo_average:1.980025E+00: -peak_to_peak:2.786213E+00: peak_to_peak:2.786213E+00:     WA_P1:6.810887E-06:WA_P2:1.863828E-06:WA_P3:8.070464E-06:LA_P1:8.225596E-07:LA_P2:6.767470E-07:LA_P3:4.733754E-07:WA_N1:4.200446E-06:WA_N2:4.556623E-06:LA_N1:3.536833E-07:LA_N2:6.149480E-07:
-cost:2.782992E+06:    -vo_average:1.980025E+00: -peak_to_peak:2.786213E+00: peak_to_peak:2.786213E+00:     WA_P1:6.810887E-06:WA_P2:1.863828E-06:WA_P3:8.070464E-06:LA_P1:8.225596E-07:LA_P2:6.767470E-07:LA_P3:4.733754E-07:WA_N1:4.200446E-06:WA_N2:4.556623E-06:LA_N1:3.536833E-07:LA_N2:6.149480E-07:
-cost:1.064648E+06:    -vo_average:3.058475E+00: -peak_to_peak:1.059055E+00: peak_to_peak:1.059055E+00:     WA_P1:8.995394E-06:WA_P2:3.779868E-06:WA_P3:3.517092E-06:LA_P1:6.699844E-07:LA_P2:3.950709E-07:LA_P3:2.045231E-07:WA_N1:2.029953E-06:WA_N2:1.304397E-06:LA_N1:1.315194E-07:LA_N2:3.146197E-07:
-cost:1.064648E+06:    -vo_average:3.058475E+00: -peak_to_peak:1.059055E+00: peak_to_peak:1.059055E+00:     WA_P1:8.995394E-06:WA_P2:3.779868E-06:WA_P3:3.517092E-06:LA_P1:6.699844E-07:LA_P2:3.950709E-07:LA_P3:2.045231E-07:WA_N1:2.029953E-06:WA_N2:1.304397E-06:LA_N1:1.315194E-07:LA_N2:3.146197E-07:
-cost:7.610720E+05:    -vo_average:1.310300E+00: -peak_to_peak:7.700758E-01: peak_to_peak:7.700758E-01:     WA_P1:5.740243E-06:WA_P2:1.128000E-06:WA_P3:4.142390E-06:LA_P1:3.993931E-07:LA_P2:7.258692E-07:LA_P3:1.083222E-07:WA_N1:1.829013E-06:WA_N2:2.454141E-06:LA_N1:1.634055E-07:LA_N2:6.747367E-07:
-cost:7.610720E+05:    -vo_average:1.310300E+00: -peak_to_peak:7.700758E-01: peak_to_peak:7.700758E-01:     WA_P1:5.740243E-06:WA_P2:1.128000E-06:WA_P3:4.142390E-06:LA_P1:3.993931E-07:LA_P2:7.258692E-07:LA_P3:1.083222E-07:WA_N1:1.829013E-06:WA_N2:2.454141E-06:LA_N1:1.634055E-07:LA_N2:6.747367E-07:
-cost:2.653525E+06:    -vo_average:2.143012E+00: -peak_to_peak:2.655401E+00: peak_to_peak:2.655401E+00:     WA_P1:2.240671E-06:WA_P2:1.605916E-06:WA_P3:4.323151E-06:LA_P1:9.119031E-07:LA_P2:5.325292E-07:LA_P3:4.771308E-07:WA_N1:5.900093E-07:WA_N2:1.020063E-06:LA_N1:9.139954E-07:LA_N2:6.496734E-07:
-cost:2.653525E+06:    -vo_average:2.143012E+00: -peak_to_peak:2.655401E+00: peak_to_peak:2.655401E+00:     WA_P1:2.240671E-06:WA_P2:1.605916E-06:WA_P3:4.323151E-06:LA_P1:9.119031E-07:LA_P2:5.325292E-07:LA_P3:4.771308E-07:WA_N1:5.900093E-07:WA_N2:1.020063E-06:LA_N1:9.139954E-07:LA_N2:6.496734E-07:
-cost:1.750528E+04:    -vo_average:3.300633E+00: +peak_to_peak:6.232688E-07: peak_to_peak:6.232688E-07:     WA_P1:8.952451E-06:WA_P2:8.886193E-07:WA_P3:2.514427E-06:LA_P1:1.414357E-07:LA_P2:8.313689E-07:LA_P3:5.923488E-07:WA_N1:3.744021E-06:WA_N2:5.396124E-07:LA_N1:2.553384E-07:LA_N2:9.338862E-07:
-cost:1.750528E+04:    -vo_average:3.300633E+00: +peak_to_peak:6.232688E-07: peak_to_peak:6.232688E-07:     WA_P1:8.952451E-06:WA_P2:8.886193E-07:WA_P3:2.514427E-06:LA_P1:1.414357E-07:LA_P2:8.313689E-07:LA_P3:5.923488E-07:WA_N1:3.744021E-06:WA_N2:5.396124E-07:LA_N1:2.553384E-07:LA_N2:9.338862E-07:
-cost:1.676081E+04:    -vo_average:1.220809E+00: -peak_to_peak:2.658474E-02: peak_to_peak:2.658474E-02:     WA_P1:2.776245E-06:WA_P2:3.314356E-06:WA_P3:2.109422E-06:LA_P1:1.045348E-07:LA_P2:5.534405E-07:LA_P3:2.839945E-07:WA_N1:7.951321E-07:WA_N2:1.402528E-06:LA_N1:7.367514E-07:LA_N2:2.470293E-07:
-cost:1.676081E+04:    -vo_average:1.220809E+00: -peak_to_peak:2.658474E-02: peak_to_peak:2.658474E-02:     WA_P1:2.776245E-06:WA_P2:3.314356E-06:WA_P3:2.109422E-06:LA_P1:1.045348E-07:LA_P2:5.534405E-07:LA_P3:2.839945E-07:WA_N1:7.951321E-07:WA_N2:1.402528E-06:LA_N1:7.367514E-07:LA_N2:2.470293E-07:
-cost:1.876807E+06:    -vo_average:2.697862E+00: -peak_to_peak:1.874137E+00: peak_to_peak:1.874137E+00:     WA_P1:5.337944E-06:WA_P2:1.572655E-06:WA_P3:9.380210E-06:LA_P1:8.725794E-07:LA_P2:2.027900E-07:LA_P3:9.892817E-07:WA_N1:3.407515E-06:WA_N2:2.182831E-06:LA_N1:1.343072E-07:LA_N2:4.427651E-07:
-cost:1.876807E+06:    -vo_average:2.697862E+00: -peak_to_peak:1.874137E+00: peak_to_peak:1.874137E+00:     WA_P1:5.337944E-06:WA_P2:1.572655E-06:WA_P3:9.380210E-06:LA_P1:8.725794E-07:LA_P2:2.027900E-07:LA_P3:9.892817E-07:WA_N1:3.407515E-06:WA_N2:2.182831E-06:LA_N1:1.343072E-07:LA_N2:4.427651E-07:
-cost:2.813828E+06:    -vo_average:1.920229E+00: -peak_to_peak:2.817544E+00: peak_to_peak:2.817544E+00:     WA_P1:3.517288E-06:WA_P2:2.860847E-06:WA_P3:2.158258E-06:LA_P1:3.159777E-07:LA_P2:4.119353E-07:LA_P3:1.512185E-07:WA_N1:3.196847E-06:WA_N2:4.012041E-06:LA_N1:9.399589E-07:LA_N2:4.836628E-07:
-cost:2.813828E+06:    -vo_average:1.920229E+00: -peak_to_peak:2.817544E+00: peak_to_peak:2.817544E+00:     WA_P1:3.517288E-06:WA_P2:2.860847E-06:WA_P3:2.158258E-06:LA_P1:3.159777E-07:LA_P2:4.119353E-07:LA_P3:1.512185E-07:WA_N1:3.196847E-06:WA_N2:4.012041E-06:LA_N1:9.399589E-07:LA_N2:4.836628E-07:
-cost:6.701471E+04:    -vo_average:1.213568E+00: -peak_to_peak:7.689395E-02: peak_to_peak:7.689395E-02:     WA_P1:5.412037E-06:WA_P2:7.648267E-07:WA_P3:9.630964E-06:LA_P1:7.907532E-07:LA_P2:4.566064E-07:LA_P3:7.041196E-07:WA_N1:6.793385E-07:WA_N2:3.156298E-06:LA_N1:6.609468E-07:LA_N2:9.637852E-07:
-cost:6.701471E+04:    -vo_average:1.213568E+00: -peak_to_peak:7.689395E-02: peak_to_peak:7.689395E-02:     WA_P1:5.412037E-06:WA_P2:7.648267E-07:WA_P3:9.630964E-06:LA_P1:7.907532E-07:LA_P2:4.566064E-07:LA_P3:7.041196E-07:WA_N1:6.793385E-07:WA_N2:3.156298E-06:LA_N1:6.609468E-07:LA_N2:9.637852E-07:
-cost:1.750528E+04:    -vo_average:3.300633E+00: +peak_to_peak:4.714982E-07: peak_to_peak:4.714982E-07:     WA_P1:6.343528E-06:WA_P2:1.814070E-06:WA_P3:5.264762E-06:LA_P1:8.213395E-07:LA_P2:3.348679E-07:LA_P3:2.120734E-07:WA_N1:2.650313E-06:WA_N2:9.624569E-07:LA_N1:9.570637E-07:LA_N2:4.185444E-07:
-cost:1.750528E+04:    -vo_average:3.300633E+00: +peak_to_peak:4.714982E-07: peak_to_peak:4.714982E-07:     WA_P1:6.343528E-06:WA_P2:1.814070E-06:WA_P3:5.264762E-06:LA_P1:8.213395E-07:LA_P2:3.348679E-07:LA_P3:2.120734E-07:WA_N1:2.650313E-06:WA_N2:9.624569E-07:LA_N1:9.570637E-07:LA_N2:4.185444E-07:
-cost:9.475447E+05:    -vo_average:1.288909E+00: -peak_to_peak:9.567081E-01: peak_to_peak:9.567081E-01:     WA_P1:1.309859E-06:WA_P2:1.014922E-06:WA_P3:8.530266E-06:LA_P1:1.771309E-07:LA_P2:6.194820E-07:LA_P3:8.553451E-07:WA_N1:5.967539E-07:WA_N2:1.125422E-06:LA_N1:7.801989E-07:LA_N2:3.757104E-07:
-cost:9.475447E+05:    -vo_average:1.288909E+00: -peak_to_peak:9.567081E-01: peak_to_peak:9.567081E-01:     WA_P1:1.309859E-06:WA_P2:1.014922E-06:WA_P3:8.530266E-06:LA_P1:1.771309E-07:LA_P2:6.194820E-07:LA_P3:8.553451E-07:WA_N1:5.967539E-07:WA_N2:1.125422E-06:LA_N1:7.801989E-07:LA_N2:3.757104E-07:
-cost:1.750528E+04:    -vo_average:3.300633E+00: +peak_to_peak:3.877587E-07: peak_to_peak:3.877587E-07:     WA_P1:2.700364E-06:WA_P2:2.189554E-06:WA_P3:8.432902E-06:LA_P1:3.006082E-07:LA_P2:5.970232E-07:LA_P3:5.966583E-07:WA_N1:2.699730E-06:WA_N2:2.057278E-06:LA_N1:9.692883E-07:LA_N2:6.051565E-07:
-cost:1.750528E+04:    -vo_average:3.300633E+00: +peak_to_peak:3.877587E-07: peak_to_peak:3.877587E-07:     WA_P1:2.700364E-06:WA_P2:2.189554E-06:WA_P3:8.432902E-06:LA_P1:3.006082E-07:LA_P2:5.970232E-07:LA_P3:5.966583E-07:WA_N1:2.699730E-06:WA_N2:2.057278E-06:LA_N1:9.692883E-07:LA_N2:6.051565E-07:
-cost:3.764353E+04:    -vo_average:1.221084E+00: -peak_to_peak:4.746308E-02: peak_to_peak:4.746308E-02:     WA_P1:6.176416E-06:WA_P2:2.037910E-06:WA_P3:7.935267E-06:LA_P1:5.439654E-07:LA_P2:5.870475E-07:LA_P3:7.395335E-07:WA_N1:1.001721E-06:WA_N2:4.547644E-06:LA_N1:6.056618E-07:LA_N2:3.100352E-07:
-cost:3.764353E+04:    -vo_average:1.221084E+00: -peak_to_peak:4.746308E-02: peak_to_peak:4.746308E-02:     WA_P1:6.176416E-06:WA_P2:2.037910E-06:WA_P3:7.935267E-06:LA_P1:5.439654E-07:LA_P2:5.870475E-07:LA_P3:7.395335E-07:WA_N1:1.001721E-06:WA_N2:4.547644E-06:LA_N1:6.056618E-07:LA_N2:3.100352E-07:
-cost:1.154128E+06:    -vo_average:1.405734E+00: -peak_to_peak:1.162297E+00: peak_to_peak:1.162297E+00:     WA_P1:8.478641E-06:WA_P2:7.501377E-07:WA_P3:1.180666E-06:LA_P1:4.610971E-07:LA_P2:9.946360E-07:LA_P3:3.958218E-07:WA_N1:2.341353E-06:WA_N2:3.424676E-06:LA_N1:2.057153E-07:LA_N2:4.737725E-07:
-cost:1.154128E+06:    -vo_average:1.405734E+00: -peak_to_peak:1.162297E+00: peak_to_peak:1.162297E+00:     WA_P1:8.478641E-06:WA_P2:7.501377E-07:WA_P3:1.180666E-06:LA_P1:4.610971E-07:LA_P2:9.946360E-07:LA_P3:3.958218E-07:WA_N1:2.341353E-06:WA_N2:3.424676E-06:LA_N1:2.057153E-07:LA_N2:4.737725E-07:
-cost:7.386989E+05:    -vo_average:1.322596E+00: -peak_to_peak:7.476025E-01: peak_to_peak:7.476025E-01:     WA_P1:8.023651E-06:WA_P2:3.531737E-06:WA_P3:4.222198E-06:LA_P1:3.244849E-07:LA_P2:6.424531E-07:LA_P3:5.559809E-07:WA_N1:1.978969E-06:WA_N2:3.557105E-06:LA_N1:2.768419E-07:LA_N2:7.798234E-07:
-cost:7.386989E+05:    -vo_average:1.322596E+00: -peak_to_peak:7.476025E-01: peak_to_peak:7.476025E-01:     WA_P1:8.023651E-06:WA_P2:3.531737E-06:WA_P3:4.222198E-06:LA_P1:3.244849E-07:LA_P2:6.424531E-07:LA_P3:5.559809E-07:WA_N1:1.978969E-06:WA_N2:3.557105E-06:LA_N1:2.768419E-07:LA_N2:7.798234E-07:
-cost:1.749993E+04:    -vo_average:3.299907E+00: +peak_to_peak:7.081884E-03: peak_to_peak:7.081884E-03:     WA_P1:4.994269E-06:WA_P2:4.400682E-06:WA_P3:6.356552E-06:LA_P1:8.820277E-07:LA_P2:4.397755E-07:LA_P3:8.308549E-07:WA_N1:4.413430E-06:WA_N2:4.579378E-06:LA_N1:9.265682E-07:LA_N2:6.593146E-07:
-cost:1.749993E+04:    -vo_average:3.299907E+00: +peak_to_peak:7.081884E-03: peak_to_peak:7.081884E-03:     WA_P1:4.994269E-06:WA_P2:4.400682E-06:WA_P3:6.356552E-06:LA_P1:8.820277E-07:LA_P2:4.397755E-07:LA_P3:8.308549E-07:WA_N1:4.413430E-06:WA_N2:4.579378E-06:LA_N1:9.265682E-07:LA_N2:6.593146E-07:
-cost:1.750526E+04:    -vo_average:3.300631E+00: +peak_to_peak:4.001722E-07: peak_to_peak:4.001722E-07:     WA_P1:2.071060E-06:WA_P2:1.461501E-06:WA_P3:5.373747E-06:LA_P1:3.152025E-07:LA_P2:3.003244E-07:LA_P3:9.109880E-07:WA_N1:3.872058E-06:WA_N2:2.835880E-06:LA_N1:3.810262E-07:LA_N2:4.812845E-07:
-cost:1.750526E+04:    -vo_average:3.300631E+00: +peak_to_peak:4.001722E-07: peak_to_peak:4.001722E-07:     WA_P1:2.071060E-06:WA_P2:1.461501E-06:WA_P3:5.373747E-06:LA_P1:3.152025E-07:LA_P2:3.003244E-07:LA_P3:9.109880E-07:WA_N1:3.872058E-06:WA_N2:2.835880E-06:LA_N1:3.810262E-07:LA_N2:4.812845E-07:
-cost:2.813655E+04:    -vo_average:1.216041E+00: -peak_to_peak:3.799908E-02: peak_to_peak:3.799908E-02:     WA_P1:9.810690E-06:WA_P2:4.500449E-06:WA_P3:2.679541E-06:LA_P1:1.144851E-07:LA_P2:2.449455E-07:LA_P3:9.495884E-07:WA_N1:3.398601E-06:WA_N2:3.906990E-06:LA_N1:3.254714E-07:LA_N2:4.184860E-07:
-cost:2.813655E+04:    -vo_average:1.216041E+00: -peak_to_peak:3.799908E-02: peak_to_peak:3.799908E-02:     WA_P1:9.810690E-06:WA_P2:4.500449E-06:WA_P3:2.679541E-06:LA_P1:1.144851E-07:LA_P2:2.449455E-07:LA_P3:9.495884E-07:WA_N1:3.398601E-06:WA_N2:3.906990E-06:LA_N1:3.254714E-07:LA_N2:4.184860E-07:
-cost:1.750528E+04:    -vo_average:3.300633E+00: +peak_to_peak:5.648861E-07: peak_to_peak:5.648861E-07:     WA_P1:8.801530E-06:WA_P2:1.546547E-06:WA_P3:8.133151E-06:LA_P1:2.182549E-07:LA_P2:2.539384E-07:LA_P3:7.573749E-07:WA_N1:4.330005E-06:WA_N2:6.394285E-07:LA_N1:2.755947E-07:LA_N2:2.943788E-07:
-cost:1.750528E+04:    -vo_average:3.300633E+00: +peak_to_peak:5.648861E-07: peak_to_peak:5.648861E-07:     WA_P1:8.801530E-06:WA_P2:1.546547E-06:WA_P3:8.133151E-06:LA_P1:2.182549E-07:LA_P2:2.539384E-07:LA_P3:7.573749E-07:WA_N1:4.330005E-06:WA_N2:6.394285E-07:LA_N1:2.755947E-07:LA_N2:2.943788E-07:
-cost:2.066950E+06:    -vo_average:2.490810E+00: -peak_to_peak:2.065987E+00: peak_to_peak:2.065987E+00:     WA_P1:4.019664E-06:WA_P2:2.103653E-06:WA_P3:2.999292E-06:LA_P1:8.013470E-07:LA_P2:5.117209E-07:LA_P3:7.916657E-07:WA_N1:3.806643E-06:WA_N2:2.148441E-06:LA_N1:1.364850E-07:LA_N2:1.782972E-07:
-cost:2.066950E+06:    -vo_average:2.490810E+00: -peak_to_peak:2.065987E+00: peak_to_peak:2.065987E+00:     WA_P1:4.019664E-06:WA_P2:2.103653E-06:WA_P3:2.999292E-06:LA_P1:8.013470E-07:LA_P2:5.117209E-07:LA_P3:7.916657E-07:WA_N1:3.806643E-06:WA_N2:2.148441E-06:LA_N1:1.364850E-07:LA_N2:1.782972E-07:
-cost:1.432649E+06:    -vo_average:2.927064E+00: -peak_to_peak:1.428114E+00: peak_to_peak:1.428114E+00:     WA_P1:9.253404E-06:WA_P2:2.220947E-06:WA_P3:2.937108E-06:LA_P1:6.844651E-07:LA_P2:3.260147E-07:LA_P3:5.044478E-07:WA_N1:3.821486E-06:WA_N2:4.569669E-06:LA_N1:5.891819E-07:LA_N2:6.307999E-07:
-cost:1.432649E+06:    -vo_average:2.927064E+00: -peak_to_peak:1.428114E+00: peak_to_peak:1.428114E+00:     WA_P1:9.253404E-06:WA_P2:2.220947E-06:WA_P3:2.937108E-06:LA_P1:6.844651E-07:LA_P2:3.260147E-07:LA_P3:5.044478E-07:WA_N1:3.821486E-06:WA_N2:4.569669E-06:LA_N1:5.891819E-07:LA_N2:6.307999E-07:
-cost:1.750528E+04:    -vo_average:3.300633E+00: +peak_to_peak:3.876023E-07: peak_to_peak:3.876023E-07:     WA_P1:7.497519E-06:WA_P2:4.877865E-06:WA_P3:1.917512E-06:LA_P1:1.599357E-07:LA_P2:6.580308E-07:LA_P3:2.940822E-07:WA_N1:2.634874E-06:WA_N2:1.259794E-06:LA_N1:4.053008E-07:LA_N2:9.442128E-07:
-cost:1.750528E+04:    -vo_average:3.300633E+00: +peak_to_peak:3.876023E-07: peak_to_peak:3.876023E-07:     WA_P1:7.497519E-06:WA_P2:4.877865E-06:WA_P3:1.917512E-06:LA_P1:1.599357E-07:LA_P2:6.580308E-07:LA_P3:2.940822E-07:WA_N1:2.634874E-06:WA_N2:1.259794E-06:LA_N1:4.053008E-07:LA_N2:9.442128E-07:
-cost:2.750632E+06:    -vo_average:2.000199E+00: -peak_to_peak:2.753688E+00: peak_to_peak:2.753688E+00:     WA_P1:5.025935E-06:WA_P2:1.631472E-06:WA_P3:6.148892E-06:LA_P1:5.047947E-07:LA_P2:8.798688E-07:LA_P3:3.151111E-07:WA_N1:2.749603E-06:WA_N2:3.582423E-06:LA_N1:6.140170E-07:LA_N2:4.687092E-07:
-cost:2.750632E+06:    -vo_average:2.000199E+00: -peak_to_peak:2.753688E+00: peak_to_peak:2.753688E+00:     WA_P1:5.025935E-06:WA_P2:1.631472E-06:WA_P3:6.148892E-06:LA_P1:5.047947E-07:LA_P2:8.798688E-07:LA_P3:3.151111E-07:WA_N1:2.749603E-06:WA_N2:3.582423E-06:LA_N1:6.140170E-07:LA_N2:4.687092E-07:
-cost:9.903363E+05:    -vo_average:3.084295E+00: -peak_to_peak:9.845354E-01: peak_to_peak:9.845354E-01:     WA_P1:8.917472E-06:WA_P2:4.155925E-06:WA_P3:8.314413E-06:LA_P1:8.684504E-07:LA_P2:7.025995E-07:LA_P3:4.588705E-07:WA_N1:3.991672E-06:WA_N2:4.951706E-06:LA_N1:6.245775E-07:LA_N2:8.956016E-07:
-cost:9.903363E+05:    -vo_average:3.084295E+00: -peak_to_peak:9.845354E-01: peak_to_peak:9.845354E-01:     WA_P1:8.917472E-06:WA_P2:4.155925E-06:WA_P3:8.314413E-06:LA_P1:8.684504E-07:LA_P2:7.025995E-07:LA_P3:4.588705E-07:WA_N1:3.991672E-06:WA_N2:4.951706E-06:LA_N1:6.245775E-07:LA_N2:8.956016E-07:
-cost:1.750528E+04:    -vo_average:3.300633E+00: +peak_to_peak:3.924973E-07: peak_to_peak:3.924973E-07:     WA_P1:1.445667E-06:WA_P2:4.381176E-06:WA_P3:9.461341E-06:LA_P1:2.296309E-07:LA_P2:6.812397E-07:LA_P3:7.437483E-07:WA_N1:4.931714E-06:WA_N2:3.153244E-06:LA_N1:8.830580E-07:LA_N2:2.849281E-07:
-cost:1.750528E+04:    -vo_average:3.300633E+00: +peak_to_peak:3.924973E-07: peak_to_peak:3.924973E-07:     WA_P1:1.445667E-06:WA_P2:4.381176E-06:WA_P3:9.461341E-06:LA_P1:2.296309E-07:LA_P2:6.812397E-07:LA_P3:7.437483E-07:WA_N1:4.931714E-06:WA_N2:3.153244E-06:LA_N1:8.830580E-07:LA_N2:2.849281E-07:
-cost:1.763145E+06:    -vo_average:1.031148E+00: -peak_to_peak:1.771561E+00: peak_to_peak:1.771561E+00:     WA_P1:5.304038E-06:WA_P2:2.729265E-06:WA_P3:6.679109E-06:LA_P1:6.331951E-07:LA_P2:2.338903E-07:LA_P3:1.512574E-07:WA_N1:1.467750E-06:WA_N2:3.248090E-06:LA_N1:4.910946E-07:LA_N2:2.528900E-07:
-cost:1.763145E+06:    -vo_average:1.031148E+00: -peak_to_peak:1.771561E+00: peak_to_peak:1.771561E+00:     WA_P1:5.304038E-06:WA_P2:2.729265E-06:WA_P3:6.679109E-06:LA_P1:6.331951E-07:LA_P2:2.338903E-07:LA_P3:1.512574E-07:WA_N1:1.467750E-06:WA_N2:3.248090E-06:LA_N1:4.910946E-07:LA_N2:2.528900E-07:
-cost:1.750528E+04:    -vo_average:3.300633E+00: +peak_to_peak:4.355051E-07: peak_to_peak:4.355051E-07:     WA_P1:6.471751E-06:WA_P2:3.686920E-06:WA_P3:1.639250E-06:LA_P1:8.237340E-07:LA_P2:2.870882E-07:LA_P3:4.403134E-07:WA_N1:2.823694E-06:WA_N2:6.808865E-07:LA_N1:5.958745E-07:LA_N2:1.287294E-07:
-cost:1.750528E+04:    -vo_average:3.300633E+00: +peak_to_peak:4.355051E-07: peak_to_peak:4.355051E-07:     WA_P1:6.471751E-06:WA_P2:3.686920E-06:WA_P3:1.639250E-06:LA_P1:8.237340E-07:LA_P2:2.870882E-07:LA_P3:4.403134E-07:WA_N1:2.823694E-06:WA_N2:6.808865E-07:LA_N1:5.958745E-07:LA_N2:1.287294E-07:
-cost:2.930865E+06:    -vo_average:1.563550E+00: -peak_to_peak:2.937542E+00: peak_to_peak:2.937542E+00:     WA_P1:6.589137E-06:WA_P2:1.665618E-06:WA_P3:8.154634E-06:LA_P1:3.100562E-07:LA_P2:2.488637E-07:LA_P3:4.957987E-07:WA_N1:3.399232E-06:WA_N2:4.302872E-06:LA_N1:8.883911E-07:LA_N2:4.889025E-07:
-cost:2.930865E+06:    -vo_average:1.563550E+00: -peak_to_peak:2.937542E+00: peak_to_peak:2.937542E+00:     WA_P1:6.589137E-06:WA_P2:1.665618E-06:WA_P3:8.154634E-06:LA_P1:3.100562E-07:LA_P2:2.488637E-07:LA_P3:4.957987E-07:WA_N1:3.399232E-06:WA_N2:4.302872E-06:LA_N1:8.883911E-07:LA_N2:4.889025E-07:
-cost:2.377420E+05:    -vo_average:1.225189E+00: -peak_to_peak:2.475073E-01: peak_to_peak:2.475073E-01:     WA_P1:6.356290E-06:WA_P2:1.464490E-06:WA_P3:3.471849E-06:LA_P1:3.650285E-07:LA_P2:7.127820E-07:LA_P3:4.956604E-07:WA_N1:7.909569E-07:WA_N2:2.466771E-06:LA_N1:6.909845E-07:LA_N2:7.364729E-07:
-cost:2.377420E+05:    -vo_average:1.225189E+00: -peak_to_peak:2.475073E-01: peak_to_peak:2.475073E-01:     WA_P1:6.356290E-06:WA_P2:1.464490E-06:WA_P3:3.471849E-06:LA_P1:3.650285E-07:LA_P2:7.127820E-07:LA_P3:4.956604E-07:WA_N1:7.909569E-07:WA_N2:2.466771E-06:LA_N1:6.909845E-07:LA_N2:7.364729E-07:
-cost:1.750528E+04:    -vo_average:3.300633E+00: +peak_to_peak:4.759145E-07: peak_to_peak:4.759145E-07:     WA_P1:5.925244E-06:WA_P2:1.412651E-06:WA_P3:3.754948E-06:LA_P1:9.069806E-07:LA_P2:5.541393E-07:LA_P3:5.678040E-07:WA_N1:2.851643E-06:WA_N2:1.300477E-06:LA_N1:5.727023E-07:LA_N2:5.269556E-07:
-cost:1.750528E+04:    -vo_average:3.300633E+00: +peak_to_peak:4.759145E-07: peak_to_peak:4.759145E-07:     WA_P1:5.925244E-06:WA_P2:1.412651E-06:WA_P3:3.754948E-06:LA_P1:9.069806E-07:LA_P2:5.541393E-07:LA_P3:5.678040E-07:WA_N1:2.851643E-06:WA_N2:1.300477E-06:LA_N1:5.727023E-07:LA_N2:5.269556E-07:
-cost:4.520250E+04:    -vo_average:1.222362E+00: -peak_to_peak:5.501065E-02: peak_to_peak:5.501065E-02:     WA_P1:8.684327E-06:WA_P2:1.921571E-06:WA_P3:3.588592E-06:LA_P1:1.295082E-07:LA_P2:8.439519E-07:LA_P3:8.139299E-07:WA_N1:4.525714E-06:WA_N2:4.961111E-06:LA_N1:1.553078E-07:LA_N2:9.909671E-07:
-cost:4.520250E+04:    -vo_average:1.222362E+00: -peak_to_peak:5.501065E-02: peak_to_peak:5.501065E-02:     WA_P1:8.684327E-06:WA_P2:1.921571E-06:WA_P3:3.588592E-06:LA_P1:1.295082E-07:LA_P2:8.439519E-07:LA_P3:8.139299E-07:WA_N1:4.525714E-06:WA_N2:4.961111E-06:LA_N1:1.553078E-07:LA_N2:9.909671E-07:
-cost:1.060727E+05:    -vo_average:3.286463E+00: -peak_to_peak:9.867566E-02: peak_to_peak:9.867566E-02:     WA_P1:9.622487E-06:WA_P2:2.668276E-06:WA_P3:6.281008E-06:LA_P1:5.631010E-07:LA_P2:9.304967E-07:LA_P3:4.138596E-07:WA_N1:4.657765E-06:WA_N2:2.842423E-06:LA_N1:2.192499E-07:LA_N2:3.605212E-07:
-cost:1.060727E+05:    -vo_average:3.286463E+00: -peak_to_peak:9.867566E-02: peak_to_peak:9.867566E-02:     WA_P1:9.622487E-06:WA_P2:2.668276E-06:WA_P3:6.281008E-06:LA_P1:5.631010E-07:LA_P2:9.304967E-07:LA_P3:4.138596E-07:WA_N1:4.657765E-06:WA_N2:2.842423E-06:LA_N1:2.192499E-07:LA_N2:3.605212E-07:
-cost:1.750528E+04:    -vo_average:3.300633E+00: +peak_to_peak:3.949428E-07: peak_to_peak:3.949428E-07:     WA_P1:1.039054E-06:WA_P2:2.014553E-06:WA_P3:2.447488E-06:LA_P1:4.235011E-07:LA_P2:5.646201E-07:LA_P3:4.720321E-07:WA_N1:4.245195E-06:WA_N2:3.405092E-06:LA_N1:9.197991E-07:LA_N2:3.752926E-07:
-cost:1.750528E+04:    -vo_average:3.300633E+00: +peak_to_peak:3.949428E-07: peak_to_peak:3.949428E-07:     WA_P1:1.039054E-06:WA_P2:2.014553E-06:WA_P3:2.447488E-06:LA_P1:4.235011E-07:LA_P2:5.646201E-07:LA_P3:4.720321E-07:WA_N1:4.245195E-06:WA_N2:3.405092E-06:LA_N1:9.197991E-07:LA_N2:3.752926E-07:
-cost:1.502363E+06:    -vo_average:3.126224E-01: -peak_to_peak:1.504818E+00: peak_to_peak:1.504818E+00:     WA_P1:9.058151E-06:WA_P2:3.643257E-06:WA_P3:4.870846E-06:LA_P1:5.585117E-07:LA_P2:3.755010E-07:LA_P3:3.394940E-07:WA_N1:2.284218E-06:WA_N2:4.188429E-06:LA_N1:4.349836E-07:LA_N2:6.050026E-07:
-cost:1.502363E+06:    -vo_average:3.126224E-01: -peak_to_peak:1.504818E+00: peak_to_peak:1.504818E+00:     WA_P1:9.058151E-06:WA_P2:3.643257E-06:WA_P3:4.870846E-06:LA_P1:5.585117E-07:LA_P2:3.755010E-07:LA_P3:3.394940E-07:WA_N1:2.284218E-06:WA_N2:4.188429E-06:LA_N1:4.349836E-07:LA_N2:6.050026E-07:
-cost:1.750528E+04:    -vo_average:3.300633E+00: +peak_to_peak:6.656121E-07: peak_to_peak:6.656121E-07:     WA_P1:2.243093E-06:WA_P2:4.422108E-06:WA_P3:4.389528E-06:LA_P1:5.493927E-07:LA_P2:1.340824E-07:LA_P3:9.933041E-07:WA_N1:4.093742E-06:WA_N2:5.414820E-07:LA_N1:4.357122E-07:LA_N2:6.768782E-07:
-cost:1.750528E+04:    -vo_average:3.300633E+00: +peak_to_peak:6.656121E-07: peak_to_peak:6.656121E-07:     WA_P1:2.243093E-06:WA_P2:4.422108E-06:WA_P3:4.389528E-06:LA_P1:5.493927E-07:LA_P2:1.340824E-07:LA_P3:9.933041E-07:WA_N1:4.093742E-06:WA_N2:5.414820E-07:LA_N1:4.357122E-07:LA_N2:6.768782E-07:
-cost:1.750528E+04:    -vo_average:3.300633E+00: +peak_to_peak:3.844863E-07: peak_to_peak:3.844863E-07:     WA_P1:9.694810E-06:WA_P2:3.075469E-06:WA_P3:5.076290E-06:LA_P1:3.285008E-07:LA_P2:9.420716E-07:LA_P3:2.540632E-07:WA_N1:1.739749E-06:WA_N2:1.575677E-06:LA_N1:7.126083E-07:LA_N2:8.917806E-07:
-cost:1.750528E+04:    -vo_average:3.300633E+00: +peak_to_peak:3.844863E-07: peak_to_peak:3.844863E-07:     WA_P1:9.694810E-06:WA_P2:3.075469E-06:WA_P3:5.076290E-06:LA_P1:3.285008E-07:LA_P2:9.420716E-07:LA_P3:2.540632E-07:WA_N1:1.739749E-06:WA_N2:1.575677E-06:LA_N1:7.126083E-07:LA_N2:8.917806E-07:
-cost:1.750494E+04:    -vo_average:3.300593E+00: +peak_to_peak:5.344229E-07: peak_to_peak:5.344229E-07:     WA_P1:3.264727E-06:WA_P2:1.128217E-06:WA_P3:6.473778E-06:LA_P1:6.891808E-07:LA_P2:3.708249E-07:LA_P3:6.563361E-07:WA_N1:2.293548E-06:WA_N2:2.265943E-06:LA_N1:9.820988E-07:LA_N2:5.843126E-07:
-cost:1.750494E+04:    -vo_average:3.300593E+00: +peak_to_peak:5.344229E-07: peak_to_peak:5.344229E-07:     WA_P1:3.264727E-06:WA_P2:1.128217E-06:WA_P3:6.473778E-06:LA_P1:6.891808E-07:LA_P2:3.708249E-07:LA_P3:6.563361E-07:WA_N1:2.293548E-06:WA_N2:2.265943E-06:LA_N1:9.820988E-07:LA_N2:5.843126E-07:
-cost:4.495501E+04:    -vo_average:1.217114E+00: -peak_to_peak:5.480691E-02: peak_to_peak:5.480691E-02:     WA_P1:5.329430E-06:WA_P2:1.594482E-06:WA_P3:8.686869E-06:LA_P1:7.752004E-07:LA_P2:4.502657E-07:LA_P3:5.659736E-07:WA_N1:8.958262E-07:WA_N2:3.450769E-06:LA_N1:1.576258E-07:LA_N2:9.382200E-07:
-cost:4.495501E+04:    -vo_average:1.217114E+00: -peak_to_peak:5.480691E-02: peak_to_peak:5.480691E-02:     WA_P1:5.329430E-06:WA_P2:1.594482E-06:WA_P3:8.686869E-06:LA_P1:7.752004E-07:LA_P2:4.502657E-07:LA_P3:5.659736E-07:WA_N1:8.958262E-07:WA_N2:3.450769E-06:LA_N1:1.576258E-07:LA_N2:9.382200E-07:
-cost:2.045364E+05:    -vo_average:1.232680E+00: -peak_to_peak:2.142426E-01: peak_to_peak:2.142426E-01:     WA_P1:8.660384E-06:WA_P2:6.979288E-07:WA_P3:5.504154E-06:LA_P1:1.432884E-07:LA_P2:1.945026E-07:LA_P3:1.190380E-07:WA_N1:3.684389E-06:WA_N2:4.999894E-06:LA_N1:6.770546E-07:LA_N2:5.926260E-07:
-cost:2.045364E+05:    -vo_average:1.232680E+00: -peak_to_peak:2.142426E-01: peak_to_peak:2.142426E-01:     WA_P1:8.660384E-06:WA_P2:6.979288E-07:WA_P3:5.504154E-06:LA_P1:1.432884E-07:LA_P2:1.945026E-07:LA_P3:1.190380E-07:WA_N1:3.684389E-06:WA_N2:4.999894E-06:LA_N1:6.770546E-07:LA_N2:5.926260E-07:
-cost:1.750528E+04:    -vo_average:3.300633E+00: +peak_to_peak:4.309185E-07: peak_to_peak:4.309185E-07:     WA_P1:6.495196E-06:WA_P2:6.924271E-07:WA_P3:7.090882E-06:LA_P1:6.003629E-07:LA_P2:6.352811E-07:LA_P3:5.066176E-07:WA_N1:4.045197E-06:WA_N2:2.248302E-06:LA_N1:5.171261E-07:LA_N2:9.021984E-07:
-cost:1.750528E+04:    -vo_average:3.300633E+00: +peak_to_peak:4.309185E-07: peak_to_peak:4.309185E-07:     WA_P1:6.495196E-06:WA_P2:6.924271E-07:WA_P3:7.090882E-06:LA_P1:6.003629E-07:LA_P2:6.352811E-07:LA_P3:5.066176E-07:WA_N1:4.045197E-06:WA_N2:2.248302E-06:LA_N1:5.171261E-07:LA_N2:9.021984E-07:
-cost:1.750528E+04:    -vo_average:3.300633E+00: +peak_to_peak:3.876382E-07: peak_to_peak:3.876382E-07:     WA_P1:2.593295E-06:WA_P2:1.893621E-06:WA_P3:7.852340E-06:LA_P1:5.079960E-07:LA_P2:8.888853E-07:LA_P3:5.535801E-07:WA_N1:3.344965E-06:WA_N2:2.367828E-06:LA_N1:7.485899E-07:LA_N2:5.411821E-07:
-cost:1.750528E+04:    -vo_average:3.300633E+00: +peak_to_peak:3.876382E-07: peak_to_peak:3.876382E-07:     WA_P1:2.593295E-06:WA_P2:1.893621E-06:WA_P3:7.852340E-06:LA_P1:5.079960E-07:LA_P2:8.888853E-07:LA_P3:5.535801E-07:WA_N1:3.344965E-06:WA_N2:2.367828E-06:LA_N1:7.485899E-07:LA_N2:5.411821E-07:
-cost:5.792084E+05:    -vo_average:3.921152E-02: -peak_to_peak:5.794772E-01: peak_to_peak:5.794772E-01:     WA_P1:1.192391E-06:WA_P2:5.939487E-07:WA_P3:1.883358E-06:LA_P1:6.108474E-07:LA_P2:2.355425E-07:LA_P3:7.426794E-07:WA_N1:1.701481E-06:WA_N2:3.556978E-06:LA_N1:6.634981E-07:LA_N2:5.667312E-07:
-cost:5.792084E+05:    -vo_average:3.921152E-02: -peak_to_peak:5.794772E-01: peak_to_peak:5.794772E-01:     WA_P1:1.192391E-06:WA_P2:5.939487E-07:WA_P3:1.883358E-06:LA_P1:6.108474E-07:LA_P2:2.355425E-07:LA_P3:7.426794E-07:WA_N1:1.701481E-06:WA_N2:3.556978E-06:LA_N1:6.634981E-07:LA_N2:5.667312E-07:
-cost:1.649473E+06:    -vo_average:3.402469E-01: -peak_to_peak:1.652143E+00: peak_to_peak:1.652143E+00:     WA_P1:4.286106E-06:WA_P2:1.371674E-06:WA_P3:3.351105E-06:LA_P1:5.867923E-07:LA_P2:5.776631E-07:LA_P3:9.152667E-07:WA_N1:2.806889E-06:WA_N2:4.710260E-06:LA_N1:3.976039E-07:LA_N2:9.052052E-07:
-cost:1.649473E+06:    -vo_average:3.402469E-01: -peak_to_peak:1.652143E+00: peak_to_peak:1.652143E+00:     WA_P1:4.286106E-06:WA_P2:1.371674E-06:WA_P3:3.351105E-06:LA_P1:5.867923E-07:LA_P2:5.776631E-07:LA_P3:9.152667E-07:WA_N1:2.806889E-06:WA_N2:4.710260E-06:LA_N1:3.976039E-07:LA_N2:9.052052E-07:
-cost:2.121321E+04:    -vo_average:1.222050E+00: -peak_to_peak:3.102636E-02: peak_to_peak:3.102636E-02:     WA_P1:2.104558E-06:WA_P2:3.855348E-06:WA_P3:4.777807E-06:LA_P1:1.154389E-07:LA_P2:5.468081E-07:LA_P3:7.207074E-07:WA_N1:2.169990E-06:WA_N2:3.969608E-06:LA_N1:3.479839E-07:LA_N2:4.104819E-07:
-cost:2.121321E+04:    -vo_average:1.222050E+00: -peak_to_peak:3.102636E-02: peak_to_peak:3.102636E-02:     WA_P1:2.104558E-06:WA_P2:3.855348E-06:WA_P3:4.777807E-06:LA_P1:1.154389E-07:LA_P2:5.468081E-07:LA_P3:7.207074E-07:WA_N1:2.169990E-06:WA_N2:3.969608E-06:LA_N1:3.479839E-07:LA_N2:4.104819E-07:
-cost:1.750528E+04:    -vo_average:3.300633E+00: +peak_to_peak:4.957775E-07: peak_to_peak:4.957775E-07:     WA_P1:4.138049E-06:WA_P2:3.213258E-06:WA_P3:1.290829E-06:LA_P1:1.360726E-07:LA_P2:8.004463E-07:LA_P3:3.797662E-07:WA_N1:4.069767E-06:WA_N2:1.028373E-06:LA_N1:9.539843E-07:LA_N2:5.335589E-07:
-cost:1.750528E+04:    -vo_average:3.300633E+00: +peak_to_peak:4.957775E-07: peak_to_peak:4.957775E-07:     WA_P1:4.138049E-06:WA_P2:3.213258E-06:WA_P3:1.290829E-06:LA_P1:1.360726E-07:LA_P2:8.004463E-07:LA_P3:3.797662E-07:WA_N1:4.069767E-06:WA_N2:1.028373E-06:LA_N1:9.539843E-07:LA_N2:5.335589E-07:
-cost:4.708882E+05:    -vo_average:2.591466E-02: -peak_to_peak:4.710570E-01: peak_to_peak:4.710570E-01:     WA_P1:3.218261E-06:WA_P2:9.259358E-07:WA_P3:5.764923E-06:LA_P1:8.130700E-07:LA_P2:3.440311E-07:LA_P3:3.125871E-07:WA_N1:2.644612E-06:WA_N2:4.141972E-06:LA_N1:3.363291E-07:LA_N2:2.155824E-07:
-cost:4.708882E+05:    -vo_average:2.591466E-02: -peak_to_peak:4.710570E-01: peak_to_peak:4.710570E-01:     WA_P1:3.218261E-06:WA_P2:9.259358E-07:WA_P3:5.764923E-06:LA_P1:8.130700E-07:LA_P2:3.440311E-07:LA_P3:3.125871E-07:WA_N1:2.644612E-06:WA_N2:4.141972E-06:LA_N1:3.363291E-07:LA_N2:2.155824E-07:
-cost:3.965296E+04:    -vo_average:1.258195E+00: -peak_to_peak:4.916309E-02: peak_to_peak:4.916309E-02:     WA_P1:5.047320E-06:WA_P2:1.481387E-06:WA_P3:4.741841E-06:LA_P1:6.906052E-07:LA_P2:8.993862E-07:LA_P3:5.351189E-07:WA_N1:2.293521E-06:WA_N2:4.157498E-06:LA_N1:8.104400E-07:LA_N2:1.172372E-07:
-cost:3.965296E+04:    -vo_average:1.258195E+00: -peak_to_peak:4.916309E-02: peak_to_peak:4.916309E-02:     WA_P1:5.047320E-06:WA_P2:1.481387E-06:WA_P3:4.741841E-06:LA_P1:6.906052E-07:LA_P2:8.993862E-07:LA_P3:5.351189E-07:WA_N1:2.293521E-06:WA_N2:4.157498E-06:LA_N1:8.104400E-07:LA_N2:1.172372E-07:
-cost:1.750501E+04:    -vo_average:3.300601E+00: +peak_to_peak:3.886893E-07: peak_to_peak:3.886893E-07:     WA_P1:3.627608E-06:WA_P2:2.267948E-06:WA_P3:8.309726E-06:LA_P1:5.187949E-07:LA_P2:7.823134E-07:LA_P3:9.478771E-07:WA_N1:3.495015E-06:WA_N2:3.566994E-06:LA_N1:5.005497E-07:LA_N2:9.756650E-07:
-cost:1.750501E+04:    -vo_average:3.300601E+00: +peak_to_peak:3.886893E-07: peak_to_peak:3.886893E-07:     WA_P1:3.627608E-06:WA_P2:2.267948E-06:WA_P3:8.309726E-06:LA_P1:5.187949E-07:LA_P2:7.823134E-07:LA_P3:9.478771E-07:WA_N1:3.495015E-06:WA_N2:3.566994E-06:LA_N1:5.005497E-07:LA_N2:9.756650E-07:
-cost:4.739081E+04:    -vo_average:1.217105E+00: -peak_to_peak:5.724254E-02: peak_to_peak:5.724254E-02:     WA_P1:7.624870E-06:WA_P2:3.612864E-06:WA_P3:7.060100E-06:LA_P1:8.291489E-07:LA_P2:6.577862E-07:LA_P3:5.442601E-07:WA_N1:1.384558E-06:WA_N2:4.532830E-06:LA_N1:3.776354E-07:LA_N2:7.792925E-07:
-cost:4.739081E+04:    -vo_average:1.217105E+00: -peak_to_peak:5.724254E-02: peak_to_peak:5.724254E-02:     WA_P1:7.624870E-06:WA_P2:3.612864E-06:WA_P3:7.060100E-06:LA_P1:8.291489E-07:LA_P2:6.577862E-07:LA_P3:5.442601E-07:WA_N1:1.384558E-06:WA_N2:4.532830E-06:LA_N1:3.776354E-07:LA_N2:7.792925E-07:
-cost:1.750528E+04:    -vo_average:3.300633E+00: +peak_to_peak:4.705319E-07: peak_to_peak:4.705319E-07:     WA_P1:8.072011E-06:WA_P2:2.563856E-06:WA_P3:7.476841E-06:LA_P1:3.663726E-07:LA_P2:6.173911E-07:LA_P3:2.284847E-07:WA_N1:4.393741E-06:WA_N2:1.442642E-06:LA_N1:6.811830E-07:LA_N2:2.034398E-07:
-cost:1.750528E+04:    -vo_average:3.300633E+00: +peak_to_peak:4.705319E-07: peak_to_peak:4.705319E-07:     WA_P1:8.072011E-06:WA_P2:2.563856E-06:WA_P3:7.476841E-06:LA_P1:3.663726E-07:LA_P2:6.173911E-07:LA_P3:2.284847E-07:WA_N1:4.393741E-06:WA_N2:1.442642E-06:LA_N1:6.811830E-07:LA_N2:2.034398E-07:
-cost:3.412700E+04:    -vo_average:1.226926E+00: -peak_to_peak:4.389823E-02: peak_to_peak:4.389823E-02:     WA_P1:8.316455E-06:WA_P2:9.926620E-07:WA_P3:6.769894E-06:LA_P1:5.039476E-07:LA_P2:9.650296E-07:LA_P3:7.427388E-07:WA_N1:9.506484E-07:WA_N2:3.686791E-06:LA_N1:8.750491E-07:LA_N2:2.944585E-07:
-cost:3.412700E+04:    -vo_average:1.226926E+00: -peak_to_peak:4.389823E-02: peak_to_peak:4.389823E-02:     WA_P1:8.316455E-06:WA_P2:9.926620E-07:WA_P3:6.769894E-06:LA_P1:5.039476E-07:LA_P2:9.650296E-07:LA_P3:7.427388E-07:WA_N1:9.506484E-07:WA_N2:3.686791E-06:LA_N1:8.750491E-07:LA_N2:2.944585E-07:
-cost:1.750528E+04:    -vo_average:3.300633E+00: +peak_to_peak:5.232698E-07: peak_to_peak:5.232698E-07:     WA_P1:6.473677E-06:WA_P2:2.313830E-06:WA_P3:4.044063E-06:LA_P1:8.365187E-07:LA_P2:8.397526E-07:LA_P3:7.826780E-07:WA_N1:4.778064E-06:WA_N2:2.099922E-06:LA_N1:7.378685E-07:LA_N2:5.602898E-07:
-cost:1.750528E+04:    -vo_average:3.300633E+00: +peak_to_peak:5.232698E-07: peak_to_peak:5.232698E-07:     WA_P1:6.473677E-06:WA_P2:2.313830E-06:WA_P3:4.044063E-06:LA_P1:8.365187E-07:LA_P2:8.397526E-07:LA_P3:7.826780E-07:WA_N1:4.778064E-06:WA_N2:2.099922E-06:LA_N1:7.378685E-07:LA_N2:5.602898E-07:
-cost:1.750528E+04:    -vo_average:3.300633E+00: +peak_to_peak:4.001518E-07: peak_to_peak:4.001518E-07:     WA_P1:7.127905E-06:WA_P2:1.024437E-06:WA_P3:8.840543E-06:LA_P1:4.041020E-07:LA_P2:5.141985E-07:LA_P3:6.870977E-07:WA_N1:3.364283E-06:WA_N2:1.360081E-06:LA_N1:1.660802E-07:LA_N2:2.996679E-07:
-cost:1.750528E+04:    -vo_average:3.300633E+00: +peak_to_peak:4.001518E-07: peak_to_peak:4.001518E-07:     WA_P1:7.127905E-06:WA_P2:1.024437E-06:WA_P3:8.840543E-06:LA_P1:4.041020E-07:LA_P2:5.141985E-07:LA_P3:6.870977E-07:WA_N1:3.364283E-06:WA_N2:1.360081E-06:LA_N1:1.660802E-07:LA_N2:2.996679E-07:
-cost:5.587239E+05:    -vo_average:1.331811E+00: -peak_to_peak:5.675687E-01: peak_to_peak:5.675687E-01:     WA_P1:9.681345E-06:WA_P2:2.407862E-06:WA_P3:5.955576E-06:LA_P1:6.146280E-07:LA_P2:1.858758E-07:LA_P3:1.795537E-07:WA_N1:1.749896E-06:WA_N2:4.663801E-06:LA_N1:9.929437E-07:LA_N2:9.170629E-07:
-cost:5.587239E+05:    -vo_average:1.331811E+00: -peak_to_peak:5.675687E-01: peak_to_peak:5.675687E-01:     WA_P1:9.681345E-06:WA_P2:2.407862E-06:WA_P3:5.955576E-06:LA_P1:6.146280E-07:LA_P2:1.858758E-07:LA_P3:1.795537E-07:WA_N1:1.749896E-06:WA_N2:4.663801E-06:LA_N1:9.929437E-07:LA_N2:9.170629E-07:
-cost:1.750528E+04:    -vo_average:3.300633E+00: +peak_to_peak:4.850160E-07: peak_to_peak:4.850160E-07:     WA_P1:7.566955E-06:WA_P2:2.763788E-06:WA_P3:2.079604E-06:LA_P1:3.677494E-07:LA_P2:2.398184E-07:LA_P3:9.774365E-07:WA_N1:4.864726E-06:WA_N2:2.639079E-06:LA_N1:7.555734E-07:LA_N2:4.078892E-07:
-cost:1.750528E+04:    -vo_average:3.300633E+00: +peak_to_peak:4.850160E-07: peak_to_peak:4.850160E-07:     WA_P1:7.566955E-06:WA_P2:2.763788E-06:WA_P3:2.079604E-06:LA_P1:3.677494E-07:LA_P2:2.398184E-07:LA_P3:9.774365E-07:WA_N1:4.864726E-06:WA_N2:2.639079E-06:LA_N1:7.555734E-07:LA_N2:4.078892E-07:
-cost:3.624119E+04:    -vo_average:1.233052E+00: -peak_to_peak:4.596116E-02: peak_to_peak:4.596116E-02:     WA_P1:6.530202E-06:WA_P2:1.416820E-06:WA_P3:5.261474E-06:LA_P1:1.482724E-07:LA_P2:9.432494E-07:LA_P3:9.144209E-07:WA_N1:7.742583E-07:WA_N2:4.252497E-06:LA_N1:7.644213E-07:LA_N2:2.035281E-07:
-cost:3.624119E+04:    -vo_average:1.233052E+00: -peak_to_peak:4.596116E-02: peak_to_peak:4.596116E-02:     WA_P1:6.530202E-06:WA_P2:1.416820E-06:WA_P3:5.261474E-06:LA_P1:1.482724E-07:LA_P2:9.432494E-07:LA_P3:9.144209E-07:WA_N1:7.742583E-07:WA_N2:4.252497E-06:LA_N1:7.644213E-07:LA_N2:2.035281E-07:
-cost:1.750528E+04:    -vo_average:3.300633E+00: +peak_to_peak:4.614444E-07: peak_to_peak:4.614444E-07:     WA_P1:1.020726E-06:WA_P2:3.876057E-06:WA_P3:6.563738E-06:LA_P1:6.231522E-07:LA_P2:7.871473E-07:LA_P3:7.252745E-07:WA_N1:2.270396E-06:WA_N2:1.090631E-06:LA_N1:8.401558E-07:LA_N2:4.372937E-07:
-cost:1.750528E+04:    -vo_average:3.300633E+00: +peak_to_peak:4.614444E-07: peak_to_peak:4.614444E-07:     WA_P1:1.020726E-06:WA_P2:3.876057E-06:WA_P3:6.563738E-06:LA_P1:6.231522E-07:LA_P2:7.871473E-07:LA_P3:7.252745E-07:WA_N1:2.270396E-06:WA_N2:1.090631E-06:LA_N1:8.401558E-07:LA_N2:4.372937E-07:
-cost:1.660406E+05:    -vo_average:3.278859E+00: -peak_to_peak:1.587009E-01: peak_to_peak:1.587009E-01:     WA_P1:4.277808E-06:WA_P2:4.586286E-06:WA_P3:1.229430E-06:LA_P1:5.691734E-07:LA_P2:2.301924E-07:LA_P3:7.433767E-07:WA_N1:2.514398E-06:WA_N2:2.670595E-06:LA_N1:4.393526E-07:LA_N2:3.907632E-07:
-cost:1.660406E+05:    -vo_average:3.278859E+00: -peak_to_peak:1.587009E-01: peak_to_peak:1.587009E-01:     WA_P1:4.277808E-06:WA_P2:4.586286E-06:WA_P3:1.229430E-06:LA_P1:5.691734E-07:LA_P2:2.301924E-07:LA_P3:7.433767E-07:WA_N1:2.514398E-06:WA_N2:2.670595E-06:LA_N1:4.393526E-07:LA_N2:3.907632E-07:
-cost:1.676081E+04:    -vo_average:1.220809E+00: -peak_to_peak:2.658474E-02: peak_to_peak:2.658474E-02:     WA_P1:2.776245E-06:WA_P2:3.314356E-06:WA_P3:2.109422E-06:LA_P1:1.045348E-07:LA_P2:5.534405E-07:LA_P3:2.839945E-07:WA_N1:7.951321E-07:WA_N2:1.402528E-06:LA_N1:7.367514E-07:LA_N2:2.470293E-07:
-cost:1.676081E+04:    -vo_average:1.220809E+00: -peak_to_peak:2.658474E-02: peak_to_peak:2.658474E-02:     WA_P1:2.776245E-06:WA_P2:3.314356E-06:WA_P3:2.109422E-06:LA_P1:1.045348E-07:LA_P2:5.534405E-07:LA_P3:2.839945E-07:WA_N1:7.951321E-07:WA_N2:1.402528E-06:LA_N1:7.367514E-07:LA_N2:2.470293E-07:
