*cost: 1.15118
para:  alpha 1 ||  k1 0.82 ||  mus 1200 ||  muz 997 ||  u00 0.156 ||  u1 0.25 ||  vfb0 -0.29 ||  x2m -5 ||  x3ms 12.5 || 
meas:  comp1= 0.57559 ||  comp2= 0.57559 || 
*cost: 0.83198
para:  alpha 1 ||  k1 1 ||  mus 1200 ||  muz 997 ||  u00 0.156 ||  u1 0.25 ||  vfb0 -0.29 ||  x2m -5 ||  x3ms 12.5 || 
meas:  comp1= 0.41599 ||  comp2= 0.41599 || 
*cost: 1.7455
para:  alpha 1 ||  k1 0.82 ||  mus 1500 ||  muz 997 ||  u00 0.156 ||  u1 0.25 ||  vfb0 -0.29 ||  x2m -5 ||  x3ms 12.5 || 
meas:  comp1= 0.87275 ||  comp2= 0.87275 || 
*cost: 1.6524
para:  alpha 1 ||  k1 0.82 ||  mus 1200 ||  muz 1297 ||  u00 0.156 ||  u1 0.25 ||  vfb0 -0.29 ||  x2m -5 ||  x3ms 12.5 || 
meas:  comp1= 0.8262 ||  comp2= 0.8262 || 
*cost: 0.56704
para:  alpha 1 ||  k1 0.82 ||  mus 1200 ||  muz 997 ||  u00 0.281 ||  u1 0.25 ||  vfb0 -0.29 ||  x2m -5 ||  x3ms 12.5 || 
meas:  comp1= 0.28352 ||  comp2= 0.28352 || 
*cost: 0.8539
para:  alpha 1 ||  k1 0.82 ||  mus 1200 ||  muz 997 ||  u00 0.156 ||  u1 0.5 ||  vfb0 -0.29 ||  x2m -5 ||  x3ms 12.5 || 
meas:  comp1= 0.42695 ||  comp2= 0.42695 || 
*cost: 1.32368
para:  alpha 1 ||  k1 0.82 ||  mus 1200 ||  muz 997 ||  u00 0.156 ||  u1 0.25 ||  vfb0 0.45 ||  x2m -5 ||  x3ms 12.5 || 
meas:  comp1= 0.66184 ||  comp2= 0.66184 || 
*cost: 1.15118
para:  alpha 1 ||  k1 0.82 ||  mus 1200 ||  muz 997 ||  u00 0.156 ||  u1 0.25 ||  vfb0 -0.29 ||  x2m 0 ||  x3ms 12.5 || 
meas:  comp1= 0.57559 ||  comp2= 0.57559 || 
*cost: 1.14894
para:  alpha 1 ||  k1 0.82 ||  mus 1200 ||  muz 997 ||  u00 0.156 ||  u1 0.25 ||  vfb0 -0.29 ||  x2m -5 ||  x3ms 25 || 
meas:  comp1= 0.57447 ||  comp2= 0.57447 || 
*cost: 1.53392
para:  alpha 1 ||  k1 0.64 ||  mus 1200 ||  muz 997 ||  u00 0.156 ||  u1 0.25 ||  vfb0 -0.29 ||  x2m -5 ||  x3ms 12.5 || 
meas:  comp1= 0.76696 ||  comp2= 0.76696 || 
*cost: 0.82632
para:  alpha 1 ||  k1 0.82 ||  mus 900 ||  muz 997 ||  u00 0.156 ||  u1 0.25 ||  vfb0 -0.29 ||  x2m -5 ||  x3ms 12.5 || 
meas:  comp1= 0.41316 ||  comp2= 0.41316 || 
*cost: 1.04794
para:  alpha 1 ||  k1 0.82 ||  mus 1200 ||  muz 697 ||  u00 0.156 ||  u1 0.25 ||  vfb0 -0.29 ||  x2m -5 ||  x3ms 12.5 || 
meas:  comp1= 0.52397 ||  comp2= 0.52397 || 
*cost: 2.2256
para:  alpha 1 ||  k1 0.82 ||  mus 1200 ||  muz 997 ||  u00 0.031 ||  u1 0.25 ||  vfb0 -0.29 ||  x2m -5 ||  x3ms 12.5 || 
meas:  comp1= 1.1128 ||  comp2= 1.1128 || 
*cost: 1.60356
para:  alpha 1 ||  k1 0.82 ||  mus 1200 ||  muz 997 ||  u00 0.156 ||  u1 0 ||  vfb0 -0.29 ||  x2m -5 ||  x3ms 12.5 || 
meas:  comp1= 0.80178 ||  comp2= 0.80178 || 
*cost: 2.6554
para:  alpha 1 ||  k1 0.82 ||  mus 1200 ||  muz 997 ||  u00 0.156 ||  u1 0.25 ||  vfb0 -1.04 ||  x2m -5 ||  x3ms 12.5 || 
meas:  comp1= 1.3277 ||  comp2= 1.3277 || 
*cost: 1.15118
para:  alpha 1 ||  k1 0.82 ||  mus 1200 ||  muz 997 ||  u00 0.156 ||  u1 0.25 ||  vfb0 -0.29 ||  x2m -10 ||  x3ms 12.5 || 
meas:  comp1= 0.57559 ||  comp2= 0.57559 || 
*cost: 1.15344
para:  alpha 1 ||  k1 0.82 ||  mus 1200 ||  muz 997 ||  u00 0.156 ||  u1 0.25 ||  vfb0 -0.29 ||  x2m -5 ||  x3ms 0 || 
meas:  comp1= 0.57672 ||  comp2= 0.57672 || 
*cost: 0.44914
para:  alpha 1 ||  k1 0.91 ||  mus 1044 ||  muz 909 ||  u00 0.318 ||  u1 0.369 ||  vfb0 -0.07 ||  x2m -5 ||  x3ms 12.54 || 
meas:  comp1= 0.22457 ||  comp2= 0.22457 || 
*cost: 0.38182
para:  alpha 1 ||  k1 0.92 ||  mus 1049 ||  muz 920 ||  u00 0.249 ||  u1 0.372 ||  vfb0 -0.08 ||  x2m -5 ||  x3ms 12.5 || 
meas:  comp1= 0.19091 ||  comp2= 0.19091 || 
*cost: 0.27256
para:  alpha 1 ||  k1 0.85 ||  mus 1062 ||  muz 924 ||  u00 0.285 ||  u1 0.337 ||  vfb0 -0.08 ||  x2m -5 ||  x3ms 12.56 || 
meas:  comp1= 0.13628 ||  comp2= 0.13628 || 
*cost: 0.31746
para:  alpha 1 ||  k1 0.7 ||  mus 942 ||  muz 873 ||  u00 0.312 ||  u1 0.394 ||  vfb0 0 ||  x2m -5 ||  x3ms 12.73 || 
meas:  comp1= 0.15873 ||  comp2= 0.15873 || 
*cost: 0.4479
para:  alpha 1 ||  k1 0.89 ||  mus 974 ||  muz 898 ||  u00 0.26 ||  u1 0.35 ||  vfb0 -0.04 ||  x2m -5 ||  x3ms 12.66 || 
meas:  comp1= 0.22395 ||  comp2= 0.22395 || 
*cost: 0.33002
para:  alpha 1 ||  k1 0.85 ||  mus 1044 ||  muz 915 ||  u00 0.302 ||  u1 0.316 ||  vfb0 -0.06 ||  x2m -5 ||  x3ms 12.57 || 
meas:  comp1= 0.16501 ||  comp2= 0.16501 || 
*cost: 0.27086
para:  alpha 1 ||  k1 0.83 ||  mus 1106 ||  muz 933 ||  u00 0.291 ||  u1 0.383 ||  vfb0 -0.06 ||  x2m -5 ||  x3ms 12.38 || 
meas:  comp1= 0.13543 ||  comp2= 0.13543 || 
*cost: 0.313
para:  alpha 1 ||  k1 0.84 ||  mus 1099 ||  muz 949 ||  u00 0.3 ||  u1 0.392 ||  vfb0 -0.04 ||  x2m -5 ||  x3ms 12.37 || 
meas:  comp1= 0.1565 ||  comp2= 0.1565 || 
*cost: 0.2563
para:  alpha 1 ||  k1 0.83 ||  mus 1110 ||  muz 916 ||  u00 0.284 ||  u1 0.379 ||  vfb0 -0.08 ||  x2m -5 ||  x3ms 12.46 || 
meas:  comp1= 0.12815 ||  comp2= 0.12815 || 
*cost: 0.33294
para:  alpha 1 ||  k1 0.83 ||  mus 1121 ||  muz 913 ||  u00 0.278 ||  u1 0.368 ||  vfb0 -0.04 ||  x2m -5 ||  x3ms 12 || 
meas:  comp1= 0.16647 ||  comp2= 0.16647 || 
*cost: 0.23438
para:  alpha 1 ||  k1 0.82 ||  mus 1115 ||  muz 921 ||  u00 0.276 ||  u1 0.371 ||  vfb0 -0.09 ||  x2m -5 ||  x3ms 12.46 || 
meas:  comp1= 0.11719 ||  comp2= 0.11719 || 
*cost: 0.176098
para:  alpha 1 ||  k1 0.81 ||  mus 1106 ||  muz 930 ||  u00 0.277 ||  u1 0.375 ||  vfb0 -0.12 ||  x2m -5 ||  x3ms 13.33 || 
meas:  comp1= 0.088049 ||  comp2= 0.088049 || 
*cost: 0.1373
para:  alpha 1 ||  k1 0.8 ||  mus 1094 ||  muz 939 ||  u00 0.28 ||  u1 0.383 ||  vfb0 -0.17 ||  x2m -5 ||  x3ms 13.16 || 
meas:  comp1= 0.06865 ||  comp2= 0.06865 || 
*cost: 0.141958
para:  alpha 1 ||  k1 0.79 ||  mus 1085 ||  muz 948 ||  u00 0.284 ||  u1 0.388 ||  vfb0 -0.19 ||  x2m -5 ||  x3ms 13.83 || 
meas:  comp1= 0.070979 ||  comp2= 0.070979 || 
*cost: 0.100052
para:  alpha 1 ||  k1 0.8 ||  mus 1088 ||  muz 936 ||  u00 0.288 ||  u1 0.391 ||  vfb0 -0.17 ||  x2m -4.68 ||  x3ms 13.21 || 
meas:  comp1= 0.050026 ||  comp2= 0.050026 || 
*cost: 0.103226
para:  alpha 1 ||  k1 0.81 ||  mus 1080 ||  muz 938 ||  u00 0.286 ||  u1 0.396 ||  vfb0 -0.2 ||  x2m -4.28 ||  x3ms 13.24 || 
meas:  comp1= 0.051613 ||  comp2= 0.051613 || 
*cost: 0.069246
para:  alpha 1 ||  k1 0.8 ||  mus 1081 ||  muz 932 ||  u00 0.296 ||  u1 0.4 ||  vfb0 -0.16 ||  x2m -4.36 ||  x3ms 13.25 || 
meas:  comp1= 0.034623 ||  comp2= 0.034623 || 
*cost: 0.055902
para:  alpha 1 ||  k1 0.79 ||  mus 1085 ||  muz 925 ||  u00 0.305 ||  u1 0.399 ||  vfb0 -0.18 ||  x2m -4.28 ||  x3ms 12.8 || 
meas:  comp1= 0.027951 ||  comp2= 0.027951 || 
*cost: 0.052916
para:  alpha 1 ||  k1 0.79 ||  mus 1071 ||  muz 921 ||  u00 0.31 ||  u1 0.412 ||  vfb0 -0.16 ||  x2m -4.29 ||  x3ms 12.26 || 
meas:  comp1= 0.026458 ||  comp2= 0.026458 || 
*cost: 0.02193
para:  alpha 1 ||  k1 0.79 ||  mus 1063 ||  muz 940 ||  u00 0.303 ||  u1 0.416 ||  vfb0 -0.18 ||  x2m -4.36 ||  x3ms 12.59 || 
meas:  comp1= 0.010965 ||  comp2= 0.010965 || 
*cost: 0.032698
para:  alpha 1 ||  k1 0.78 ||  mus 1067 ||  muz 960 ||  u00 0.308 ||  u1 0.429 ||  vfb0 -0.17 ||  x2m -4.36 ||  x3ms 12.5 || 
meas:  comp1= 0.016349 ||  comp2= 0.016349 || 
*cost: 0.02766
para:  alpha 1 ||  k1 0.79 ||  mus 1057 ||  muz 929 ||  u00 0.306 ||  u1 0.428 ||  vfb0 -0.2 ||  x2m -4.54 ||  x3ms 13.11 || 
meas:  comp1= 0.01383 ||  comp2= 0.01383 || 
*cost: 0.032472
para:  alpha 1 ||  k1 0.78 ||  mus 1036 ||  muz 944 ||  u00 0.301 ||  u1 0.411 ||  vfb0 -0.18 ||  x2m -4.33 ||  x3ms 12.32 || 
meas:  comp1= 0.016236 ||  comp2= 0.016236 || 
*cost: 0.020354
para:  alpha 1 ||  k1 0.79 ||  mus 1073 ||  muz 936 ||  u00 0.313 ||  u1 0.428 ||  vfb0 -0.17 ||  x2m -4.31 ||  x3ms 12.6 || 
meas:  comp1= 0.010177 ||  comp2= 0.010177 || 
*cost: 0.0163912
para:  alpha 1 ||  k1 0.78 ||  mus 1080 ||  muz 926 ||  u00 0.308 ||  u1 0.441 ||  vfb0 -0.18 ||  x2m -4.24 ||  x3ms 12.81 || 
meas:  comp1= 0.0081956 ||  comp2= 0.0081956 || 
*cost: 0.072904
para:  alpha 1 ||  k1 0.78 ||  mus 1089 ||  muz 931 ||  u00 0.296 ||  u1 0.445 ||  vfb0 -0.19 ||  x2m -4.3 ||  x3ms 12.79 || 
meas:  comp1= 0.036452 ||  comp2= 0.036452 || 
*cost: 0.0136746
para:  alpha 1 ||  k1 0.77 ||  mus 1073 ||  muz 921 ||  u00 0.315 ||  u1 0.439 ||  vfb0 -0.17 ||  x2m -4.14 ||  x3ms 13.59 || 
meas:  comp1= 0.0068373 ||  comp2= 0.0068373 || 
*cost: 0.100264
para:  alpha 1 ||  k1 0.78 ||  mus 1063 ||  muz 918 ||  u00 0.315 ||  u1 0.457 ||  vfb0 -0.14 ||  x2m -4.06 ||  x3ms 13.59 || 
meas:  comp1= 0.050132 ||  comp2= 0.050132 || 
*cost: 0.061682
para:  alpha 1 ||  k1 0.76 ||  mus 1079 ||  muz 916 ||  u00 0.32 ||  u1 0.437 ||  vfb0 -0.21 ||  x2m -4.4 ||  x3ms 13.09 || 
meas:  comp1= 0.030841 ||  comp2= 0.030841 || 
*cost: 0.0089232
para:  alpha 1 ||  k1 0.77 ||  mus 1077 ||  muz 927 ||  u00 0.313 ||  u1 0.431 ||  vfb0 -0.17 ||  x2m -4.01 ||  x3ms 13.65 || 
meas:  comp1= 0.0044616 ||  comp2= 0.0044616 || 
*cost: 0.0182552
para:  alpha 1 ||  k1 0.77 ||  mus 1084 ||  muz 928 ||  u00 0.313 ||  u1 0.431 ||  vfb0 -0.17 ||  x2m -4.14 ||  x3ms 13.93 || 
meas:  comp1= 0.0091276 ||  comp2= 0.0091276 || 
*cost: 0.0067134
para:  alpha 1 ||  k1 0.77 ||  mus 1080 ||  muz 927 ||  u00 0.315 ||  u1 0.433 ||  vfb0 -0.17 ||  x2m -3.99 ||  x3ms 13.67 || 
meas:  comp1= 0.0033567 ||  comp2= 0.0033567 || 
*cost: 0.03585
para:  alpha 1 ||  k1 0.77 ||  mus 1080 ||  muz 929 ||  u00 0.316 ||  u1 0.435 ||  vfb0 -0.19 ||  x2m -3.94 ||  x3ms 13.58 || 
meas:  comp1= 0.017925 ||  comp2= 0.017925 || 
*cost: 0.0044004
para:  alpha 1 ||  k1 0.77 ||  mus 1078 ||  muz 927 ||  u00 0.315 ||  u1 0.433 ||  vfb0 -0.17 ||  x2m -4 ||  x3ms 13.66 || 
meas:  comp1= 0.0022002 ||  comp2= 0.0022002 || 
*cost: 0.0096476
para:  alpha 1 ||  k1 0.77 ||  mus 1080 ||  muz 925 ||  u00 0.314 ||  u1 0.433 ||  vfb0 -0.17 ||  x2m -4 ||  x3ms 13.65 || 
meas:  comp1= 0.0048238 ||  comp2= 0.0048238 || 
*cost: 0.0150104
para:  alpha 1 ||  k1 0.76 ||  mus 1078 ||  muz 926 ||  u00 0.315 ||  u1 0.434 ||  vfb0 -0.17 ||  x2m -3.98 ||  x3ms 13.68 || 
meas:  comp1= 0.0075052 ||  comp2= 0.0075052 || 
*cost: 0.0038404
para:  alpha 1 ||  k1 0.77 ||  mus 1078 ||  muz 929 ||  u00 0.315 ||  u1 0.433 ||  vfb0 -0.17 ||  x2m -4.03 ||  x3ms 13.64 || 
meas:  comp1= 0.0019202 ||  comp2= 0.0019202 || 
*cost: 0.0071766
para:  alpha 1 ||  k1 0.77 ||  mus 1078 ||  muz 929 ||  u00 0.314 ||  u1 0.432 ||  vfb0 -0.17 ||  x2m -4.05 ||  x3ms 13.65 || 
meas:  comp1= 0.0035883 ||  comp2= 0.0035883 || 
*cost: 0.0053472
para:  alpha 1 ||  k1 0.77 ||  mus 1078 ||  muz 929 ||  u00 0.315 ||  u1 0.431 ||  vfb0 -0.17 ||  x2m -4.03 ||  x3ms 13.66 || 
meas:  comp1= 0.0026736 ||  comp2= 0.0026736 || 
*cost: 0.019036
para:  alpha 1 ||  k1 0.76 ||  mus 1080 ||  muz 928 ||  u00 0.315 ||  u1 0.434 ||  vfb0 -0.17 ||  x2m -4.01 ||  x3ms 13.69 || 
meas:  comp1= 0.009518 ||  comp2= 0.009518 || 
*cost: 0.0038462
para:  alpha 1 ||  k1 0.77 ||  mus 1078 ||  muz 929 ||  u00 0.315 ||  u1 0.433 ||  vfb0 -0.17 ||  x2m -4.03 ||  x3ms 13.52 || 
meas:  comp1= 0.0019231 ||  comp2= 0.0019231 || 
*cost: 0.0183838
para:  alpha 1 ||  k1 0.76 ||  mus 1078 ||  muz 929 ||  u00 0.315 ||  u1 0.434 ||  vfb0 -0.17 ||  x2m -4.02 ||  x3ms 13.68 || 
meas:  comp1= 0.0091919 ||  comp2= 0.0091919 || 
*cost: 0.0056078
para:  alpha 1 ||  k1 0.77 ||  mus 1077 ||  muz 930 ||  u00 0.314 ||  u1 0.433 ||  vfb0 -0.17 ||  x2m -4.01 ||  x3ms 13.67 || 
meas:  comp1= 0.0028039 ||  comp2= 0.0028039 || 
*cost: 0.0075294
para:  alpha 1 ||  k1 0.77 ||  mus 1078 ||  muz 931 ||  u00 0.314 ||  u1 0.433 ||  vfb0 -0.17 ||  x2m -4.04 ||  x3ms 13.58 || 
meas:  comp1= 0.0037647 ||  comp2= 0.0037647 || 
*cost: 0.02215
para:  alpha 1 ||  k1 0.76 ||  mus 1078 ||  muz 929 ||  u00 0.314 ||  u1 0.431 ||  vfb0 -0.17 ||  x2m -4 ||  x3ms 13.64 || 
meas:  comp1= 0.011075 ||  comp2= 0.011075 || 
*cost: 0.00153732
para:  alpha 1 ||  k1 0.77 ||  mus 1077 ||  muz 928 ||  u00 0.315 ||  u1 0.435 ||  vfb0 -0.17 ||  x2m -4.03 ||  x3ms 13.64 || 
meas:  comp1= 0.00076866 ||  comp2= 0.00076866 || 
*cost: 0.0056886
para:  alpha 1 ||  k1 0.77 ||  mus 1078 ||  muz 927 ||  u00 0.314 ||  u1 0.434 ||  vfb0 -0.17 ||  x2m -4.06 ||  x3ms 13.65 || 
meas:  comp1= 0.0028443 ||  comp2= 0.0028443 || 
*cost: 0.0027034
para:  alpha 1 ||  k1 0.77 ||  mus 1077 ||  muz 927 ||  u00 0.315 ||  u1 0.435 ||  vfb0 -0.17 ||  x2m -4.06 ||  x3ms 13.59 || 
meas:  comp1= 0.0013517 ||  comp2= 0.0013517 || 
*cost: 0.00147132
para:  alpha 1 ||  k1 0.77 ||  mus 1076 ||  muz 928 ||  u00 0.314 ||  u1 0.436 ||  vfb0 -0.17 ||  x2m -4.02 ||  x3ms 13.56 || 
meas:  comp1= 0.00073566 ||  comp2= 0.00073566 || 
*cost: 0.005208
para:  alpha 1 ||  k1 0.77 ||  mus 1077 ||  muz 928 ||  u00 0.313 ||  u1 0.436 ||  vfb0 -0.17 ||  x2m -4.04 ||  x3ms 13.49 || 
meas:  comp1= 0.002604 ||  comp2= 0.002604 || 
*cost: 0.020924
para:  alpha 1 ||  k1 0.77 ||  mus 1075 ||  muz 927 ||  u00 0.315 ||  u1 0.435 ||  vfb0 -0.16 ||  x2m -4.02 ||  x3ms 13.55 || 
meas:  comp1= 0.010462 ||  comp2= 0.010462 || 
*cost: 0.0027282
para:  alpha 1 ||  k1 0.77 ||  mus 1077 ||  muz 928 ||  u00 0.314 ||  u1 0.436 ||  vfb0 -0.17 ||  x2m -4.01 ||  x3ms 13.56 || 
meas:  comp1= 0.0013641 ||  comp2= 0.0013641 || 
*cost: 0.00146912
para:  alpha 1 ||  k1 0.77 ||  mus 1076 ||  muz 928 ||  u00 0.314 ||  u1 0.436 ||  vfb0 -0.17 ||  x2m -4.01 ||  x3ms 13.54 || 
meas:  comp1= 0.00073456 ||  comp2= 0.00073456 || 
*cost: 0.00146912
para:  alpha 1 ||  k1 0.77 ||  mus 1076 ||  muz 928 ||  u00 0.314 ||  u1 0.436 ||  vfb0 -0.17 ||  x2m -4.01 ||  x3ms 13.54 || 
meas:  comp1= 0.00073456 ||  comp2= 0.00073456 || 
*cost: 0.00147022
para:  alpha 1 ||  k1 0.77 ||  mus 1076 ||  muz 928 ||  u00 0.314 ||  u1 0.436 ||  vfb0 -0.17 ||  x2m -4.01 ||  x3ms 13.55 || 
meas:  comp1= 0.00073511 ||  comp2= 0.00073511 || 
*cost: 0.00146912
para:  alpha 1 ||  k1 0.77 ||  mus 1076 ||  muz 928 ||  u00 0.314 ||  u1 0.436 ||  vfb0 -0.17 ||  x2m -4.01 ||  x3ms 13.54 || 
meas:  comp1= 0.00073456 ||  comp2= 0.00073456 || 
*cost: 0.00146912
para:  alpha 1 ||  k1 0.77 ||  mus 1076 ||  muz 928 ||  u00 0.314 ||  u1 0.436 ||  vfb0 -0.17 ||  x2m -4.01 ||  x3ms 13.54 || 
meas:  comp1= 0.00073456 ||  comp2= 0.00073456 || 
*cost: 0.00146912
para:  alpha 1 ||  k1 0.77 ||  mus 1076 ||  muz 928 ||  u00 0.314 ||  u1 0.436 ||  vfb0 -0.17 ||  x2m -4.01 ||  x3ms 13.54 || 
meas:  comp1= 0.00073456 ||  comp2= 0.00073456 || 
*cost: 0.00146912
para:  alpha 1 ||  k1 0.77 ||  mus 1076 ||  muz 928 ||  u00 0.314 ||  u1 0.436 ||  vfb0 -0.17 ||  x2m -4.01 ||  x3ms 13.54 || 
meas:  comp1= 0.00073456 ||  comp2= 0.00073456 || 
*cost: 0.00147022
para:  alpha 1 ||  k1 0.77 ||  mus 1076 ||  muz 928 ||  u00 0.314 ||  u1 0.436 ||  vfb0 -0.17 ||  x2m -4.01 ||  x3ms 13.55 || 
meas:  comp1= 0.00073511 ||  comp2= 0.00073511 || 
*cost: 0.00146912
para:  alpha 1 ||  k1 0.77 ||  mus 1076 ||  muz 928 ||  u00 0.314 ||  u1 0.436 ||  vfb0 -0.17 ||  x2m -4.01 ||  x3ms 13.54 || 
meas:  comp1= 0.00073456 ||  comp2= 0.00073456 || 
*cost: 0.00146912
para:  alpha 1 ||  k1 0.77 ||  mus 1076 ||  muz 928 ||  u00 0.314 ||  u1 0.436 ||  vfb0 -0.17 ||  x2m -4.02 ||  x3ms 13.54 || 
meas:  comp1= 0.00073456 ||  comp2= 0.00073456 || 
*cost: 0.00147022
para:  alpha 1 ||  k1 0.77 ||  mus 1076 ||  muz 928 ||  u00 0.314 ||  u1 0.436 ||  vfb0 -0.17 ||  x2m -4.01 ||  x3ms 13.55 || 
meas:  comp1= 0.00073511 ||  comp2= 0.00073511 || 
*cost: 0.00146912
para:  alpha 1 ||  k1 0.77 ||  mus 1076 ||  muz 928 ||  u00 0.314 ||  u1 0.436 ||  vfb0 -0.17 ||  x2m -4.01 ||  x3ms 13.54 || 
meas:  comp1= 0.00073456 ||  comp2= 0.00073456 || 
*cost: 0.00147022
para:  alpha 1 ||  k1 0.77 ||  mus 1076 ||  muz 928 ||  u00 0.314 ||  u1 0.436 ||  vfb0 -0.17 ||  x2m -4.01 ||  x3ms 13.55 || 
meas:  comp1= 0.00073511 ||  comp2= 0.00073511 || 
*cost: 0.00146912
para:  alpha 1 ||  k1 0.77 ||  mus 1076 ||  muz 928 ||  u00 0.314 ||  u1 0.436 ||  vfb0 -0.17 ||  x2m -4.01 ||  x3ms 13.54 || 
meas:  comp1= 0.00073456 ||  comp2= 0.00073456 || 
*cost: 0.00146912
para:  alpha 1 ||  k1 0.77 ||  mus 1076 ||  muz 928 ||  u00 0.314 ||  u1 0.436 ||  vfb0 -0.17 ||  x2m -4.01 ||  x3ms 13.54 || 
meas:  comp1= 0.00073456 ||  comp2= 0.00073456 || 
*cost: 0.00146912
para:  alpha 1 ||  k1 0.77 ||  mus 1076 ||  muz 928 ||  u00 0.314 ||  u1 0.436 ||  vfb0 -0.17 ||  x2m -4.01 ||  x3ms 13.54 || 
meas:  comp1= 0.00073456 ||  comp2= 0.00073456 || 
*cost: 0.00147022
para:  alpha 1 ||  k1 0.77 ||  mus 1076 ||  muz 928 ||  u00 0.314 ||  u1 0.436 ||  vfb0 -0.17 ||  x2m -4.01 ||  x3ms 13.55 || 
meas:  comp1= 0.00073511 ||  comp2= 0.00073511 || 
*cost: 0.00146912
para:  alpha 1 ||  k1 0.77 ||  mus 1076 ||  muz 928 ||  u00 0.314 ||  u1 0.436 ||  vfb0 -0.17 ||  x2m -4.01 ||  x3ms 13.54 || 
meas:  comp1= 0.00073456 ||  comp2= 0.00073456 || 
*cost: 0.00147022
para:  alpha 1 ||  k1 0.77 ||  mus 1076 ||  muz 928 ||  u00 0.314 ||  u1 0.436 ||  vfb0 -0.17 ||  x2m -4.01 ||  x3ms 13.55 || 
meas:  comp1= 0.00073511 ||  comp2= 0.00073511 || 
*cost: 0.00146912
para:  alpha 1 ||  k1 0.77 ||  mus 1076 ||  muz 928 ||  u00 0.314 ||  u1 0.436 ||  vfb0 -0.17 ||  x2m -4.01 ||  x3ms 13.54 || 
meas:  comp1= 0.00073456 ||  comp2= 0.00073456 || 
*cost: 0.00146912
para:  alpha 1 ||  k1 0.77 ||  mus 1076 ||  muz 928 ||  u00 0.314 ||  u1 0.436 ||  vfb0 -0.17 ||  x2m -4.01 ||  x3ms 13.54 || 
meas:  comp1= 0.00073456 ||  comp2= 0.00073456 || 
*cost: 0.00146912
para:  alpha 1 ||  k1 0.77 ||  mus 1076 ||  muz 928 ||  u00 0.314 ||  u1 0.436 ||  vfb0 -0.17 ||  x2m -4.01 ||  x3ms 13.54 || 
meas:  comp1= 0.00073456 ||  comp2= 0.00073456 || 
*cost: 0.00146912
para:  alpha 1 ||  k1 0.77 ||  mus 1076 ||  muz 928 ||  u00 0.314 ||  u1 0.436 ||  vfb0 -0.17 ||  x2m -4.01 ||  x3ms 13.54 || 
meas:  comp1= 0.00073456 ||  comp2= 0.00073456 || 
*cost: 0.00146912
para:  alpha 1 ||  k1 0.77 ||  mus 1076 ||  muz 928 ||  u00 0.314 ||  u1 0.436 ||  vfb0 -0.17 ||  x2m -4.01 ||  x3ms 13.54 || 
meas:  comp1= 0.00073456 ||  comp2= 0.00073456 || 
*cost: 0.00146912
para:  alpha 1 ||  k1 0.77 ||  mus 1076 ||  muz 928 ||  u00 0.314 ||  u1 0.436 ||  vfb0 -0.17 ||  x2m -4.01 ||  x3ms 13.54 || 
meas:  comp1= 0.00073456 ||  comp2= 0.00073456 || 
*cost: 0.00146912
para:  alpha 1 ||  k1 0.77 ||  mus 1076 ||  muz 928 ||  u00 0.314 ||  u1 0.436 ||  vfb0 -0.17 ||  x2m -4.01 ||  x3ms 13.54 || 
meas:  comp1= 0.00073456 ||  comp2= 0.00073456 || 
*cost: 0.00146912
para:  alpha 1 ||  k1 0.77 ||  mus 1076 ||  muz 928 ||  u00 0.314 ||  u1 0.436 ||  vfb0 -0.17 ||  x2m -4.01 ||  x3ms 13.54 || 
meas:  comp1= 0.00073456 ||  comp2= 0.00073456 || 
*cost: 0.00146912
para:  alpha 1 ||  k1 0.77 ||  mus 1076 ||  muz 928 ||  u00 0.314 ||  u1 0.436 ||  vfb0 -0.17 ||  x2m -4.01 ||  x3ms 13.54 || 
meas:  comp1= 0.00073456 ||  comp2= 0.00073456 || 
*cost: 0.00146912
para:  alpha 1 ||  k1 0.77 ||  mus 1076 ||  muz 928 ||  u00 0.314 ||  u1 0.436 ||  vfb0 -0.17 ||  x2m -4.01 ||  x3ms 13.54 || 
meas:  comp1= 0.00073456 ||  comp2= 0.00073456 || 
*cost: 0.00146912
para:  alpha 1 ||  k1 0.77 ||  mus 1076 ||  muz 928 ||  u00 0.314 ||  u1 0.436 ||  vfb0 -0.17 ||  x2m -4.01 ||  x3ms 13.54 || 
meas:  comp1= 0.00073456 ||  comp2= 0.00073456 || 
*cost: 0.00146912
para:  alpha 1 ||  k1 0.77 ||  mus 1076 ||  muz 928 ||  u00 0.314 ||  u1 0.436 ||  vfb0 -0.17 ||  x2m -4.01 ||  x3ms 13.54 || 
meas:  comp1= 0.00073456 ||  comp2= 0.00073456 || 
*cost: 0.00146912
para:  alpha 1 ||  k1 0.77 ||  mus 1076 ||  muz 928 ||  u00 0.314 ||  u1 0.436 ||  vfb0 -0.17 ||  x2m -4.01 ||  x3ms 13.54 || 
meas:  comp1= 0.00073456 ||  comp2= 0.00073456 || 
*cost: 0.00146912
para:  alpha 1 ||  k1 0.77 ||  mus 1076 ||  muz 928 ||  u00 0.314 ||  u1 0.436 ||  vfb0 -0.17 ||  x2m -4.01 ||  x3ms 13.54 || 
meas:  comp1= 0.00073456 ||  comp2= 0.00073456 || 
*cost: 0.00146912
para:  alpha 1 ||  k1 0.77 ||  mus 1076 ||  muz 928 ||  u00 0.314 ||  u1 0.436 ||  vfb0 -0.17 ||  x2m -4.01 ||  x3ms 13.54 || 
meas:  comp1= 0.00073456 ||  comp2= 0.00073456 || 
*cost: 0.00146912
para:  alpha 1 ||  k1 0.77 ||  mus 1076 ||  muz 928 ||  u00 0.314 ||  u1 0.436 ||  vfb0 -0.17 ||  x2m -4.01 ||  x3ms 13.54 || 
meas:  comp1= 0.00073456 ||  comp2= 0.00073456 || 
*cost: 0.00146912
para:  alpha 1 ||  k1 0.77 ||  mus 1076 ||  muz 928 ||  u00 0.314 ||  u1 0.436 ||  vfb0 -0.17 ||  x2m -4.01 ||  x3ms 13.54 || 
meas:  comp1= 0.00073456 ||  comp2= 0.00073456 || 
*cost: 0.00146912
para:  alpha 1 ||  k1 0.77 ||  mus 1076 ||  muz 928 ||  u00 0.314 ||  u1 0.436 ||  vfb0 -0.17 ||  x2m -4.01 ||  x3ms 13.54 || 
meas:  comp1= 0.00073456 ||  comp2= 0.00073456 || 
*cost: 0.00146912
para:  alpha 1 ||  k1 0.77 ||  mus 1076 ||  muz 928 ||  u00 0.314 ||  u1 0.436 ||  vfb0 -0.17 ||  x2m -4.01 ||  x3ms 13.54 || 
meas:  comp1= 0.00073456 ||  comp2= 0.00073456 || 
*cost: 0.00146912
para:  alpha 1 ||  k1 0.77 ||  mus 1076 ||  muz 928 ||  u00 0.314 ||  u1 0.436 ||  vfb0 -0.17 ||  x2m -4.01 ||  x3ms 13.54 || 
meas:  comp1= 0.00073456 ||  comp2= 0.00073456 || 
*cost: 0.00146912
para:  alpha 1 ||  k1 0.77 ||  mus 1076 ||  muz 928 ||  u00 0.314 ||  u1 0.436 ||  vfb0 -0.17 ||  x2m -4.01 ||  x3ms 13.54 || 
meas:  comp1= 0.00073456 ||  comp2= 0.00073456 || 
*cost: 0.00146912
para:  alpha 1 ||  k1 0.77 ||  mus 1076 ||  muz 928 ||  u00 0.314 ||  u1 0.436 ||  vfb0 -0.17 ||  x2m -4.01 ||  x3ms 13.54 || 
meas:  comp1= 0.00073456 ||  comp2= 0.00073456 || 
*cost: 0.00146912
para:  alpha 1 ||  k1 0.77 ||  mus 1076 ||  muz 928 ||  u00 0.314 ||  u1 0.436 ||  vfb0 -0.17 ||  x2m -4.01 ||  x3ms 13.54 || 
meas:  comp1= 0.00073456 ||  comp2= 0.00073456 || 
*cost: 0.00146912
para:  alpha 1 ||  k1 0.77 ||  mus 1076 ||  muz 928 ||  u00 0.314 ||  u1 0.436 ||  vfb0 -0.17 ||  x2m -4.01 ||  x3ms 13.54 || 
meas:  comp1= 0.00073456 ||  comp2= 0.00073456 || 
*cost: 0.00146912
para:  alpha 1 ||  k1 0.77 ||  mus 1076 ||  muz 928 ||  u00 0.314 ||  u1 0.436 ||  vfb0 -0.17 ||  x2m -4.01 ||  x3ms 13.54 || 
meas:  comp1= 0.00073456 ||  comp2= 0.00073456 || 
*cost: 2.4466
para:  alpha 1 ||  k1 0.54 ||  mus 712 ||  muz 983 ||  u00 0.194 ||  u1 0.75 ||  vfb0 -1.25 ||  x2m 5 ||  x3ms 25.45 || 
meas:  comp1= 1.2233 ||  comp2= 1.2233 || 
*cost: 2.188
para:  alpha 1 ||  k1 0.72 ||  mus 712 ||  muz 983 ||  u00 0.194 ||  u1 0.75 ||  vfb0 -1.25 ||  x2m 5 ||  x3ms 25.45 || 
meas:  comp1= 1.094 ||  comp2= 1.094 || 
*cost: 2.4466
para:  alpha 1 ||  k1 0.54 ||  mus 1012 ||  muz 983 ||  u00 0.194 ||  u1 0.75 ||  vfb0 -1.25 ||  x2m 5 ||  x3ms 25.45 || 
meas:  comp1= 1.2233 ||  comp2= 1.2233 || 
*cost: 3.7326
para:  alpha 1 ||  k1 0.54 ||  mus 712 ||  muz 1283 ||  u00 0.194 ||  u1 0.75 ||  vfb0 -1.25 ||  x2m 5 ||  x3ms 25.45 || 
meas:  comp1= 1.8663 ||  comp2= 1.8663 || 
*cost: 1.75836
para:  alpha 1 ||  k1 0.54 ||  mus 712 ||  muz 983 ||  u00 0.319 ||  u1 0.75 ||  vfb0 -1.25 ||  x2m 5 ||  x3ms 25.45 || 
meas:  comp1= 0.87918 ||  comp2= 0.87918 || 
*cost: 2.3248
para:  alpha 1 ||  k1 0.54 ||  mus 712 ||  muz 983 ||  u00 0.194 ||  u1 1 ||  vfb0 -1.25 ||  x2m 5 ||  x3ms 25.45 || 
meas:  comp1= 1.1624 ||  comp2= 1.1624 || 
*cost: 1.23054
para:  alpha 1 ||  k1 0.54 ||  mus 712 ||  muz 983 ||  u00 0.194 ||  u1 0.75 ||  vfb0 -0.5 ||  x2m 5 ||  x3ms 25.45 || 
meas:  comp1= 0.61527 ||  comp2= 0.61527 || 
*cost: 2.4466
para:  alpha 1 ||  k1 0.54 ||  mus 712 ||  muz 983 ||  u00 0.194 ||  u1 0.75 ||  vfb0 -1.25 ||  x2m 10 ||  x3ms 25.45 || 
meas:  comp1= 1.2233 ||  comp2= 1.2233 || 
*cost: 2.4678
para:  alpha 1 ||  k1 0.54 ||  mus 712 ||  muz 983 ||  u00 0.194 ||  u1 0.75 ||  vfb0 -1.25 ||  x2m 5 ||  x3ms 37.95 || 
meas:  comp1= 1.2339 ||  comp2= 1.2339 || 
*cost: 2.6862
para:  alpha 1 ||  k1 0.37 ||  mus 712 ||  muz 983 ||  u00 0.194 ||  u1 0.75 ||  vfb0 -1.25 ||  x2m 5 ||  x3ms 25.45 || 
meas:  comp1= 1.3431 ||  comp2= 1.3431 || 
*cost: 2.4466
para:  alpha 1 ||  k1 0.54 ||  mus 412 ||  muz 983 ||  u00 0.194 ||  u1 0.75 ||  vfb0 -1.25 ||  x2m 5 ||  x3ms 25.45 || 
meas:  comp1= 1.2233 ||  comp2= 1.2233 || 
*cost: 1.19198
para:  alpha 1 ||  k1 0.54 ||  mus 712 ||  muz 683 ||  u00 0.194 ||  u1 0.75 ||  vfb0 -1.25 ||  x2m 5 ||  x3ms 25.45 || 
meas:  comp1= 0.59599 ||  comp2= 0.59599 || 
*cost: 3.6422
para:  alpha 1 ||  k1 0.54 ||  mus 712 ||  muz 983 ||  u00 0.069 ||  u1 0.75 ||  vfb0 -1.25 ||  x2m 5 ||  x3ms 25.45 || 
meas:  comp1= 1.8211 ||  comp2= 1.8211 || 
*cost: 2.625
para:  alpha 1 ||  k1 0.54 ||  mus 712 ||  muz 983 ||  u00 0.194 ||  u1 0.5 ||  vfb0 -1.25 ||  x2m 5 ||  x3ms 25.45 || 
meas:  comp1= 1.3125 ||  comp2= 1.3125 || 
*cost: 3.4518
para:  alpha 1 ||  k1 0.54 ||  mus 712 ||  muz 983 ||  u00 0.194 ||  u1 0.75 ||  vfb0 -2 ||  x2m 5 ||  x3ms 25.45 || 
meas:  comp1= 1.7259 ||  comp2= 1.7259 || 
*cost: 2.4466
para:  alpha 1 ||  k1 0.54 ||  mus 712 ||  muz 983 ||  u00 0.194 ||  u1 0.75 ||  vfb0 -1.25 ||  x2m 0 ||  x3ms 25.45 || 
meas:  comp1= 1.2233 ||  comp2= 1.2233 || 
*cost: 2.4268
para:  alpha 1 ||  k1 0.54 ||  mus 712 ||  muz 983 ||  u00 0.194 ||  u1 0.75 ||  vfb0 -1.25 ||  x2m 5 ||  x3ms 12.95 || 
meas:  comp1= 1.2134 ||  comp2= 1.2134 || 
*cost: 0.2565
para:  alpha 1 ||  k1 0.57 ||  mus 712 ||  muz 490 ||  u00 0.242 ||  u1 0.769 ||  vfb0 -0.76 ||  x2m 5 ||  x3ms 25.32 || 
meas:  comp1= 0.12825 ||  comp2= 0.12825 || 
*cost: 0.20446
para:  alpha 1 ||  k1 0.55 ||  mus 712 ||  muz 300 ||  u00 0.238 ||  u1 0.766 ||  vfb0 -1.34 ||  x2m 5 ||  x3ms 25.38 || 
meas:  comp1= 0.10223 ||  comp2= 0.10223 || 
*cost: 0.5338
para:  alpha 1 ||  k1 0.54 ||  mus 712 ||  muz 300 ||  u00 0.214 ||  u1 0.743 ||  vfb0 -0.61 ||  x2m 5 ||  x3ms 25.49 || 
meas:  comp1= 0.2669 ||  comp2= 0.2669 || 
*cost: 0.3187
para:  alpha 1 ||  k1 0.59 ||  mus 712 ||  muz 300 ||  u00 0.282 ||  u1 0.81 ||  vfb0 -1.46 ||  x2m 5 ||  x3ms 25.07 || 
meas:  comp1= 0.15935 ||  comp2= 0.15935 || 
*cost: 0.087724
para:  alpha 1 ||  k1 0.55 ||  mus 712 ||  muz 368 ||  u00 0.233 ||  u1 0.789 ||  vfb0 -1.33 ||  x2m 5 ||  x3ms 25.39 || 
meas:  comp1= 0.043862 ||  comp2= 0.043862 || 
*cost: 0.109664
para:  alpha 1 ||  k1 0.52 ||  mus 712 ||  muz 349 ||  u00 0.236 ||  u1 0.838 ||  vfb0 -1.33 ||  x2m 5 ||  x3ms 25.54 || 
meas:  comp1= 0.054832 ||  comp2= 0.054832 || 
*cost: 0.1526
para:  alpha 1 ||  k1 0.54 ||  mus 712 ||  muz 395 ||  u00 0.232 ||  u1 0.788 ||  vfb0 -1.33 ||  x2m 5 ||  x3ms 25.39 || 
meas:  comp1= 0.0763 ||  comp2= 0.0763 || 
*cost: 0.07734
para:  alpha 1 ||  k1 0.56 ||  mus 712 ||  muz 364 ||  u00 0.226 ||  u1 0.801 ||  vfb0 -1.34 ||  x2m 5 ||  x3ms 25.4 || 
meas:  comp1= 0.03867 ||  comp2= 0.03867 || 
*cost: 0.089098
para:  alpha 1 ||  k1 0.56 ||  mus 712 ||  muz 337 ||  u00 0.227 ||  u1 0.803 ||  vfb0 -1.34 ||  x2m 5 ||  x3ms 25.94 || 
meas:  comp1= 0.044549 ||  comp2= 0.044549 || 
*cost: 0.108612
para:  alpha 1 ||  k1 0.57 ||  mus 712 ||  muz 365 ||  u00 0.232 ||  u1 0.809 ||  vfb0 -1.29 ||  x2m 5 ||  x3ms 25.24 || 
meas:  comp1= 0.054306 ||  comp2= 0.054306 || 
*cost: 0.055402
para:  alpha 1 ||  k1 0.56 ||  mus 728 ||  muz 363 ||  u00 0.226 ||  u1 0.801 ||  vfb0 -1.34 ||  x2m 5.42 ||  x3ms 25.35 || 
meas:  comp1= 0.027701 ||  comp2= 0.027701 || 
*cost: 0.091558
para:  alpha 1 ||  k1 0.56 ||  mus 721 ||  muz 368 ||  u00 0.23 ||  u1 0.807 ||  vfb0 -1.4 ||  x2m 5.57 ||  x3ms 25.32 || 
meas:  comp1= 0.045779 ||  comp2= 0.045779 || 
*cost: 0.04582
para:  alpha 1 ||  k1 0.56 ||  mus 741 ||  muz 337 ||  u00 0.227 ||  u1 0.803 ||  vfb0 -1.34 ||  x2m 5.44 ||  x3ms 25.35 || 
meas:  comp1= 0.02291 ||  comp2= 0.02291 || 
*cost: 0.03156
para:  alpha 1 ||  k1 0.56 ||  mus 766 ||  muz 345 ||  u00 0.227 ||  u1 0.803 ||  vfb0 -1.34 ||  x2m 5.25 ||  x3ms 25.65 || 
meas:  comp1= 0.01578 ||  comp2= 0.01578 || 
*cost: 0.080696
para:  alpha 1 ||  k1 0.56 ||  mus 771 ||  muz 329 ||  u00 0.232 ||  u1 0.799 ||  vfb0 -1.32 ||  x2m 5.42 ||  x3ms 26.35 || 
meas:  comp1= 0.040348 ||  comp2= 0.040348 || 
*cost: 0.07437
para:  alpha 1 ||  k1 0.56 ||  mus 778 ||  muz 341 ||  u00 0.219 ||  u1 0.809 ||  vfb0 -1.33 ||  x2m 5.25 ||  x3ms 24.95 || 
meas:  comp1= 0.037185 ||  comp2= 0.037185 || 
*cost: 0.090968
para:  alpha 1 ||  k1 0.56 ||  mus 764 ||  muz 372 ||  u00 0.226 ||  u1 0.801 ||  vfb0 -1.34 ||  x2m 5.24 ||  x3ms 25.12 || 
meas:  comp1= 0.045484 ||  comp2= 0.045484 || 
*cost: 0.056062
para:  alpha 1 ||  k1 0.57 ||  mus 773 ||  muz 336 ||  u00 0.226 ||  u1 0.805 ||  vfb0 -1.38 ||  x2m 4.98 ||  x3ms 26.03 || 
meas:  comp1= 0.028031 ||  comp2= 0.028031 || 
*cost: 0.098842
para:  alpha 1 ||  k1 0.55 ||  mus 769 ||  muz 318 ||  u00 0.229 ||  u1 0.805 ||  vfb0 -1.35 ||  x2m 5.26 ||  x3ms 25.65 || 
meas:  comp1= 0.049421 ||  comp2= 0.049421 || 
*cost: 0.045982
para:  alpha 1 ||  k1 0.56 ||  mus 766 ||  muz 360 ||  u00 0.224 ||  u1 0.815 ||  vfb0 -1.32 ||  x2m 5.39 ||  x3ms 26.3 || 
meas:  comp1= 0.022991 ||  comp2= 0.022991 || 
*cost: 0.05414
para:  alpha 1 ||  k1 0.56 ||  mus 761 ||  muz 341 ||  u00 0.226 ||  u1 0.797 ||  vfb0 -1.27 ||  x2m 5.23 ||  x3ms 25.63 || 
meas:  comp1= 0.02707 ||  comp2= 0.02707 || 
*cost: 0.05645
para:  alpha 1 ||  k1 0.57 ||  mus 771 ||  muz 348 ||  u00 0.226 ||  u1 0.784 ||  vfb0 -1.35 ||  x2m 5.45 ||  x3ms 25.84 || 
meas:  comp1= 0.028225 ||  comp2= 0.028225 || 
*cost: 0.0132076
para:  alpha 1 ||  k1 0.56 ||  mus 768 ||  muz 349 ||  u00 0.233 ||  u1 0.806 ||  vfb0 -1.34 ||  x2m 5.24 ||  x3ms 25.65 || 
meas:  comp1= 0.0066038 ||  comp2= 0.0066038 || 
*cost: 0.0083608
para:  alpha 1 ||  k1 0.56 ||  mus 765 ||  muz 355 ||  u00 0.237 ||  u1 0.806 ||  vfb0 -1.34 ||  x2m 5.19 ||  x3ms 25.93 || 
meas:  comp1= 0.0041804 ||  comp2= 0.0041804 || 
*cost: 0.02196
para:  alpha 1 ||  k1 0.56 ||  mus 769 ||  muz 356 ||  u00 0.242 ||  u1 0.81 ||  vfb0 -1.33 ||  x2m 5.23 ||  x3ms 25.72 || 
meas:  comp1= 0.01098 ||  comp2= 0.01098 || 
*cost: 0.0012913
para:  alpha 1 ||  k1 0.56 ||  mus 766 ||  muz 351 ||  u00 0.237 ||  u1 0.807 ||  vfb0 -1.36 ||  x2m 5.19 ||  x3ms 25.95 || 
meas:  comp1= 0.00064565 ||  comp2= 0.00064565 || 
*cost: 0.008088
para:  alpha 1 ||  k1 0.55 ||  mus 765 ||  muz 350 ||  u00 0.237 ||  u1 0.808 ||  vfb0 -1.37 ||  x2m 5.18 ||  x3ms 25.88 || 
meas:  comp1= 0.004044 ||  comp2= 0.004044 || 
*cost: 0.0067922
para:  alpha 1 ||  k1 0.56 ||  mus 765 ||  muz 350 ||  u00 0.238 ||  u1 0.807 ||  vfb0 -1.36 ||  x2m 5.19 ||  x3ms 25.93 || 
meas:  comp1= 0.0033961 ||  comp2= 0.0033961 || 
*cost: 0.007851
para:  alpha 1 ||  k1 0.56 ||  mus 769 ||  muz 352 ||  u00 0.237 ||  u1 0.807 ||  vfb0 -1.36 ||  x2m 5.2 ||  x3ms 26.01 || 
meas:  comp1= 0.0039255 ||  comp2= 0.0039255 || 
*cost: 0.0022442
para:  alpha 1 ||  k1 0.56 ||  mus 765 ||  muz 350 ||  u00 0.237 ||  u1 0.805 ||  vfb0 -1.36 ||  x2m 5.18 ||  x3ms 25.93 || 
meas:  comp1= 0.0011221 ||  comp2= 0.0011221 || 
*cost: 0.002751
para:  alpha 1 ||  k1 0.56 ||  mus 765 ||  muz 351 ||  u00 0.237 ||  u1 0.808 ||  vfb0 -1.36 ||  x2m 5.2 ||  x3ms 25.96 || 
meas:  comp1= 0.0013755 ||  comp2= 0.0013755 || 
*cost: 0.0037156
para:  alpha 1 ||  k1 0.56 ||  mus 769 ||  muz 350 ||  u00 0.238 ||  u1 0.807 ||  vfb0 -1.36 ||  x2m 5.17 ||  x3ms 25.98 || 
meas:  comp1= 0.0018578 ||  comp2= 0.0018578 || 
*cost: 0.0046898
para:  alpha 1 ||  k1 0.56 ||  mus 766 ||  muz 352 ||  u00 0.237 ||  u1 0.807 ||  vfb0 -1.36 ||  x2m 5.16 ||  x3ms 25.86 || 
meas:  comp1= 0.0023449 ||  comp2= 0.0023449 || 
*cost: 0.0054358
para:  alpha 1 ||  k1 0.56 ||  mus 764 ||  muz 352 ||  u00 0.237 ||  u1 0.807 ||  vfb0 -1.36 ||  x2m 5.21 ||  x3ms 25.91 || 
meas:  comp1= 0.0027179 ||  comp2= 0.0027179 || 
*cost: 0.0055728
para:  alpha 1 ||  k1 0.55 ||  mus 767 ||  muz 351 ||  u00 0.238 ||  u1 0.806 ||  vfb0 -1.36 ||  x2m 5.22 ||  x3ms 25.91 || 
meas:  comp1= 0.0027864 ||  comp2= 0.0027864 || 
*cost: 0.0067322
para:  alpha 1 ||  k1 0.55 ||  mus 766 ||  muz 352 ||  u00 0.238 ||  u1 0.808 ||  vfb0 -1.36 ||  x2m 5.17 ||  x3ms 25.95 || 
meas:  comp1= 0.0033661 ||  comp2= 0.0033661 || 
*cost: 0.0039526
para:  alpha 1 ||  k1 0.56 ||  mus 766 ||  muz 350 ||  u00 0.236 ||  u1 0.806 ||  vfb0 -1.36 ||  x2m 5.18 ||  x3ms 26 || 
meas:  comp1= 0.0019763 ||  comp2= 0.0019763 || 
*cost: 0.0027004
para:  alpha 1 ||  k1 0.56 ||  mus 766 ||  muz 351 ||  u00 0.238 ||  u1 0.806 ||  vfb0 -1.36 ||  x2m 5.18 ||  x3ms 25.92 || 
meas:  comp1= 0.0013502 ||  comp2= 0.0013502 || 
*cost: 0.0064232
para:  alpha 1 ||  k1 0.56 ||  mus 767 ||  muz 350 ||  u00 0.237 ||  u1 0.807 ||  vfb0 -1.35 ||  x2m 5.21 ||  x3ms 25.93 || 
meas:  comp1= 0.0032116 ||  comp2= 0.0032116 || 
*cost: 0.0068114
para:  alpha 1 ||  k1 0.56 ||  mus 766 ||  muz 353 ||  u00 0.238 ||  u1 0.807 ||  vfb0 -1.36 ||  x2m 5.17 ||  x3ms 25.91 || 
meas:  comp1= 0.0034057 ||  comp2= 0.0034057 || 
*cost: 0.0065288
para:  alpha 1 ||  k1 0.55 ||  mus 766 ||  muz 350 ||  u00 0.237 ||  u1 0.805 ||  vfb0 -1.36 ||  x2m 5.19 ||  x3ms 25.99 || 
meas:  comp1= 0.0032644 ||  comp2= 0.0032644 || 
*cost: 0.0029428
para:  alpha 1 ||  k1 0.56 ||  mus 767 ||  muz 350 ||  u00 0.237 ||  u1 0.806 ||  vfb0 -1.36 ||  x2m 5.18 ||  x3ms 25.91 || 
meas:  comp1= 0.0014714 ||  comp2= 0.0014714 || 
*cost: 0.0047546
para:  alpha 1 ||  k1 0.56 ||  mus 766 ||  muz 352 ||  u00 0.237 ||  u1 0.806 ||  vfb0 -1.36 ||  x2m 5.19 ||  x3ms 25.94 || 
meas:  comp1= 0.0023773 ||  comp2= 0.0023773 || 
*cost: 0.00128266
para:  alpha 1 ||  k1 0.56 ||  mus 766 ||  muz 351 ||  u00 0.237 ||  u1 0.807 ||  vfb0 -1.36 ||  x2m 5.2 ||  x3ms 25.96 || 
meas:  comp1= 0.00064133 ||  comp2= 0.00064133 || 
*cost: 0.00127402
para:  alpha 1 ||  k1 0.56 ||  mus 766 ||  muz 351 ||  u00 0.237 ||  u1 0.807 ||  vfb0 -1.36 ||  x2m 5.19 ||  x3ms 25.97 || 
meas:  comp1= 0.00063701 ||  comp2= 0.00063701 || 
*cost: 0.00128266
para:  alpha 1 ||  k1 0.56 ||  mus 766 ||  muz 351 ||  u00 0.237 ||  u1 0.807 ||  vfb0 -1.36 ||  x2m 5.19 ||  x3ms 25.96 || 
meas:  comp1= 0.00064133 ||  comp2= 0.00064133 || 
*cost: 0.00127402
para:  alpha 1 ||  k1 0.56 ||  mus 766 ||  muz 351 ||  u00 0.237 ||  u1 0.807 ||  vfb0 -1.36 ||  x2m 5.19 ||  x3ms 25.97 || 
meas:  comp1= 0.00063701 ||  comp2= 0.00063701 || 
*cost: 0.00128266
para:  alpha 1 ||  k1 0.56 ||  mus 766 ||  muz 351 ||  u00 0.237 ||  u1 0.807 ||  vfb0 -1.36 ||  x2m 5.19 ||  x3ms 25.96 || 
meas:  comp1= 0.00064133 ||  comp2= 0.00064133 || 
*cost: 0.00128266
para:  alpha 1 ||  k1 0.56 ||  mus 766 ||  muz 351 ||  u00 0.237 ||  u1 0.807 ||  vfb0 -1.36 ||  x2m 5.19 ||  x3ms 25.96 || 
meas:  comp1= 0.00064133 ||  comp2= 0.00064133 || 
*cost: 0.00127402
para:  alpha 1 ||  k1 0.56 ||  mus 766 ||  muz 351 ||  u00 0.237 ||  u1 0.807 ||  vfb0 -1.36 ||  x2m 5.19 ||  x3ms 25.97 || 
meas:  comp1= 0.00063701 ||  comp2= 0.00063701 || 
*cost: 0.00127402
para:  alpha 1 ||  k1 0.56 ||  mus 766 ||  muz 351 ||  u00 0.237 ||  u1 0.807 ||  vfb0 -1.36 ||  x2m 5.19 ||  x3ms 25.97 || 
meas:  comp1= 0.00063701 ||  comp2= 0.00063701 || 
*cost: 0.00127402
para:  alpha 1 ||  k1 0.56 ||  mus 766 ||  muz 351 ||  u00 0.237 ||  u1 0.807 ||  vfb0 -1.36 ||  x2m 5.19 ||  x3ms 25.97 || 
meas:  comp1= 0.00063701 ||  comp2= 0.00063701 || 
*cost: 0.0024152
para:  alpha 1 ||  k1 0.56 ||  mus 767 ||  muz 351 ||  u00 0.237 ||  u1 0.807 ||  vfb0 -1.36 ||  x2m 5.19 ||  x3ms 25.97 || 
meas:  comp1= 0.0012076 ||  comp2= 0.0012076 || 
*cost: 0.00127402
para:  alpha 1 ||  k1 0.56 ||  mus 766 ||  muz 351 ||  u00 0.237 ||  u1 0.807 ||  vfb0 -1.36 ||  x2m 5.2 ||  x3ms 25.97 || 
meas:  comp1= 0.00063701 ||  comp2= 0.00063701 || 
*cost: 0.00127402
para:  alpha 1 ||  k1 0.56 ||  mus 766 ||  muz 351 ||  u00 0.237 ||  u1 0.807 ||  vfb0 -1.36 ||  x2m 5.19 ||  x3ms 25.97 || 
meas:  comp1= 0.00063701 ||  comp2= 0.00063701 || 
*cost: 0.00127402
para:  alpha 1 ||  k1 0.56 ||  mus 766 ||  muz 351 ||  u00 0.237 ||  u1 0.807 ||  vfb0 -1.36 ||  x2m 5.2 ||  x3ms 25.97 || 
meas:  comp1= 0.00063701 ||  comp2= 0.00063701 || 
*cost: 0.00127402
para:  alpha 1 ||  k1 0.56 ||  mus 766 ||  muz 351 ||  u00 0.237 ||  u1 0.807 ||  vfb0 -1.36 ||  x2m 5.19 ||  x3ms 25.97 || 
meas:  comp1= 0.00063701 ||  comp2= 0.00063701 || 
*cost: 0.00127402
para:  alpha 1 ||  k1 0.56 ||  mus 766 ||  muz 351 ||  u00 0.237 ||  u1 0.807 ||  vfb0 -1.36 ||  x2m 5.19 ||  x3ms 25.97 || 
meas:  comp1= 0.00063701 ||  comp2= 0.00063701 || 
*cost: 0.00127402
para:  alpha 1 ||  k1 0.56 ||  mus 766 ||  muz 351 ||  u00 0.237 ||  u1 0.807 ||  vfb0 -1.36 ||  x2m 5.19 ||  x3ms 25.97 || 
meas:  comp1= 0.00063701 ||  comp2= 0.00063701 || 
*cost: 0.00127402
para:  alpha 1 ||  k1 0.56 ||  mus 766 ||  muz 351 ||  u00 0.237 ||  u1 0.807 ||  vfb0 -1.36 ||  x2m 5.19 ||  x3ms 25.97 || 
meas:  comp1= 0.00063701 ||  comp2= 0.00063701 || 
*cost: 0.00127402
para:  alpha 1 ||  k1 0.56 ||  mus 766 ||  muz 351 ||  u00 0.237 ||  u1 0.807 ||  vfb0 -1.36 ||  x2m 5.19 ||  x3ms 25.97 || 
meas:  comp1= 0.00063701 ||  comp2= 0.00063701 || 
*cost: 0.00127402
para:  alpha 1 ||  k1 0.56 ||  mus 766 ||  muz 351 ||  u00 0.237 ||  u1 0.807 ||  vfb0 -1.36 ||  x2m 5.19 ||  x3ms 25.97 || 
meas:  comp1= 0.00063701 ||  comp2= 0.00063701 || 
*cost: 0.00127402
para:  alpha 1 ||  k1 0.56 ||  mus 766 ||  muz 351 ||  u00 0.237 ||  u1 0.807 ||  vfb0 -1.36 ||  x2m 5.19 ||  x3ms 25.97 || 
meas:  comp1= 0.00063701 ||  comp2= 0.00063701 || 
*cost: 0.00127402
para:  alpha 1 ||  k1 0.56 ||  mus 766 ||  muz 351 ||  u00 0.237 ||  u1 0.807 ||  vfb0 -1.36 ||  x2m 5.19 ||  x3ms 25.97 || 
meas:  comp1= 0.00063701 ||  comp2= 0.00063701 || 
*cost: 0.00127402
para:  alpha 1 ||  k1 0.56 ||  mus 766 ||  muz 351 ||  u00 0.237 ||  u1 0.807 ||  vfb0 -1.36 ||  x2m 5.19 ||  x3ms 25.97 || 
meas:  comp1= 0.00063701 ||  comp2= 0.00063701 || 
*cost: 0.00127402
para:  alpha 1 ||  k1 0.56 ||  mus 766 ||  muz 351 ||  u00 0.237 ||  u1 0.807 ||  vfb0 -1.36 ||  x2m 5.19 ||  x3ms 25.97 || 
meas:  comp1= 0.00063701 ||  comp2= 0.00063701 || 
*cost: 0.00127402
para:  alpha 1 ||  k1 0.56 ||  mus 766 ||  muz 351 ||  u00 0.237 ||  u1 0.807 ||  vfb0 -1.36 ||  x2m 5.19 ||  x3ms 25.97 || 
meas:  comp1= 0.00063701 ||  comp2= 0.00063701 || 
*cost: 0.00127402
para:  alpha 1 ||  k1 0.56 ||  mus 766 ||  muz 351 ||  u00 0.237 ||  u1 0.807 ||  vfb0 -1.36 ||  x2m 5.19 ||  x3ms 25.97 || 
meas:  comp1= 0.00063701 ||  comp2= 0.00063701 || 
*cost: 0.00127402
para:  alpha 1 ||  k1 0.56 ||  mus 766 ||  muz 351 ||  u00 0.237 ||  u1 0.807 ||  vfb0 -1.36 ||  x2m 5.19 ||  x3ms 25.97 || 
meas:  comp1= 0.00063701 ||  comp2= 0.00063701 || 
*cost: 0.00127402
para:  alpha 1 ||  k1 0.56 ||  mus 766 ||  muz 351 ||  u00 0.237 ||  u1 0.807 ||  vfb0 -1.36 ||  x2m 5.19 ||  x3ms 25.97 || 
meas:  comp1= 0.00063701 ||  comp2= 0.00063701 || 
*cost: 0.00127402
para:  alpha 1 ||  k1 0.56 ||  mus 766 ||  muz 351 ||  u00 0.237 ||  u1 0.807 ||  vfb0 -1.36 ||  x2m 5.19 ||  x3ms 25.97 || 
meas:  comp1= 0.00063701 ||  comp2= 0.00063701 || 
*cost: 0.00127402
para:  alpha 1 ||  k1 0.56 ||  mus 766 ||  muz 351 ||  u00 0.237 ||  u1 0.807 ||  vfb0 -1.36 ||  x2m 5.19 ||  x3ms 25.97 || 
meas:  comp1= 0.00063701 ||  comp2= 0.00063701 || 
*cost: 0.00127402
para:  alpha 1 ||  k1 0.56 ||  mus 766 ||  muz 351 ||  u00 0.237 ||  u1 0.807 ||  vfb0 -1.36 ||  x2m 5.19 ||  x3ms 25.97 || 
meas:  comp1= 0.00063701 ||  comp2= 0.00063701 || 
*cost: 0.00127402
para:  alpha 1 ||  k1 0.56 ||  mus 766 ||  muz 351 ||  u00 0.237 ||  u1 0.807 ||  vfb0 -1.36 ||  x2m 5.19 ||  x3ms 25.97 || 
meas:  comp1= 0.00063701 ||  comp2= 0.00063701 || 
*cost: 0.00127402
para:  alpha 1 ||  k1 0.56 ||  mus 766 ||  muz 351 ||  u00 0.237 ||  u1 0.807 ||  vfb0 -1.36 ||  x2m 5.19 ||  x3ms 25.97 || 
meas:  comp1= 0.00063701 ||  comp2= 0.00063701 || 
*cost: 0.00127402
para:  alpha 1 ||  k1 0.56 ||  mus 766 ||  muz 351 ||  u00 0.237 ||  u1 0.807 ||  vfb0 -1.36 ||  x2m 5.19 ||  x3ms 25.97 || 
meas:  comp1= 0.00063701 ||  comp2= 0.00063701 || 
*cost: 0.00127402
para:  alpha 1 ||  k1 0.56 ||  mus 766 ||  muz 351 ||  u00 0.237 ||  u1 0.807 ||  vfb0 -1.36 ||  x2m 5.19 ||  x3ms 25.97 || 
meas:  comp1= 0.00063701 ||  comp2= 0.00063701 || 
*cost: 0.00127402
para:  alpha 1 ||  k1 0.56 ||  mus 766 ||  muz 351 ||  u00 0.237 ||  u1 0.807 ||  vfb0 -1.36 ||  x2m 5.19 ||  x3ms 25.97 || 
meas:  comp1= 0.00063701 ||  comp2= 0.00063701 || 
*cost: 0.00127402
para:  alpha 1 ||  k1 0.56 ||  mus 766 ||  muz 351 ||  u00 0.237 ||  u1 0.807 ||  vfb0 -1.36 ||  x2m 5.19 ||  x3ms 25.97 || 
meas:  comp1= 0.00063701 ||  comp2= 0.00063701 || 
*cost: 0.00127402
para:  alpha 1 ||  k1 0.56 ||  mus 766 ||  muz 351 ||  u00 0.237 ||  u1 0.807 ||  vfb0 -1.36 ||  x2m 5.19 ||  x3ms 25.97 || 
meas:  comp1= 0.00063701 ||  comp2= 0.00063701 || 
*cost: 0.00127402
para:  alpha 1 ||  k1 0.56 ||  mus 766 ||  muz 351 ||  u00 0.237 ||  u1 0.807 ||  vfb0 -1.36 ||  x2m 5.19 ||  x3ms 25.97 || 
meas:  comp1= 0.00063701 ||  comp2= 0.00063701 || 
*cost: 0.00127402
para:  alpha 1 ||  k1 0.56 ||  mus 766 ||  muz 351 ||  u00 0.237 ||  u1 0.807 ||  vfb0 -1.36 ||  x2m 5.19 ||  x3ms 25.97 || 
meas:  comp1= 0.00063701 ||  comp2= 0.00063701 || 
*cost: 0.00127402
para:  alpha 1 ||  k1 0.56 ||  mus 766 ||  muz 351 ||  u00 0.237 ||  u1 0.807 ||  vfb0 -1.36 ||  x2m 5.19 ||  x3ms 25.97 || 
meas:  comp1= 0.00063701 ||  comp2= 0.00063701 || 
*cost: 1.6126
para:  alpha 1 ||  k1 0.82 ||  mus 600 ||  muz 1055 ||  u00 0.252 ||  u1 0.537 ||  vfb0 -0.95 ||  x2m 5 ||  x3ms 12.5 || 
meas:  comp1= 0.8063 ||  comp2= 0.8063 || 
*cost: 1.33096
para:  alpha 1 ||  k1 1 ||  mus 600 ||  muz 1055 ||  u00 0.252 ||  u1 0.537 ||  vfb0 -0.95 ||  x2m 5 ||  x3ms 12.5 || 
meas:  comp1= 0.66548 ||  comp2= 0.66548 || 
*cost: 1.6126
para:  alpha 1 ||  k1 0.82 ||  mus 900 ||  muz 1055 ||  u00 0.252 ||  u1 0.537 ||  vfb0 -0.95 ||  x2m 5 ||  x3ms 12.5 || 
meas:  comp1= 0.8063 ||  comp2= 0.8063 || 
*cost: 2.5774
para:  alpha 1 ||  k1 0.82 ||  mus 600 ||  muz 1355 ||  u00 0.252 ||  u1 0.537 ||  vfb0 -0.95 ||  x2m 5 ||  x3ms 12.5 || 
meas:  comp1= 1.2887 ||  comp2= 1.2887 || 
*cost: 1.19168
para:  alpha 1 ||  k1 0.82 ||  mus 600 ||  muz 1055 ||  u00 0.377 ||  u1 0.537 ||  vfb0 -0.95 ||  x2m 5 ||  x3ms 12.5 || 
meas:  comp1= 0.59584 ||  comp2= 0.59584 || 
*cost: 1.52106
para:  alpha 1 ||  k1 0.82 ||  mus 600 ||  muz 1055 ||  u00 0.252 ||  u1 0.787 ||  vfb0 -0.95 ||  x2m 5 ||  x3ms 12.5 || 
meas:  comp1= 0.76053 ||  comp2= 0.76053 || 
*cost: 0.21836
para:  alpha 1 ||  k1 0.82 ||  mus 600 ||  muz 1055 ||  u00 0.252 ||  u1 0.537 ||  vfb0 -0.2 ||  x2m 5 ||  x3ms 12.5 || 
meas:  comp1= 0.10918 ||  comp2= 0.10918 || 
*cost: 1.6126
para:  alpha 1 ||  k1 0.82 ||  mus 600 ||  muz 1055 ||  u00 0.252 ||  u1 0.537 ||  vfb0 -0.95 ||  x2m 10 ||  x3ms 12.5 || 
meas:  comp1= 0.8063 ||  comp2= 0.8063 || 
*cost: 1.62826
para:  alpha 1 ||  k1 0.82 ||  mus 600 ||  muz 1055 ||  u00 0.252 ||  u1 0.537 ||  vfb0 -0.95 ||  x2m 5 ||  x3ms 25 || 
meas:  comp1= 0.81413 ||  comp2= 0.81413 || 
*cost: 1.88562
para:  alpha 1 ||  k1 0.64 ||  mus 600 ||  muz 1055 ||  u00 0.252 ||  u1 0.537 ||  vfb0 -0.95 ||  x2m 5 ||  x3ms 12.5 || 
meas:  comp1= 0.94281 ||  comp2= 0.94281 || 
*cost: 1.6126
para:  alpha 1 ||  k1 0.82 ||  mus 300 ||  muz 1055 ||  u00 0.252 ||  u1 0.537 ||  vfb0 -0.95 ||  x2m 5 ||  x3ms 12.5 || 
meas:  comp1= 0.8063 ||  comp2= 0.8063 || 
*cost: 0.71114
para:  alpha 1 ||  k1 0.82 ||  mus 600 ||  muz 755 ||  u00 0.252 ||  u1 0.537 ||  vfb0 -0.95 ||  x2m 5 ||  x3ms 12.5 || 
meas:  comp1= 0.35557 ||  comp2= 0.35557 || 
*cost: 2.3134
para:  alpha 1 ||  k1 0.82 ||  mus 600 ||  muz 1055 ||  u00 0.127 ||  u1 0.537 ||  vfb0 -0.95 ||  x2m 5 ||  x3ms 12.5 || 
meas:  comp1= 1.1567 ||  comp2= 1.1567 || 
*cost: 1.7643
para:  alpha 1 ||  k1 0.82 ||  mus 600 ||  muz 1055 ||  u00 0.252 ||  u1 0.287 ||  vfb0 -0.95 ||  x2m 5 ||  x3ms 12.5 || 
meas:  comp1= 0.88215 ||  comp2= 0.88215 || 
*cost: 2.6972
para:  alpha 1 ||  k1 0.82 ||  mus 600 ||  muz 1055 ||  u00 0.252 ||  u1 0.537 ||  vfb0 -1.7 ||  x2m 5 ||  x3ms 12.5 || 
meas:  comp1= 1.3486 ||  comp2= 1.3486 || 
*cost: 1.6126
para:  alpha 1 ||  k1 0.82 ||  mus 600 ||  muz 1055 ||  u00 0.252 ||  u1 0.537 ||  vfb0 -0.95 ||  x2m 0 ||  x3ms 12.5 || 
meas:  comp1= 0.8063 ||  comp2= 0.8063 || 
*cost: 1.59858
para:  alpha 1 ||  k1 0.82 ||  mus 600 ||  muz 1055 ||  u00 0.252 ||  u1 0.537 ||  vfb0 -0.95 ||  x2m 5 ||  x3ms 0 || 
meas:  comp1= 0.79929 ||  comp2= 0.79929 || 
*cost: 1.35642
para:  alpha 1 ||  k1 0.84 ||  mus 600 ||  muz 925 ||  u00 0.281 ||  u1 0.551 ||  vfb0 0.44 ||  x2m 5 ||  x3ms 12.41 || 
meas:  comp1= 0.67821 ||  comp2= 0.67821 || 
*cost: 0.27316
para:  alpha 1 ||  k1 0.8 ||  mus 600 ||  muz 1149 ||  u00 0.235 ||  u1 0.527 ||  vfb0 0.06 ||  x2m 5 ||  x3ms 12.56 || 
meas:  comp1= 0.13658 ||  comp2= 0.13658 || 
*cost: 0.037198
para:  alpha 1 ||  k1 0.84 ||  mus 600 ||  muz 1055 ||  u00 0.252 ||  u1 0.537 ||  vfb0 -0.12 ||  x2m 5 ||  x3ms 12.5 || 
meas:  comp1= 0.018599 ||  comp2= 0.018599 || 
*cost: 0.112166
para:  alpha 1 ||  k1 0.88 ||  mus 600 ||  muz 1071 ||  u00 0.248 ||  u1 0.535 ||  vfb0 -0.1 ||  x2m 5 ||  x3ms 12.51 || 
meas:  comp1= 0.056083 ||  comp2= 0.056083 || 
*cost: 0.13587
para:  alpha 1 ||  k1 0.83 ||  mus 600 ||  muz 1055 ||  u00 0.252 ||  u1 0.537 ||  vfb0 -0.17 ||  x2m 5 ||  x3ms 12.5 || 
meas:  comp1= 0.067935 ||  comp2= 0.067935 || 
*cost: 0.041318
para:  alpha 1 ||  k1 0.85 ||  mus 600 ||  muz 1071 ||  u00 0.257 ||  u1 0.54 ||  vfb0 -0.13 ||  x2m 5 ||  x3ms 12.47 || 
meas:  comp1= 0.020659 ||  comp2= 0.020659 || 
*cost: 0.118238
para:  alpha 1 ||  k1 0.84 ||  mus 620 ||  muz 1055 ||  u00 0.252 ||  u1 0.537 ||  vfb0 -0.07 ||  x2m 5 ||  x3ms 12.5 || 
meas:  comp1= 0.059119 ||  comp2= 0.059119 || 
*cost: 0.048086
para:  alpha 1 ||  k1 0.84 ||  mus 576 ||  muz 1048 ||  u00 0.246 ||  u1 0.533 ||  vfb0 -0.12 ||  x2m 5 ||  x3ms 12.52 || 
meas:  comp1= 0.024043 ||  comp2= 0.024043 || 
*cost: 0.024542
para:  alpha 1 ||  k1 0.84 ||  mus 600 ||  muz 1032 ||  u00 0.257 ||  u1 0.547 ||  vfb0 -0.13 ||  x2m 5 ||  x3ms 12.43 || 
meas:  comp1= 0.012271 ||  comp2= 0.012271 || 
*cost: 0.03917
para:  alpha 1 ||  k1 0.85 ||  mus 602 ||  muz 1023 ||  u00 0.261 ||  u1 0.526 ||  vfb0 -0.14 ||  x2m 5 ||  x3ms 12.56 || 
meas:  comp1= 0.019585 ||  comp2= 0.019585 || 
*cost: 0.097964
para:  alpha 1 ||  k1 0.84 ||  mus 600 ||  muz 1033 ||  u00 0.249 ||  u1 0.546 ||  vfb0 -0.18 ||  x2m 5 ||  x3ms 12.44 || 
meas:  comp1= 0.048982 ||  comp2= 0.048982 || 
*cost: 0.114242
para:  alpha 1 ||  k1 0.84 ||  mus 582 ||  muz 1038 ||  u00 0.264 ||  u1 0.555 ||  vfb0 -0.09 ||  x2m 5 ||  x3ms 12.36 || 
meas:  comp1= 0.057121 ||  comp2= 0.057121 || 
*cost: 0.15836
para:  alpha 1 ||  k1 0.84 ||  mus 600 ||  muz 1030 ||  u00 0.258 ||  u1 0.547 ||  vfb0 -0.07 ||  x2m 5 ||  x3ms 13.27 || 
meas:  comp1= 0.07918 ||  comp2= 0.07918 || 
*cost: 0.054262
para:  alpha 1 ||  k1 0.84 ||  mus 604 ||  muz 1028 ||  u00 0.257 ||  u1 0.547 ||  vfb0 -0.12 ||  x2m 5 ||  x3ms 11.24 || 
meas:  comp1= 0.027131 ||  comp2= 0.027131 || 
*cost: 0.15907
para:  alpha 1 ||  k1 0.84 ||  mus 600 ||  muz 1030 ||  u00 0.258 ||  u1 0.547 ||  vfb0 -0.07 ||  x2m 5.33 ||  x3ms 12.43 || 
meas:  comp1= 0.079535 ||  comp2= 0.079535 || 
*cost: 0.038552
para:  alpha 1 ||  k1 0.84 ||  mus 603 ||  muz 1027 ||  u00 0.259 ||  u1 0.548 ||  vfb0 -0.13 ||  x2m 4.52 ||  x3ms 12.29 || 
meas:  comp1= 0.019276 ||  comp2= 0.019276 || 
*cost: 0.08162
para:  alpha 1 ||  k1 0.84 ||  mus 600 ||  muz 1033 ||  u00 0.257 ||  u1 0.563 ||  vfb0 -0.18 ||  x2m 5 ||  x3ms 12.44 || 
meas:  comp1= 0.04081 ||  comp2= 0.04081 || 
*cost: 0.111858
para:  alpha 1 ||  k1 0.83 ||  mus 599 ||  muz 1011 ||  u00 0.261 ||  u1 0.545 ||  vfb0 -0.1 ||  x2m 4.88 ||  x3ms 12.08 || 
meas:  comp1= 0.055929 ||  comp2= 0.055929 || 
*cost: 0.075282
para:  alpha 1 ||  k1 0.84 ||  mus 600 ||  muz 1033 ||  u00 0.266 ||  u1 0.546 ||  vfb0 -0.18 ||  x2m 5 ||  x3ms 12.44 || 
meas:  comp1= 0.037641 ||  comp2= 0.037641 || 
*cost: 0.061204
para:  alpha 1 ||  k1 0.86 ||  mus 602 ||  muz 1031 ||  u00 0.254 ||  u1 0.548 ||  vfb0 -0.13 ||  x2m 4.82 ||  x3ms 12.31 || 
meas:  comp1= 0.030602 ||  comp2= 0.030602 || 
*cost: 0.029146
para:  alpha 1 ||  k1 0.84 ||  mus 598 ||  muz 1042 ||  u00 0.256 ||  u1 0.543 ||  vfb0 -0.12 ||  x2m 4.88 ||  x3ms 12.21 || 
meas:  comp1= 0.014573 ||  comp2= 0.014573 || 
*cost: 0.04223
para:  alpha 1 ||  k1 0.84 ||  mus 602 ||  muz 1034 ||  u00 0.257 ||  u1 0.546 ||  vfb0 -0.12 ||  x2m 5 ||  x3ms 12.44 || 
meas:  comp1= 0.021115 ||  comp2= 0.021115 || 
*cost: 0.0085178
para:  alpha 1 ||  k1 0.84 ||  mus 594 ||  muz 1030 ||  u00 0.257 ||  u1 0.546 ||  vfb0 -0.14 ||  x2m 5 ||  x3ms 12.45 || 
meas:  comp1= 0.0042589 ||  comp2= 0.0042589 || 
*cost: 0.0150832
para:  alpha 1 ||  k1 0.84 ||  mus 594 ||  muz 1027 ||  u00 0.258 ||  u1 0.546 ||  vfb0 -0.15 ||  x2m 5.05 ||  x3ms 12.51 || 
meas:  comp1= 0.0075416 ||  comp2= 0.0075416 || 
*cost: 0.0049884
para:  alpha 1 ||  k1 0.84 ||  mus 595 ||  muz 1032 ||  u00 0.257 ||  u1 0.546 ||  vfb0 -0.14 ||  x2m 5 ||  x3ms 12.46 || 
meas:  comp1= 0.0024942 ||  comp2= 0.0024942 || 
*cost: 0.0020968
para:  alpha 1 ||  k1 0.84 ||  mus 593 ||  muz 1034 ||  u00 0.257 ||  u1 0.545 ||  vfb0 -0.14 ||  x2m 5 ||  x3ms 12.48 || 
meas:  comp1= 0.0010484 ||  comp2= 0.0010484 || 
*cost: 0.0043956
para:  alpha 1 ||  k1 0.84 ||  mus 592 ||  muz 1036 ||  u00 0.257 ||  u1 0.545 ||  vfb0 -0.14 ||  x2m 5 ||  x3ms 12.43 || 
meas:  comp1= 0.0021978 ||  comp2= 0.0021978 || 
*cost: 0.0189152
para:  alpha 1 ||  k1 0.84 ||  mus 592 ||  muz 1034 ||  u00 0.256 ||  u1 0.545 ||  vfb0 -0.13 ||  x2m 5.01 ||  x3ms 12.53 || 
meas:  comp1= 0.0094576 ||  comp2= 0.0094576 || 
*cost: 0.0034614
para:  alpha 1 ||  k1 0.84 ||  mus 594 ||  muz 1035 ||  u00 0.258 ||  u1 0.545 ||  vfb0 -0.14 ||  x2m 4.97 ||  x3ms 12.48 || 
meas:  comp1= 0.0017307 ||  comp2= 0.0017307 || 
*cost: 0.0034348
para:  alpha 1 ||  k1 0.84 ||  mus 592 ||  muz 1035 ||  u00 0.258 ||  u1 0.545 ||  vfb0 -0.14 ||  x2m 5.02 ||  x3ms 12.49 || 
meas:  comp1= 0.0017174 ||  comp2= 0.0017174 || 
*cost: 0.002825
para:  alpha 1 ||  k1 0.84 ||  mus 592 ||  muz 1034 ||  u00 0.257 ||  u1 0.546 ||  vfb0 -0.14 ||  x2m 4.99 ||  x3ms 12.38 || 
meas:  comp1= 0.0014125 ||  comp2= 0.0014125 || 
*cost: 0.0029
para:  alpha 1 ||  k1 0.84 ||  mus 592 ||  muz 1035 ||  u00 0.257 ||  u1 0.545 ||  vfb0 -0.14 ||  x2m 5.04 ||  x3ms 12.49 || 
meas:  comp1= 0.00145 ||  comp2= 0.00145 || 
*cost: 0.004947
para:  alpha 1 ||  k1 0.84 ||  mus 592 ||  muz 1033 ||  u00 0.258 ||  u1 0.544 ||  vfb0 -0.14 ||  x2m 5 ||  x3ms 12.44 || 
meas:  comp1= 0.0024735 ||  comp2= 0.0024735 || 
*cost: 0.0029112
para:  alpha 1 ||  k1 0.84 ||  mus 592 ||  muz 1035 ||  u00 0.257 ||  u1 0.545 ||  vfb0 -0.14 ||  x2m 5 ||  x3ms 12.59 || 
meas:  comp1= 0.0014556 ||  comp2= 0.0014556 || 
*cost: 0.0039154
para:  alpha 1 ||  k1 0.84 ||  mus 594 ||  muz 1035 ||  u00 0.258 ||  u1 0.546 ||  vfb0 -0.14 ||  x2m 5.02 ||  x3ms 12.5 || 
meas:  comp1= 0.0019577 ||  comp2= 0.0019577 || 
*cost: 0.020696
para:  alpha 1 ||  k1 0.84 ||  mus 592 ||  muz 1035 ||  u00 0.258 ||  u1 0.546 ||  vfb0 -0.13 ||  x2m 5 ||  x3ms 12.46 || 
meas:  comp1= 0.010348 ||  comp2= 0.010348 || 
*cost: 0.00180562
para:  alpha 1 ||  k1 0.84 ||  mus 594 ||  muz 1034 ||  u00 0.257 ||  u1 0.544 ||  vfb0 -0.14 ||  x2m 5 ||  x3ms 12.47 || 
meas:  comp1= 0.00090281 ||  comp2= 0.00090281 || 
*cost: 0.024498
para:  alpha 1 ||  k1 0.84 ||  mus 592 ||  muz 1035 ||  u00 0.257 ||  u1 0.544 ||  vfb0 -0.15 ||  x2m 5.01 ||  x3ms 12.51 || 
meas:  comp1= 0.012249 ||  comp2= 0.012249 || 
*cost: 0.00185162
para:  alpha 1 ||  k1 0.84 ||  mus 595 ||  muz 1034 ||  u00 0.257 ||  u1 0.544 ||  vfb0 -0.14 ||  x2m 5 ||  x3ms 12.44 || 
meas:  comp1= 0.00092581 ||  comp2= 0.00092581 || 
*cost: 0.00182048
para:  alpha 1 ||  k1 0.84 ||  mus 594 ||  muz 1034 ||  u00 0.257 ||  u1 0.544 ||  vfb0 -0.14 ||  x2m 5 ||  x3ms 12.46 || 
meas:  comp1= 0.00091024 ||  comp2= 0.00091024 || 
*cost: 0.00179126
para:  alpha 1 ||  k1 0.84 ||  mus 594 ||  muz 1034 ||  u00 0.257 ||  u1 0.544 ||  vfb0 -0.14 ||  x2m 5 ||  x3ms 12.48 || 
meas:  comp1= 0.00089563 ||  comp2= 0.00089563 || 
*cost: 0.00171
para:  alpha 1 ||  k1 0.84 ||  mus 594 ||  muz 1034 ||  u00 0.257 ||  u1 0.543 ||  vfb0 -0.14 ||  x2m 5 ||  x3ms 12.48 || 
meas:  comp1= 0.000855 ||  comp2= 0.000855 || 
*cost: 0.00171
para:  alpha 1 ||  k1 0.84 ||  mus 594 ||  muz 1034 ||  u00 0.257 ||  u1 0.543 ||  vfb0 -0.14 ||  x2m 5 ||  x3ms 12.48 || 
meas:  comp1= 0.000855 ||  comp2= 0.000855 || 
*cost: 0.00170846
para:  alpha 1 ||  k1 0.84 ||  mus 595 ||  muz 1034 ||  u00 0.257 ||  u1 0.543 ||  vfb0 -0.14 ||  x2m 5 ||  x3ms 12.49 || 
meas:  comp1= 0.00085423 ||  comp2= 0.00085423 || 
*cost: 0.00171
para:  alpha 1 ||  k1 0.84 ||  mus 595 ||  muz 1034 ||  u00 0.257 ||  u1 0.543 ||  vfb0 -0.14 ||  x2m 5 ||  x3ms 12.48 || 
meas:  comp1= 0.000855 ||  comp2= 0.000855 || 
*cost: 0.00171
para:  alpha 1 ||  k1 0.84 ||  mus 595 ||  muz 1034 ||  u00 0.257 ||  u1 0.543 ||  vfb0 -0.14 ||  x2m 5 ||  x3ms 12.48 || 
meas:  comp1= 0.000855 ||  comp2= 0.000855 || 
*cost: 0.00171
para:  alpha 1 ||  k1 0.84 ||  mus 594 ||  muz 1034 ||  u00 0.257 ||  u1 0.543 ||  vfb0 -0.14 ||  x2m 5.01 ||  x3ms 12.48 || 
meas:  comp1= 0.000855 ||  comp2= 0.000855 || 
*cost: 0.00143554
para:  alpha 1 ||  k1 0.84 ||  mus 595 ||  muz 1033 ||  u00 0.257 ||  u1 0.543 ||  vfb0 -0.14 ||  x2m 5 ||  x3ms 12.49 || 
meas:  comp1= 0.00071777 ||  comp2= 0.00071777 || 
*cost: 0.00143554
para:  alpha 1 ||  k1 0.84 ||  mus 595 ||  muz 1033 ||  u00 0.257 ||  u1 0.543 ||  vfb0 -0.14 ||  x2m 5.01 ||  x3ms 12.49 || 
meas:  comp1= 0.00071777 ||  comp2= 0.00071777 || 
*cost: 0.00143554
para:  alpha 1 ||  k1 0.84 ||  mus 595 ||  muz 1033 ||  u00 0.257 ||  u1 0.543 ||  vfb0 -0.14 ||  x2m 5.01 ||  x3ms 12.49 || 
meas:  comp1= 0.00071777 ||  comp2= 0.00071777 || 
*cost: 0.0020766
para:  alpha 1 ||  k1 0.84 ||  mus 594 ||  muz 1033 ||  u00 0.257 ||  u1 0.544 ||  vfb0 -0.14 ||  x2m 5.01 ||  x3ms 12.49 || 
meas:  comp1= 0.0010383 ||  comp2= 0.0010383 || 
*cost: 0.00176404
para:  alpha 1 ||  k1 0.84 ||  mus 594 ||  muz 1034 ||  u00 0.257 ||  u1 0.544 ||  vfb0 -0.14 ||  x2m 5 ||  x3ms 12.5 || 
meas:  comp1= 0.00088202 ||  comp2= 0.00088202 || 
*cost: 0.00143554
para:  alpha 1 ||  k1 0.84 ||  mus 595 ||  muz 1033 ||  u00 0.257 ||  u1 0.543 ||  vfb0 -0.14 ||  x2m 5 ||  x3ms 12.49 || 
meas:  comp1= 0.00071777 ||  comp2= 0.00071777 || 
*cost: 0.0020766
para:  alpha 1 ||  k1 0.84 ||  mus 595 ||  muz 1033 ||  u00 0.257 ||  u1 0.544 ||  vfb0 -0.14 ||  x2m 5 ||  x3ms 12.49 || 
meas:  comp1= 0.0010383 ||  comp2= 0.0010383 || 
*cost: 0.00143554
para:  alpha 1 ||  k1 0.84 ||  mus 594 ||  muz 1033 ||  u00 0.257 ||  u1 0.543 ||  vfb0 -0.14 ||  x2m 5.01 ||  x3ms 12.49 || 
meas:  comp1= 0.00071777 ||  comp2= 0.00071777 || 
*cost: 0.0017774
para:  alpha 1 ||  k1 0.84 ||  mus 594 ||  muz 1034 ||  u00 0.257 ||  u1 0.544 ||  vfb0 -0.14 ||  x2m 5 ||  x3ms 12.49 || 
meas:  comp1= 0.0008887 ||  comp2= 0.0008887 || 
*cost: 0.00143554
para:  alpha 1 ||  k1 0.84 ||  mus 595 ||  muz 1033 ||  u00 0.257 ||  u1 0.543 ||  vfb0 -0.14 ||  x2m 5.01 ||  x3ms 12.49 || 
meas:  comp1= 0.00071777 ||  comp2= 0.00071777 || 
*cost: 0.00143554
para:  alpha 1 ||  k1 0.84 ||  mus 595 ||  muz 1033 ||  u00 0.257 ||  u1 0.543 ||  vfb0 -0.14 ||  x2m 5.01 ||  x3ms 12.49 || 
meas:  comp1= 0.00071777 ||  comp2= 0.00071777 || 
*cost: 0.00143554
para:  alpha 1 ||  k1 0.84 ||  mus 595 ||  muz 1033 ||  u00 0.257 ||  u1 0.543 ||  vfb0 -0.14 ||  x2m 5 ||  x3ms 12.49 || 
meas:  comp1= 0.00071777 ||  comp2= 0.00071777 || 
*cost: 0.00143554
para:  alpha 1 ||  k1 0.84 ||  mus 595 ||  muz 1033 ||  u00 0.257 ||  u1 0.543 ||  vfb0 -0.14 ||  x2m 5 ||  x3ms 12.49 || 
meas:  comp1= 0.00071777 ||  comp2= 0.00071777 || 
*cost: 0.00143554
para:  alpha 1 ||  k1 0.84 ||  mus 595 ||  muz 1033 ||  u00 0.257 ||  u1 0.543 ||  vfb0 -0.14 ||  x2m 5 ||  x3ms 12.49 || 
meas:  comp1= 0.00071777 ||  comp2= 0.00071777 || 
*cost: 0.00143554
para:  alpha 1 ||  k1 0.84 ||  mus 595 ||  muz 1033 ||  u00 0.257 ||  u1 0.543 ||  vfb0 -0.14 ||  x2m 5 ||  x3ms 12.49 || 
meas:  comp1= 0.00071777 ||  comp2= 0.00071777 || 
*cost: 0.00143554
para:  alpha 1 ||  k1 0.84 ||  mus 594 ||  muz 1033 ||  u00 0.257 ||  u1 0.543 ||  vfb0 -0.14 ||  x2m 5 ||  x3ms 12.49 || 
meas:  comp1= 0.00071777 ||  comp2= 0.00071777 || 
*cost: 0.00143554
para:  alpha 1 ||  k1 0.84 ||  mus 595 ||  muz 1033 ||  u00 0.257 ||  u1 0.543 ||  vfb0 -0.14 ||  x2m 5.01 ||  x3ms 12.49 || 
meas:  comp1= 0.00071777 ||  comp2= 0.00071777 || 
*cost: 0.00143554
para:  alpha 1 ||  k1 0.84 ||  mus 595 ||  muz 1033 ||  u00 0.257 ||  u1 0.543 ||  vfb0 -0.14 ||  x2m 5 ||  x3ms 12.49 || 
meas:  comp1= 0.00071777 ||  comp2= 0.00071777 || 
*cost: 0.00143554
para:  alpha 1 ||  k1 0.84 ||  mus 595 ||  muz 1033 ||  u00 0.257 ||  u1 0.543 ||  vfb0 -0.14 ||  x2m 5 ||  x3ms 12.49 || 
meas:  comp1= 0.00071777 ||  comp2= 0.00071777 || 
*cost: 0.00143554
para:  alpha 1 ||  k1 0.84 ||  mus 595 ||  muz 1033 ||  u00 0.257 ||  u1 0.543 ||  vfb0 -0.14 ||  x2m 5 ||  x3ms 12.49 || 
meas:  comp1= 0.00071777 ||  comp2= 0.00071777 || 
*cost: 0.00143554
para:  alpha 1 ||  k1 0.84 ||  mus 595 ||  muz 1033 ||  u00 0.257 ||  u1 0.543 ||  vfb0 -0.14 ||  x2m 5 ||  x3ms 12.49 || 
meas:  comp1= 0.00071777 ||  comp2= 0.00071777 || 
*cost: 0.00143554
para:  alpha 1 ||  k1 0.84 ||  mus 595 ||  muz 1033 ||  u00 0.257 ||  u1 0.543 ||  vfb0 -0.14 ||  x2m 5 ||  x3ms 12.49 || 
meas:  comp1= 0.00071777 ||  comp2= 0.00071777 || 
*cost: 0.00143554
para:  alpha 1 ||  k1 0.84 ||  mus 595 ||  muz 1033 ||  u00 0.257 ||  u1 0.543 ||  vfb0 -0.14 ||  x2m 5 ||  x3ms 12.49 || 
meas:  comp1= 0.00071777 ||  comp2= 0.00071777 || 
*cost: 0.00143554
para:  alpha 1 ||  k1 0.84 ||  mus 595 ||  muz 1033 ||  u00 0.257 ||  u1 0.543 ||  vfb0 -0.14 ||  x2m 5 ||  x3ms 12.49 || 
meas:  comp1= 0.00071777 ||  comp2= 0.00071777 || 
*cost: 0.00143554
para:  alpha 1 ||  k1 0.84 ||  mus 595 ||  muz 1033 ||  u00 0.257 ||  u1 0.543 ||  vfb0 -0.14 ||  x2m 5 ||  x3ms 12.49 || 
meas:  comp1= 0.00071777 ||  comp2= 0.00071777 || 
*cost: 0.00143554
para:  alpha 1 ||  k1 0.84 ||  mus 595 ||  muz 1033 ||  u00 0.257 ||  u1 0.543 ||  vfb0 -0.14 ||  x2m 5 ||  x3ms 12.49 || 
meas:  comp1= 0.00071777 ||  comp2= 0.00071777 || 
*cost: 0.00143554
para:  alpha 1 ||  k1 0.84 ||  mus 595 ||  muz 1033 ||  u00 0.257 ||  u1 0.543 ||  vfb0 -0.14 ||  x2m 5 ||  x3ms 12.49 || 
meas:  comp1= 0.00071777 ||  comp2= 0.00071777 || 
*cost: 0.00143554
para:  alpha 1 ||  k1 0.84 ||  mus 595 ||  muz 1033 ||  u00 0.257 ||  u1 0.543 ||  vfb0 -0.14 ||  x2m 5 ||  x3ms 12.49 || 
meas:  comp1= 0.00071777 ||  comp2= 0.00071777 || 
*cost: 0.00143554
para:  alpha 1 ||  k1 0.84 ||  mus 595 ||  muz 1033 ||  u00 0.257 ||  u1 0.543 ||  vfb0 -0.14 ||  x2m 5 ||  x3ms 12.49 || 
meas:  comp1= 0.00071777 ||  comp2= 0.00071777 || 
*cost: 0.00143554
para:  alpha 1 ||  k1 0.84 ||  mus 595 ||  muz 1033 ||  u00 0.257 ||  u1 0.543 ||  vfb0 -0.14 ||  x2m 5 ||  x3ms 12.49 || 
meas:  comp1= 0.00071777 ||  comp2= 0.00071777 || 
*cost: 0.00143554
para:  alpha 1 ||  k1 0.84 ||  mus 595 ||  muz 1033 ||  u00 0.257 ||  u1 0.543 ||  vfb0 -0.14 ||  x2m 5 ||  x3ms 12.49 || 
meas:  comp1= 0.00071777 ||  comp2= 0.00071777 || 
*cost: 0.00143554
para:  alpha 1 ||  k1 0.84 ||  mus 595 ||  muz 1033 ||  u00 0.257 ||  u1 0.543 ||  vfb0 -0.14 ||  x2m 5 ||  x3ms 12.49 || 
meas:  comp1= 0.00071777 ||  comp2= 0.00071777 || 
*cost: 0.00143554
para:  alpha 1 ||  k1 0.84 ||  mus 595 ||  muz 1033 ||  u00 0.257 ||  u1 0.543 ||  vfb0 -0.14 ||  x2m 5 ||  x3ms 12.49 || 
meas:  comp1= 0.00071777 ||  comp2= 0.00071777 || 
*cost: 0.00143554
para:  alpha 1 ||  k1 0.84 ||  mus 595 ||  muz 1033 ||  u00 0.257 ||  u1 0.543 ||  vfb0 -0.14 ||  x2m 5 ||  x3ms 12.49 || 
meas:  comp1= 0.00071777 ||  comp2= 0.00071777 || 
*cost: 0.00143554
para:  alpha 1 ||  k1 0.84 ||  mus 595 ||  muz 1033 ||  u00 0.257 ||  u1 0.543 ||  vfb0 -0.14 ||  x2m 5 ||  x3ms 12.49 || 
meas:  comp1= 0.00071777 ||  comp2= 0.00071777 || 
*cost: 0.00143554
para:  alpha 1 ||  k1 0.84 ||  mus 595 ||  muz 1033 ||  u00 0.257 ||  u1 0.543 ||  vfb0 -0.14 ||  x2m 5 ||  x3ms 12.49 || 
meas:  comp1= 0.00071777 ||  comp2= 0.00071777 || 
*cost: 0.00143554
para:  alpha 1 ||  k1 0.84 ||  mus 595 ||  muz 1033 ||  u00 0.257 ||  u1 0.543 ||  vfb0 -0.14 ||  x2m 5 ||  x3ms 12.49 || 
meas:  comp1= 0.00071777 ||  comp2= 0.00071777 || 
*cost: 0.00143554
para:  alpha 1 ||  k1 0.84 ||  mus 595 ||  muz 1033 ||  u00 0.257 ||  u1 0.543 ||  vfb0 -0.14 ||  x2m 5 ||  x3ms 12.49 || 
meas:  comp1= 0.00071777 ||  comp2= 0.00071777 || 
*cost: 2.8942
para:  alpha 1 ||  k1 0.6 ||  mus 600 ||  muz 1200 ||  u00 0.309 ||  u1 0.25 ||  vfb0 -1.25 ||  x2m 5 ||  x3ms 37.5 || 
meas:  comp1= 1.4471 ||  comp2= 1.4471 || 
*cost: 2.6026
para:  alpha 1 ||  k1 0.78 ||  mus 600 ||  muz 1200 ||  u00 0.309 ||  u1 0.25 ||  vfb0 -1.25 ||  x2m 5 ||  x3ms 37.5 || 
meas:  comp1= 1.3013 ||  comp2= 1.3013 || 
*cost: 2.8942
para:  alpha 1 ||  k1 0.6 ||  mus 900 ||  muz 1200 ||  u00 0.309 ||  u1 0.25 ||  vfb0 -1.25 ||  x2m 5 ||  x3ms 37.5 || 
meas:  comp1= 1.4471 ||  comp2= 1.4471 || 
*cost: 4.074
para:  alpha 1 ||  k1 0.6 ||  mus 600 ||  muz 1500 ||  u00 0.309 ||  u1 0.25 ||  vfb0 -1.25 ||  x2m 5 ||  x3ms 37.5 || 
meas:  comp1= 2.037 ||  comp2= 2.037 || 
*cost: 2.1764
para:  alpha 1 ||  k1 0.6 ||  mus 600 ||  muz 1200 ||  u00 0.434 ||  u1 0.25 ||  vfb0 -1.25 ||  x2m 5 ||  x3ms 37.5 || 
meas:  comp1= 1.0882 ||  comp2= 1.0882 || 
*cost: 2.6496
para:  alpha 1 ||  k1 0.6 ||  mus 600 ||  muz 1200 ||  u00 0.309 ||  u1 0.5 ||  vfb0 -1.25 ||  x2m 5 ||  x3ms 37.5 || 
meas:  comp1= 1.3248 ||  comp2= 1.3248 || 
*cost: 1.6443
para:  alpha 1 ||  k1 0.6 ||  mus 600 ||  muz 1200 ||  u00 0.309 ||  u1 0.25 ||  vfb0 -0.5 ||  x2m 5 ||  x3ms 37.5 || 
meas:  comp1= 0.82215 ||  comp2= 0.82215 || 
*cost: 2.8942
para:  alpha 1 ||  k1 0.6 ||  mus 600 ||  muz 1200 ||  u00 0.309 ||  u1 0.25 ||  vfb0 -1.25 ||  x2m 10 ||  x3ms 37.5 || 
meas:  comp1= 1.4471 ||  comp2= 1.4471 || 
*cost: 2.9272
para:  alpha 1 ||  k1 0.6 ||  mus 600 ||  muz 1200 ||  u00 0.309 ||  u1 0.25 ||  vfb0 -1.25 ||  x2m 5 ||  x3ms 50 || 
meas:  comp1= 1.4636 ||  comp2= 1.4636 || 
*cost: 3.1688
para:  alpha 1 ||  k1 0.43 ||  mus 600 ||  muz 1200 ||  u00 0.309 ||  u1 0.25 ||  vfb0 -1.25 ||  x2m 5 ||  x3ms 37.5 || 
meas:  comp1= 1.5844 ||  comp2= 1.5844 || 
*cost: 2.8942
para:  alpha 1 ||  k1 0.6 ||  mus 300 ||  muz 1200 ||  u00 0.309 ||  u1 0.25 ||  vfb0 -1.25 ||  x2m 5 ||  x3ms 37.5 || 
meas:  comp1= 1.4471 ||  comp2= 1.4471 || 
*cost: 1.71828
para:  alpha 1 ||  k1 0.6 ||  mus 600 ||  muz 900 ||  u00 0.309 ||  u1 0.25 ||  vfb0 -1.25 ||  x2m 5 ||  x3ms 37.5 || 
meas:  comp1= 0.85914 ||  comp2= 0.85914 || 
*cost: 3.9962
para:  alpha 1 ||  k1 0.6 ||  mus 600 ||  muz 1200 ||  u00 0.184 ||  u1 0.25 ||  vfb0 -1.25 ||  x2m 5 ||  x3ms 37.5 || 
meas:  comp1= 1.9981 ||  comp2= 1.9981 || 
*cost: 3.3588
para:  alpha 1 ||  k1 0.6 ||  mus 600 ||  muz 1200 ||  u00 0.309 ||  u1 0 ||  vfb0 -1.25 ||  x2m 5 ||  x3ms 37.5 || 
meas:  comp1= 1.6794 ||  comp2= 1.6794 || 
*cost: 3.8914
para:  alpha 1 ||  k1 0.6 ||  mus 600 ||  muz 1200 ||  u00 0.309 ||  u1 0.25 ||  vfb0 -2 ||  x2m 5 ||  x3ms 37.5 || 
meas:  comp1= 1.9457 ||  comp2= 1.9457 || 
*cost: 2.8942
para:  alpha 1 ||  k1 0.6 ||  mus 600 ||  muz 1200 ||  u00 0.309 ||  u1 0.25 ||  vfb0 -1.25 ||  x2m 0 ||  x3ms 37.5 || 
meas:  comp1= 1.4471 ||  comp2= 1.4471 || 
*cost: 2.8624
para:  alpha 1 ||  k1 0.6 ||  mus 600 ||  muz 1200 ||  u00 0.309 ||  u1 0.25 ||  vfb0 -1.25 ||  x2m 5 ||  x3ms 25 || 
meas:  comp1= 1.4312 ||  comp2= 1.4312 || 
*cost: 0.103794
para:  alpha 1 ||  k1 0.62 ||  mus 600 ||  muz 1033 ||  u00 0.354 ||  u1 0.287 ||  vfb0 0.04 ||  x2m 5 ||  x3ms 37.3 || 
meas:  comp1= 0.051897 ||  comp2= 0.051897 || 
*cost: 1.63454
para:  alpha 1 ||  k1 0.65 ||  mus 600 ||  muz 574 ||  u00 0.365 ||  u1 0.292 ||  vfb0 1 ||  x2m 5 ||  x3ms 37.12 || 
meas:  comp1= 0.81727 ||  comp2= 0.81727 || 
*cost: 1.28258
para:  alpha 1 ||  k1 0.62 ||  mus 600 ||  muz 1202 ||  u00 0.369 ||  u1 0.303 ||  vfb0 0.65 ||  x2m 5 ||  x3ms 37.31 || 
meas:  comp1= 0.64129 ||  comp2= 0.64129 || 
*cost: 0.075018
para:  alpha 1 ||  k1 0.63 ||  mus 600 ||  muz 894 ||  u00 0.362 ||  u1 0.291 ||  vfb0 -0.08 ||  x2m 5 ||  x3ms 37.28 || 
meas:  comp1= 0.037509 ||  comp2= 0.037509 || 
*cost: 0.31474
para:  alpha 1 ||  k1 0.63 ||  mus 600 ||  muz 863 ||  u00 0.38 ||  u1 0.295 ||  vfb0 0.02 ||  x2m 5 ||  x3ms 37.26 || 
meas:  comp1= 0.15737 ||  comp2= 0.15737 || 
*cost: 0.090198
para:  alpha 1 ||  k1 0.63 ||  mus 600 ||  muz 888 ||  u00 0.337 ||  u1 0.256 ||  vfb0 -0.04 ||  x2m 5 ||  x3ms 37.3 || 
meas:  comp1= 0.045099 ||  comp2= 0.045099 || 
*cost: 0.184786
para:  alpha 1 ||  k1 0.63 ||  mus 600 ||  muz 880 ||  u00 0.364 ||  u1 0.304 ||  vfb0 -0.03 ||  x2m 5 ||  x3ms 37.27 || 
meas:  comp1= 0.092393 ||  comp2= 0.092393 || 
*cost: 0.042958
para:  alpha 1 ||  k1 0.61 ||  mus 600 ||  muz 888 ||  u00 0.361 ||  u1 0.281 ||  vfb0 -0.09 ||  x2m 5 ||  x3ms 37.2 || 
meas:  comp1= 0.021479 ||  comp2= 0.021479 || 
*cost: 0.033438
para:  alpha 1 ||  k1 0.62 ||  mus 600 ||  muz 879 ||  u00 0.36 ||  u1 0.261 ||  vfb0 -0.11 ||  x2m 5 ||  x3ms 37.23 || 
meas:  comp1= 0.016719 ||  comp2= 0.016719 || 
*cost: 0.115738
para:  alpha 1 ||  k1 0.62 ||  mus 600 ||  muz 894 ||  u00 0.358 ||  u1 0.26 ||  vfb0 -0.17 ||  x2m 5 ||  x3ms 37.83 || 
meas:  comp1= 0.057869 ||  comp2= 0.057869 || 
*cost: 0.02648
para:  alpha 1 ||  k1 0.62 ||  mus 600 ||  muz 886 ||  u00 0.359 ||  u1 0.26 ||  vfb0 -0.11 ||  x2m 5 ||  x3ms 36.03 || 
meas:  comp1= 0.01324 ||  comp2= 0.01324 || 
*cost: 0.116564
para:  alpha 1 ||  k1 0.62 ||  mus 600 ||  muz 871 ||  u00 0.361 ||  u1 0.261 ||  vfb0 -0.06 ||  x2m 5.23 ||  x3ms 35.96 || 
meas:  comp1= 0.058282 ||  comp2= 0.058282 || 
*cost: 0.038898
para:  alpha 1 ||  k1 0.62 ||  mus 600 ||  muz 877 ||  u00 0.358 ||  u1 0.264 ||  vfb0 -0.11 ||  x2m 4.53 ||  x3ms 36.01 || 
meas:  comp1= 0.019449 ||  comp2= 0.019449 || 
*cost: 0.129764
para:  alpha 1 ||  k1 0.62 ||  mus 600 ||  muz 901 ||  u00 0.357 ||  u1 0.26 ||  vfb0 -0.17 ||  x2m 4.76 ||  x3ms 36.1 || 
meas:  comp1= 0.064882 ||  comp2= 0.064882 || 
*cost: 0.112108
para:  alpha 1 ||  k1 0.62 ||  mus 600 ||  muz 902 ||  u00 0.359 ||  u1 0.264 ||  vfb0 -0.16 ||  x2m 5.31 ||  x3ms 35.94 || 
meas:  comp1= 0.056054 ||  comp2= 0.056054 || 
*cost: 0.031532
para:  alpha 1 ||  k1 0.62 ||  mus 629 ||  muz 885 ||  u00 0.358 ||  u1 0.261 ||  vfb0 -0.12 ||  x2m 5 ||  x3ms 36.03 || 
meas:  comp1= 0.015766 ||  comp2= 0.015766 || 
*cost: 0.066312
para:  alpha 1 ||  k1 0.62 ||  mus 593 ||  muz 893 ||  u00 0.362 ||  u1 0.249 ||  vfb0 -0.06 ||  x2m 4.8 ||  x3ms 36.13 || 
meas:  comp1= 0.033156 ||  comp2= 0.033156 || 
*cost: 0.129764
para:  alpha 1 ||  k1 0.62 ||  mus 585 ||  muz 901 ||  u00 0.357 ||  u1 0.26 ||  vfb0 -0.17 ||  x2m 5 ||  x3ms 36.1 || 
meas:  comp1= 0.064882 ||  comp2= 0.064882 || 
*cost: 0.058662
para:  alpha 1 ||  k1 0.62 ||  mus 598 ||  muz 861 ||  u00 0.361 ||  u1 0.266 ||  vfb0 -0.14 ||  x2m 4.9 ||  x3ms 35.83 || 
meas:  comp1= 0.029331 ||  comp2= 0.029331 || 
*cost: 0.115342
para:  alpha 1 ||  k1 0.63 ||  mus 600 ||  muz 901 ||  u00 0.357 ||  u1 0.26 ||  vfb0 -0.17 ||  x2m 5 ||  x3ms 36.1 || 
meas:  comp1= 0.057671 ||  comp2= 0.057671 || 
*cost: 0.060554
para:  alpha 1 ||  k1 0.61 ||  mus 599 ||  muz 877 ||  u00 0.353 ||  u1 0.264 ||  vfb0 -0.07 ||  x2m 4.88 ||  x3ms 35.78 || 
meas:  comp1= 0.030277 ||  comp2= 0.030277 || 
*cost: 0.041614
para:  alpha 1 ||  k1 0.62 ||  mus 600 ||  muz 907 ||  u00 0.36 ||  u1 0.263 ||  vfb0 -0.06 ||  x2m 5 ||  x3ms 36.12 || 
meas:  comp1= 0.020807 ||  comp2= 0.020807 || 
*cost: 0.109222
para:  alpha 1 ||  k1 0.63 ||  mus 603 ||  muz 883 ||  u00 0.36 ||  u1 0.269 ||  vfb0 -0.06 ||  x2m 4.76 ||  x3ms 36.11 || 
meas:  comp1= 0.054611 ||  comp2= 0.054611 || 
*cost: 0.024426
para:  alpha 1 ||  k1 0.62 ||  mus 600 ||  muz 879 ||  u00 0.358 ||  u1 0.25 ||  vfb0 -0.12 ||  x2m 4.96 ||  x3ms 36.04 || 
meas:  comp1= 0.012213 ||  comp2= 0.012213 || 
*cost: 0.0182514
para:  alpha 1 ||  k1 0.62 ||  mus 600 ||  muz 880 ||  u00 0.356 ||  u1 0.251 ||  vfb0 -0.11 ||  x2m 4.96 ||  x3ms 36.16 || 
meas:  comp1= 0.0091257 ||  comp2= 0.0091257 || 
*cost: 0.0189682
para:  alpha 1 ||  k1 0.62 ||  mus 597 ||  muz 877 ||  u00 0.354 ||  u1 0.253 ||  vfb0 -0.11 ||  x2m 4.94 ||  x3ms 36.28 || 
meas:  comp1= 0.0094841 ||  comp2= 0.0094841 || 
*cost: 0.015742
para:  alpha 1 ||  k1 0.62 ||  mus 600 ||  muz 879 ||  u00 0.355 ||  u1 0.249 ||  vfb0 -0.11 ||  x2m 4.96 ||  x3ms 36.11 || 
meas:  comp1= 0.007871 ||  comp2= 0.007871 || 
*cost: 0.0130688
para:  alpha 1 ||  k1 0.62 ||  mus 601 ||  muz 879 ||  u00 0.354 ||  u1 0.248 ||  vfb0 -0.11 ||  x2m 4.96 ||  x3ms 36.08 || 
meas:  comp1= 0.0065344 ||  comp2= 0.0065344 || 
*cost: 0.011355
para:  alpha 1 ||  k1 0.62 ||  mus 601 ||  muz 879 ||  u00 0.354 ||  u1 0.246 ||  vfb0 -0.11 ||  x2m 4.98 ||  x3ms 36.11 || 
meas:  comp1= 0.0056775 ||  comp2= 0.0056775 || 
*cost: 0.0089668
para:  alpha 1 ||  k1 0.62 ||  mus 601 ||  muz 878 ||  u00 0.353 ||  u1 0.244 ||  vfb0 -0.11 ||  x2m 4.97 ||  x3ms 36.04 || 
meas:  comp1= 0.0044834 ||  comp2= 0.0044834 || 
*cost: 0.0072342
para:  alpha 1 ||  k1 0.62 ||  mus 601 ||  muz 877 ||  u00 0.352 ||  u1 0.243 ||  vfb0 -0.11 ||  x2m 4.97 ||  x3ms 36.01 || 
meas:  comp1= 0.0036171 ||  comp2= 0.0036171 || 
*cost: 0.0075598
para:  alpha 1 ||  k1 0.62 ||  mus 600 ||  muz 877 ||  u00 0.353 ||  u1 0.241 ||  vfb0 -0.11 ||  x2m 4.97 ||  x3ms 35.94 || 
meas:  comp1= 0.0037799 ||  comp2= 0.0037799 || 
*cost: 0.006166
para:  alpha 1 ||  k1 0.62 ||  mus 601 ||  muz 878 ||  u00 0.352 ||  u1 0.241 ||  vfb0 -0.11 ||  x2m 4.95 ||  x3ms 36.01 || 
meas:  comp1= 0.003083 ||  comp2= 0.003083 || 
